<?xml version="1.0" encoding="utf-8"?>
<outputLog>
  <ApplicationId>726968e8-f344-4d6d-bfcf-665e72196781</ApplicationId>
  <FileLogs>
    <FileLog>
      <ProjectId>bfd76771-a987-412e-9685-99fd21b14ff6</ProjectId>
      <CorrelationId>Intent.VisualStudio.Projects.CoreWeb.AppSettings-Default#bfd76771-a987-412e-9685-99fd21b14ff6</CorrelationId>
      <OverwriteBehaviour>always</OverwriteBehaviour>
      <ApplicationRelativeFilePath>../../source/dotnet-cqrs-petclinic-rest/PetClinic.Api/appsettings.json</ApplicationRelativeFilePath>
      <ProjectRelativeFilePath>appsettings.json</ProjectRelativeFilePath>
      <IsIgnored>false</IsIgnored>
    </FileLog>
    <FileLog>
      <ProjectId>e04d8eda-7c46-4ec5-b6a8-f5ebb1c8b850</ProjectId>
      <CorrelationId>Intent.Application.Identity.ApplicationSecurityConfiguration</CorrelationId>
      <OverwriteBehaviour>always</OverwriteBehaviour>
      <ApplicationRelativeFilePath>../../source/dotnet-cqrs-petclinic-rest/PetClinic.Api/Configuration/ApplicationSecurityConfiguration.cs</ApplicationRelativeFilePath>
      <ProjectRelativeFilePath>ApplicationSecurityConfiguration.cs</ProjectRelativeFilePath>
      <IsIgnored>false</IsIgnored>
    </FileLog>
    <FileLog>
      <ProjectId>e04d8eda-7c46-4ec5-b6a8-f5ebb1c8b850</ProjectId>
      <CorrelationId>Intent.Modules.AspNetCore.Cors.CorsConfiguration</CorrelationId>
      <OverwriteBehaviour>always</OverwriteBehaviour>
      <ApplicationRelativeFilePath>../../source/dotnet-cqrs-petclinic-rest/PetClinic.Api/Configuration/CorsConfiguration.cs</ApplicationRelativeFilePath>
      <ProjectRelativeFilePath>CorsConfiguration.cs</ProjectRelativeFilePath>
      <IsIgnored>false</IsIgnored>
    </FileLog>
    <FileLog>
      <ProjectId>e04d8eda-7c46-4ec5-b6a8-f5ebb1c8b850</ProjectId>
      <CorrelationId>Intent.AspNetCore.Swashbuckle.SwashbuckleConfiguration</CorrelationId>
      <OverwriteBehaviour>always</OverwriteBehaviour>
      <ApplicationRelativeFilePath>../../source/dotnet-cqrs-petclinic-rest/PetClinic.Api/Configuration/SwashbuckleConfiguration.cs</ApplicationRelativeFilePath>
      <ProjectRelativeFilePath>SwashbuckleConfiguration.cs</ProjectRelativeFilePath>
      <IsIgnored>false</IsIgnored>
    </FileLog>
    <FileLog>
      <ProjectId>043bba6c-0b9f-4c66-bb8d-9c5134f6daac</ProjectId>
      <CorrelationId>Intent.AspNetCore.Controllers.Controller#a812ef7c-573b-468b-bef5-59b882194026</CorrelationId>
      <OverwriteBehaviour>always</OverwriteBehaviour>
      <ApplicationRelativeFilePath>../../source/dotnet-cqrs-petclinic-rest/PetClinic.Api/Controllers/OwnersController.cs</ApplicationRelativeFilePath>
      <ProjectRelativeFilePath>OwnersController.cs</ProjectRelativeFilePath>
      <IsIgnored>false</IsIgnored>
    </FileLog>
    <FileLog>
      <ProjectId>043bba6c-0b9f-4c66-bb8d-9c5134f6daac</ProjectId>
      <CorrelationId>Intent.AspNetCore.Controllers.Controller#113b639e-ba04-4fd7-a0a0-b1080fa00431</CorrelationId>
      <OverwriteBehaviour>always</OverwriteBehaviour>
      <ApplicationRelativeFilePath>../../source/dotnet-cqrs-petclinic-rest/PetClinic.Api/Controllers/PetsController.cs</ApplicationRelativeFilePath>
      <ProjectRelativeFilePath>PetsController.cs</ProjectRelativeFilePath>
      <IsIgnored>false</IsIgnored>
    </FileLog>
    <FileLog>
      <ProjectId>043bba6c-0b9f-4c66-bb8d-9c5134f6daac</ProjectId>
      <CorrelationId>Intent.AspNetCore.Controllers.Controller#722358a9-7d28-458f-8cc5-e22e3757bc5c</CorrelationId>
      <OverwriteBehaviour>always</OverwriteBehaviour>
      <ApplicationRelativeFilePath>../../source/dotnet-cqrs-petclinic-rest/PetClinic.Api/Controllers/PetTypesController.cs</ApplicationRelativeFilePath>
      <ProjectRelativeFilePath>PetTypesController.cs</ProjectRelativeFilePath>
      <IsIgnored>false</IsIgnored>
    </FileLog>
    <FileLog>
      <ProjectId>eb294343-9d47-4dde-8825-3a5893f9032f</ProjectId>
      <CorrelationId>Intent.AspNetCore.Controllers.JsonResponse</CorrelationId>
      <OverwriteBehaviour>always</OverwriteBehaviour>
      <ApplicationRelativeFilePath>../../source/dotnet-cqrs-petclinic-rest/PetClinic.Api/Controllers/ResponseTypes/JsonResponse.cs</ApplicationRelativeFilePath>
      <ProjectRelativeFilePath>JsonResponse.cs</ProjectRelativeFilePath>
      <IsIgnored>false</IsIgnored>
    </FileLog>
    <FileLog>
      <ProjectId>043bba6c-0b9f-4c66-bb8d-9c5134f6daac</ProjectId>
      <CorrelationId>Intent.AspNetCore.Controllers.Controller#6e45e37f-c13e-404c-b8cc-3058884948d4</CorrelationId>
      <OverwriteBehaviour>always</OverwriteBehaviour>
      <ApplicationRelativeFilePath>../../source/dotnet-cqrs-petclinic-rest/PetClinic.Api/Controllers/SpecialtiesController.cs</ApplicationRelativeFilePath>
      <ProjectRelativeFilePath>SpecialtiesController.cs</ProjectRelativeFilePath>
      <IsIgnored>false</IsIgnored>
    </FileLog>
    <FileLog>
      <ProjectId>043bba6c-0b9f-4c66-bb8d-9c5134f6daac</ProjectId>
      <CorrelationId>Intent.AspNetCore.Controllers.Controller#70dfd9bd-2063-4a5a-8f7d-cd822b0a9a9d</CorrelationId>
      <OverwriteBehaviour>always</OverwriteBehaviour>
      <ApplicationRelativeFilePath>../../source/dotnet-cqrs-petclinic-rest/PetClinic.Api/Controllers/VetsController.cs</ApplicationRelativeFilePath>
      <ProjectRelativeFilePath>VetsController.cs</ProjectRelativeFilePath>
      <IsIgnored>false</IsIgnored>
    </FileLog>
    <FileLog>
      <ProjectId>043bba6c-0b9f-4c66-bb8d-9c5134f6daac</ProjectId>
      <CorrelationId>Intent.AspNetCore.Controllers.Controller#c100c0e0-f58d-4dbf-80f5-d76207c34017</CorrelationId>
      <OverwriteBehaviour>always</OverwriteBehaviour>
      <ApplicationRelativeFilePath>../../source/dotnet-cqrs-petclinic-rest/PetClinic.Api/Controllers/VisitsController.cs</ApplicationRelativeFilePath>
      <ProjectRelativeFilePath>VisitsController.cs</ProjectRelativeFilePath>
      <IsIgnored>false</IsIgnored>
    </FileLog>
    <FileLog>
      <ProjectId>9e812962-81ac-41f7-8b17-f0c5c650776c</ProjectId>
      <CorrelationId>Intent.AspNetCore.Swashbuckle.AuthorizeCheckOperationFilter</CorrelationId>
      <OverwriteBehaviour>always</OverwriteBehaviour>
      <ApplicationRelativeFilePath>../../source/dotnet-cqrs-petclinic-rest/PetClinic.Api/Filters/AuthorizeCheckOperationFilter.cs</ApplicationRelativeFilePath>
      <ProjectRelativeFilePath>AuthorizeCheckOperationFilter.cs</ProjectRelativeFilePath>
      <IsIgnored>false</IsIgnored>
    </FileLog>
    <FileLog>
      <ProjectId>9e812962-81ac-41f7-8b17-f0c5c650776c</ProjectId>
      <CorrelationId>Intent.AspNetCore.Controllers.FluentValidation.FluentValidationFilter</CorrelationId>
      <OverwriteBehaviour>always</OverwriteBehaviour>
      <ApplicationRelativeFilePath>../../source/dotnet-cqrs-petclinic-rest/PetClinic.Api/Filters/FluentValidationFilter.cs</ApplicationRelativeFilePath>
      <ProjectRelativeFilePath>FluentValidationFilter.cs</ProjectRelativeFilePath>
      <IsIgnored>false</IsIgnored>
    </FileLog>
    <FileLog>
      <ProjectId>bfd76771-a987-412e-9685-99fd21b14ff6</ProjectId>
      <CorrelationId>Intent.VisualStudio.Projects.CSharpProject#bfd76771-a987-412e-9685-99fd21b14ff6</CorrelationId>
      <OverwriteBehaviour>always</OverwriteBehaviour>
      <ApplicationRelativeFilePath>../../source/dotnet-cqrs-petclinic-rest/PetClinic.Api/PetClinic.Api.csproj</ApplicationRelativeFilePath>
      <ProjectRelativeFilePath>PetClinic.Api.csproj</ProjectRelativeFilePath>
      <IsIgnored>false</IsIgnored>
    </FileLog>
    <FileLog>
      <ProjectId>bfd76771-a987-412e-9685-99fd21b14ff6</ProjectId>
      <CorrelationId>Intent.AspNetCore.Program</CorrelationId>
      <OverwriteBehaviour>always</OverwriteBehaviour>
      <ApplicationRelativeFilePath>../../source/dotnet-cqrs-petclinic-rest/PetClinic.Api/Program.cs</ApplicationRelativeFilePath>
      <ProjectRelativeFilePath>Program.cs</ProjectRelativeFilePath>
      <IsIgnored>false</IsIgnored>
    </FileLog>
    <FileLog>
      <ProjectId>bfd76771-a987-412e-9685-99fd21b14ff6</ProjectId>
      <CorrelationId>Intent.VisualStudio.Projects.CoreWeb.LaunchSettings#bfd76771-a987-412e-9685-99fd21b14ff6</CorrelationId>
      <OverwriteBehaviour>always</OverwriteBehaviour>
      <ApplicationRelativeFilePath>../../source/dotnet-cqrs-petclinic-rest/PetClinic.Api/Properties/launchsettings.json</ApplicationRelativeFilePath>
      <ProjectRelativeFilePath>Properties/launchsettings.json</ProjectRelativeFilePath>
      <IsIgnored>false</IsIgnored>
    </FileLog>
    <FileLog>
      <ProjectId>1119b620-9d07-4e3f-a1e7-acb1eaa4ad5e</ProjectId>
      <CorrelationId>Intent.Application.Identity.CurrentUserService</CorrelationId>
      <OverwriteBehaviour>always</OverwriteBehaviour>
      <ApplicationRelativeFilePath>../../source/dotnet-cqrs-petclinic-rest/PetClinic.Api/Services/CurrentUserService.cs</ApplicationRelativeFilePath>
      <ProjectRelativeFilePath>CurrentUserService.cs</ProjectRelativeFilePath>
      <IsIgnored>false</IsIgnored>
    </FileLog>
    <FileLog>
      <ProjectId>bfd76771-a987-412e-9685-99fd21b14ff6</ProjectId>
      <CorrelationId>Intent.AspNetCore.Startup</CorrelationId>
      <OverwriteBehaviour>always</OverwriteBehaviour>
      <ApplicationRelativeFilePath>../../source/dotnet-cqrs-petclinic-rest/PetClinic.Api/Startup.cs</ApplicationRelativeFilePath>
      <ProjectRelativeFilePath>Startup.cs</ProjectRelativeFilePath>
      <IsIgnored>true</IsIgnored>
    </FileLog>
    <FileLog>
      <ProjectId>7ebfe7d3-0ef4-4f13-b483-ce95ec36aae1</ProjectId>
      <CorrelationId>Intent.Application.MediatR.Behaviours.AuthorizationBehaviour</CorrelationId>
      <OverwriteBehaviour>always</OverwriteBehaviour>
      <ApplicationRelativeFilePath>../../source/dotnet-cqrs-petclinic-rest/PetClinic.Application/Common/Behaviours/AuthorizationBehaviour.cs</ApplicationRelativeFilePath>
      <ProjectRelativeFilePath>AuthorizationBehaviour.cs</ProjectRelativeFilePath>
      <IsIgnored>false</IsIgnored>
    </FileLog>
    <FileLog>
      <ProjectId>7ebfe7d3-0ef4-4f13-b483-ce95ec36aae1</ProjectId>
      <CorrelationId>Intent.Application.MediatR.Behaviours.LoggingBehaviour</CorrelationId>
      <OverwriteBehaviour>always</OverwriteBehaviour>
      <ApplicationRelativeFilePath>../../source/dotnet-cqrs-petclinic-rest/PetClinic.Application/Common/Behaviours/LoggingBehaviour.cs</ApplicationRelativeFilePath>
      <ProjectRelativeFilePath>LoggingBehaviour.cs</ProjectRelativeFilePath>
      <IsIgnored>false</IsIgnored>
    </FileLog>
    <FileLog>
      <ProjectId>7ebfe7d3-0ef4-4f13-b483-ce95ec36aae1</ProjectId>
      <CorrelationId>Intent.Application.MediatR.Behaviours.PerformanceBehaviour</CorrelationId>
      <OverwriteBehaviour>always</OverwriteBehaviour>
      <ApplicationRelativeFilePath>../../source/dotnet-cqrs-petclinic-rest/PetClinic.Application/Common/Behaviours/PerformanceBehaviour.cs</ApplicationRelativeFilePath>
      <ProjectRelativeFilePath>PerformanceBehaviour.cs</ProjectRelativeFilePath>
      <IsIgnored>false</IsIgnored>
    </FileLog>
    <FileLog>
      <ProjectId>7ebfe7d3-0ef4-4f13-b483-ce95ec36aae1</ProjectId>
      <CorrelationId>Intent.Application.MediatR.Behaviours.UnhandledExceptionBehaviour</CorrelationId>
      <OverwriteBehaviour>always</OverwriteBehaviour>
      <ApplicationRelativeFilePath>../../source/dotnet-cqrs-petclinic-rest/PetClinic.Application/Common/Behaviours/UnhandledExceptionBehaviour.cs</ApplicationRelativeFilePath>
      <ProjectRelativeFilePath>UnhandledExceptionBehaviour.cs</ProjectRelativeFilePath>
      <IsIgnored>false</IsIgnored>
    </FileLog>
    <FileLog>
      <ProjectId>7ebfe7d3-0ef4-4f13-b483-ce95ec36aae1</ProjectId>
      <CorrelationId>Intent.Application.MediatR.Behaviours.UnitOfWorkBehaviour</CorrelationId>
      <OverwriteBehaviour>always</OverwriteBehaviour>
      <ApplicationRelativeFilePath>../../source/dotnet-cqrs-petclinic-rest/PetClinic.Application/Common/Behaviours/UnitOfWorkBehaviour.cs</ApplicationRelativeFilePath>
      <ProjectRelativeFilePath>UnitOfWorkBehaviour.cs</ProjectRelativeFilePath>
      <IsIgnored>false</IsIgnored>
    </FileLog>
    <FileLog>
      <ProjectId>7ebfe7d3-0ef4-4f13-b483-ce95ec36aae1</ProjectId>
      <CorrelationId>Intent.Application.MediatR.FluentValidation.ValidationBehaviour</CorrelationId>
      <OverwriteBehaviour>always</OverwriteBehaviour>
      <ApplicationRelativeFilePath>../../source/dotnet-cqrs-petclinic-rest/PetClinic.Application/Common/Behaviours/ValidationBehaviour.cs</ApplicationRelativeFilePath>
      <ProjectRelativeFilePath>ValidationBehaviour.cs</ProjectRelativeFilePath>
      <IsIgnored>false</IsIgnored>
    </FileLog>
    <FileLog>
      <ProjectId>29123501-3df2-44b2-823a-7149db0ae62d</ProjectId>
      <CorrelationId>Intent.Application.Identity.ForbiddenAccessException</CorrelationId>
      <OverwriteBehaviour>always</OverwriteBehaviour>
      <ApplicationRelativeFilePath>../../source/dotnet-cqrs-petclinic-rest/PetClinic.Application/Common/Exceptions/ForbiddenAccessException.cs</ApplicationRelativeFilePath>
      <ProjectRelativeFilePath>ForbiddenAccessException.cs</ProjectRelativeFilePath>
      <IsIgnored>false</IsIgnored>
    </FileLog>
    <FileLog>
      <ProjectId>9f0be481-2cae-45df-98be-274d859be750</ProjectId>
      <CorrelationId>Intent.Application.MediatR.CommandInterface</CorrelationId>
      <OverwriteBehaviour>always</OverwriteBehaviour>
      <ApplicationRelativeFilePath>../../source/dotnet-cqrs-petclinic-rest/PetClinic.Application/Common/Interfaces/ICommand.cs</ApplicationRelativeFilePath>
      <ProjectRelativeFilePath>ICommand.cs</ProjectRelativeFilePath>
      <IsIgnored>false</IsIgnored>
    </FileLog>
    <FileLog>
      <ProjectId>9f0be481-2cae-45df-98be-274d859be750</ProjectId>
      <CorrelationId>Intent.Application.Identity.CurrentUserServiceInterface</CorrelationId>
      <OverwriteBehaviour>always</OverwriteBehaviour>
      <ApplicationRelativeFilePath>../../source/dotnet-cqrs-petclinic-rest/PetClinic.Application/Common/Interfaces/ICurrentUserService.cs</ApplicationRelativeFilePath>
      <ProjectRelativeFilePath>ICurrentUserService.cs</ProjectRelativeFilePath>
      <IsIgnored>false</IsIgnored>
    </FileLog>
    <FileLog>
      <ProjectId>9f0be481-2cae-45df-98be-274d859be750</ProjectId>
      <CorrelationId>Intent.Application.MediatR.QueryInterface</CorrelationId>
      <OverwriteBehaviour>always</OverwriteBehaviour>
      <ApplicationRelativeFilePath>../../source/dotnet-cqrs-petclinic-rest/PetClinic.Application/Common/Interfaces/IQuery.cs</ApplicationRelativeFilePath>
      <ProjectRelativeFilePath>IQuery.cs</ProjectRelativeFilePath>
      <IsIgnored>false</IsIgnored>
    </FileLog>
    <FileLog>
      <ProjectId>81bd9e5f-d28d-4a94-a52d-7c3e5f703bfc</ProjectId>
      <CorrelationId>Intent.Application.AutoMapper.MapFromInterface</CorrelationId>
      <OverwriteBehaviour>always</OverwriteBehaviour>
      <ApplicationRelativeFilePath>../../source/dotnet-cqrs-petclinic-rest/PetClinic.Application/Common/Mappings/IMapFrom.cs</ApplicationRelativeFilePath>
      <ProjectRelativeFilePath>IMapFrom.cs</ProjectRelativeFilePath>
      <IsIgnored>false</IsIgnored>
    </FileLog>
    <FileLog>
      <ProjectId>81bd9e5f-d28d-4a94-a52d-7c3e5f703bfc</ProjectId>
      <CorrelationId>Intent.Application.AutoMapper.MappingProfile</CorrelationId>
      <OverwriteBehaviour>always</OverwriteBehaviour>
      <ApplicationRelativeFilePath>../../source/dotnet-cqrs-petclinic-rest/PetClinic.Application/Common/Mappings/MappingProfile.cs</ApplicationRelativeFilePath>
      <ProjectRelativeFilePath>MappingProfile.cs</ProjectRelativeFilePath>
      <IsIgnored>false</IsIgnored>
    </FileLog>
    <FileLog>
      <ProjectId>a5982d95-6ee4-4bd2-ab1f-796fabfd46fc</ProjectId>
      <CorrelationId>Intent.Application.Identity.ResultModel</CorrelationId>
      <OverwriteBehaviour>always</OverwriteBehaviour>
      <ApplicationRelativeFilePath>../../source/dotnet-cqrs-petclinic-rest/PetClinic.Application/Common/Models/Result.cs</ApplicationRelativeFilePath>
      <ProjectRelativeFilePath>Result.cs</ProjectRelativeFilePath>
      <IsIgnored>false</IsIgnored>
    </FileLog>
    <FileLog>
      <ProjectId>fb02fd66-3074-4caa-a948-29c6827f98a4</ProjectId>
      <CorrelationId>Intent.Application.Dtos.Pagination.PagedResult</CorrelationId>
      <OverwriteBehaviour>always</OverwriteBehaviour>
      <ApplicationRelativeFilePath>../../source/dotnet-cqrs-petclinic-rest/PetClinic.Application/Common/Pagination/PagedResult.cs</ApplicationRelativeFilePath>
      <ProjectRelativeFilePath>PagedResult.cs</ProjectRelativeFilePath>
      <IsIgnored>false</IsIgnored>
    </FileLog>
    <FileLog>
      <ProjectId>fb02fd66-3074-4caa-a948-29c6827f98a4</ProjectId>
      <CorrelationId>Intent.Application.Dtos.Pagination.PagedResultMappingExtensions</CorrelationId>
      <OverwriteBehaviour>always</OverwriteBehaviour>
      <ApplicationRelativeFilePath>../../source/dotnet-cqrs-petclinic-rest/PetClinic.Application/Common/Pagination/PagedResultMappingExtensions.cs</ApplicationRelativeFilePath>
      <ProjectRelativeFilePath>PagedResultMappingExtensions.cs</ProjectRelativeFilePath>
      <IsIgnored>false</IsIgnored>
    </FileLog>
    <FileLog>
      <ProjectId>aaee2e9a-81c7-4177-9633-31cfc962d816</ProjectId>
      <CorrelationId>Intent.Application.Identity.AuthorizeAttribute</CorrelationId>
      <OverwriteBehaviour>always</OverwriteBehaviour>
      <ApplicationRelativeFilePath>../../source/dotnet-cqrs-petclinic-rest/PetClinic.Application/Common/Security/AuthorizeAttribute.cs</ApplicationRelativeFilePath>
      <ProjectRelativeFilePath>AuthorizeAttribute.cs</ProjectRelativeFilePath>
      <IsIgnored>false</IsIgnored>
    </FileLog>
    <FileLog>
      <ProjectId>e5ee929f-38f2-4cca-96b4-fc3423695e8f</ProjectId>
      <CorrelationId>Intent.Application.DependencyInjection.DependencyInjection</CorrelationId>
      <OverwriteBehaviour>always</OverwriteBehaviour>
      <ApplicationRelativeFilePath>../../source/dotnet-cqrs-petclinic-rest/PetClinic.Application/DependencyInjection.cs</ApplicationRelativeFilePath>
      <ProjectRelativeFilePath>DependencyInjection.cs</ProjectRelativeFilePath>
      <IsIgnored>false</IsIgnored>
    </FileLog>
    <FileLog>
      <ProjectId>e5ee929f-38f2-4cca-96b4-fc3423695e8f</ProjectId>
      <CorrelationId>Intent.Application.MediatR.CommandModels#e9cecb19-8082-4eaa-a45c-04e759b18a0a</CorrelationId>
      <OverwriteBehaviour>always</OverwriteBehaviour>
      <ApplicationRelativeFilePath>../../source/dotnet-cqrs-petclinic-rest/PetClinic.Application/Owners/CreateOwner/CreateOwnerCommand.cs</ApplicationRelativeFilePath>
      <ProjectRelativeFilePath>Owners/CreateOwner/CreateOwnerCommand.cs</ProjectRelativeFilePath>
      <IsIgnored>false</IsIgnored>
    </FileLog>
    <FileLog>
      <ProjectId>e5ee929f-38f2-4cca-96b4-fc3423695e8f</ProjectId>
      <CorrelationId>Intent.Application.MediatR.CommandHandler#e9cecb19-8082-4eaa-a45c-04e759b18a0a</CorrelationId>
      <OverwriteBehaviour>always</OverwriteBehaviour>
      <ApplicationRelativeFilePath>../../source/dotnet-cqrs-petclinic-rest/PetClinic.Application/Owners/CreateOwner/CreateOwnerCommandHandler.cs</ApplicationRelativeFilePath>
      <ProjectRelativeFilePath>Owners/CreateOwner/CreateOwnerCommandHandler.cs</ProjectRelativeFilePath>
      <IsIgnored>false</IsIgnored>
    </FileLog>
    <FileLog>
      <ProjectId>e5ee929f-38f2-4cca-96b4-fc3423695e8f</ProjectId>
      <CorrelationId>Intent.Application.MediatR.FluentValidation.CommandValidator#e9cecb19-8082-4eaa-a45c-04e759b18a0a</CorrelationId>
      <OverwriteBehaviour>always</OverwriteBehaviour>
      <ApplicationRelativeFilePath>../../source/dotnet-cqrs-petclinic-rest/PetClinic.Application/Owners/CreateOwner/CreateOwnerCommandValidator.cs</ApplicationRelativeFilePath>
      <ProjectRelativeFilePath>Owners/CreateOwner/CreateOwnerCommandValidator.cs</ProjectRelativeFilePath>
      <IsIgnored>false</IsIgnored>
    </FileLog>
    <FileLog>
      <ProjectId>e5ee929f-38f2-4cca-96b4-fc3423695e8f</ProjectId>
      <CorrelationId>Intent.Application.MediatR.CommandModels#b8233c82-689f-46ce-838b-be6e747e081b</CorrelationId>
      <OverwriteBehaviour>always</OverwriteBehaviour>
      <ApplicationRelativeFilePath>../../source/dotnet-cqrs-petclinic-rest/PetClinic.Application/Owners/DeleteOwner/DeleteOwnerCommand.cs</ApplicationRelativeFilePath>
      <ProjectRelativeFilePath>Owners/DeleteOwner/DeleteOwnerCommand.cs</ProjectRelativeFilePath>
      <IsIgnored>false</IsIgnored>
    </FileLog>
    <FileLog>
      <ProjectId>e5ee929f-38f2-4cca-96b4-fc3423695e8f</ProjectId>
      <CorrelationId>Intent.Application.MediatR.CommandHandler#b8233c82-689f-46ce-838b-be6e747e081b</CorrelationId>
      <OverwriteBehaviour>always</OverwriteBehaviour>
      <ApplicationRelativeFilePath>../../source/dotnet-cqrs-petclinic-rest/PetClinic.Application/Owners/DeleteOwner/DeleteOwnerCommandHandler.cs</ApplicationRelativeFilePath>
      <ProjectRelativeFilePath>Owners/DeleteOwner/DeleteOwnerCommandHandler.cs</ProjectRelativeFilePath>
      <IsIgnored>false</IsIgnored>
    </FileLog>
    <FileLog>
      <ProjectId>e5ee929f-38f2-4cca-96b4-fc3423695e8f</ProjectId>
      <CorrelationId>Intent.Application.MediatR.FluentValidation.CommandValidator#b8233c82-689f-46ce-838b-be6e747e081b</CorrelationId>
      <OverwriteBehaviour>always</OverwriteBehaviour>
      <ApplicationRelativeFilePath>../../source/dotnet-cqrs-petclinic-rest/PetClinic.Application/Owners/DeleteOwner/DeleteOwnerCommandValidator.cs</ApplicationRelativeFilePath>
      <ProjectRelativeFilePath>Owners/DeleteOwner/DeleteOwnerCommandValidator.cs</ProjectRelativeFilePath>
      <IsIgnored>false</IsIgnored>
    </FileLog>
    <FileLog>
      <ProjectId>e5ee929f-38f2-4cca-96b4-fc3423695e8f</ProjectId>
      <CorrelationId>Intent.Application.MediatR.QueryModels#34a8697c-0011-455a-a65d-27395d3058fe</CorrelationId>
      <OverwriteBehaviour>always</OverwriteBehaviour>
      <ApplicationRelativeFilePath>../../source/dotnet-cqrs-petclinic-rest/PetClinic.Application/Owners/GetOwnerById/GetOwnerByIdQuery.cs</ApplicationRelativeFilePath>
      <ProjectRelativeFilePath>Owners/GetOwnerById/GetOwnerByIdQuery.cs</ProjectRelativeFilePath>
      <IsIgnored>false</IsIgnored>
    </FileLog>
    <FileLog>
      <ProjectId>e5ee929f-38f2-4cca-96b4-fc3423695e8f</ProjectId>
      <CorrelationId>Intent.Application.MediatR.QueryHandler#34a8697c-0011-455a-a65d-27395d3058fe</CorrelationId>
      <OverwriteBehaviour>always</OverwriteBehaviour>
      <ApplicationRelativeFilePath>../../source/dotnet-cqrs-petclinic-rest/PetClinic.Application/Owners/GetOwnerById/GetOwnerByIdQueryHandler.cs</ApplicationRelativeFilePath>
      <ProjectRelativeFilePath>Owners/GetOwnerById/GetOwnerByIdQueryHandler.cs</ProjectRelativeFilePath>
      <IsIgnored>false</IsIgnored>
    </FileLog>
    <FileLog>
      <ProjectId>e5ee929f-38f2-4cca-96b4-fc3423695e8f</ProjectId>
      <CorrelationId>Intent.Application.MediatR.FluentValidation.QueryValidator#34a8697c-0011-455a-a65d-27395d3058fe</CorrelationId>
      <OverwriteBehaviour>always</OverwriteBehaviour>
      <ApplicationRelativeFilePath>../../source/dotnet-cqrs-petclinic-rest/PetClinic.Application/Owners/GetOwnerById/GetOwnerByIdQueryValidator.cs</ApplicationRelativeFilePath>
      <ProjectRelativeFilePath>Owners/GetOwnerById/GetOwnerByIdQueryValidator.cs</ProjectRelativeFilePath>
      <IsIgnored>false</IsIgnored>
    </FileLog>
    <FileLog>
      <ProjectId>e5ee929f-38f2-4cca-96b4-fc3423695e8f</ProjectId>
      <CorrelationId>Intent.Application.MediatR.QueryModels#08f2afc7-ea51-4e77-b769-27d09391b30c</CorrelationId>
      <OverwriteBehaviour>always</OverwriteBehaviour>
      <ApplicationRelativeFilePath>../../source/dotnet-cqrs-petclinic-rest/PetClinic.Application/Owners/GetOwnerByLastName/GetOwnerByLastName.cs</ApplicationRelativeFilePath>
      <ProjectRelativeFilePath>Owners/GetOwnerByLastName/GetOwnerByLastName.cs</ProjectRelativeFilePath>
      <IsIgnored>false</IsIgnored>
    </FileLog>
    <FileLog>
      <ProjectId>e5ee929f-38f2-4cca-96b4-fc3423695e8f</ProjectId>
      <CorrelationId>Intent.Application.MediatR.QueryHandler#08f2afc7-ea51-4e77-b769-27d09391b30c</CorrelationId>
      <OverwriteBehaviour>always</OverwriteBehaviour>
      <ApplicationRelativeFilePath>../../source/dotnet-cqrs-petclinic-rest/PetClinic.Application/Owners/GetOwnerByLastName/GetOwnerByLastNameHandler.cs</ApplicationRelativeFilePath>
      <ProjectRelativeFilePath>Owners/GetOwnerByLastName/GetOwnerByLastNameHandler.cs</ProjectRelativeFilePath>
      <IsIgnored>false</IsIgnored>
    </FileLog>
    <FileLog>
      <ProjectId>e5ee929f-38f2-4cca-96b4-fc3423695e8f</ProjectId>
      <CorrelationId>Intent.Application.MediatR.FluentValidation.QueryValidator#08f2afc7-ea51-4e77-b769-27d09391b30c</CorrelationId>
      <OverwriteBehaviour>always</OverwriteBehaviour>
      <ApplicationRelativeFilePath>../../source/dotnet-cqrs-petclinic-rest/PetClinic.Application/Owners/GetOwnerByLastName/GetOwnerByLastNameValidator.cs</ApplicationRelativeFilePath>
      <ProjectRelativeFilePath>Owners/GetOwnerByLastName/GetOwnerByLastNameValidator.cs</ProjectRelativeFilePath>
      <IsIgnored>false</IsIgnored>
    </FileLog>
    <FileLog>
      <ProjectId>e5ee929f-38f2-4cca-96b4-fc3423695e8f</ProjectId>
      <CorrelationId>Intent.Application.MediatR.QueryModels#733f53b6-a247-4f54-b67c-4da10b91b6c3</CorrelationId>
      <OverwriteBehaviour>always</OverwriteBehaviour>
      <ApplicationRelativeFilePath>../../source/dotnet-cqrs-petclinic-rest/PetClinic.Application/Owners/GetOwners/GetOwnersQuery.cs</ApplicationRelativeFilePath>
      <ProjectRelativeFilePath>Owners/GetOwners/GetOwnersQuery.cs</ProjectRelativeFilePath>
      <IsIgnored>false</IsIgnored>
    </FileLog>
    <FileLog>
      <ProjectId>e5ee929f-38f2-4cca-96b4-fc3423695e8f</ProjectId>
      <CorrelationId>Intent.Application.MediatR.QueryHandler#733f53b6-a247-4f54-b67c-4da10b91b6c3</CorrelationId>
      <OverwriteBehaviour>always</OverwriteBehaviour>
      <ApplicationRelativeFilePath>../../source/dotnet-cqrs-petclinic-rest/PetClinic.Application/Owners/GetOwners/GetOwnersQueryHandler.cs</ApplicationRelativeFilePath>
      <ProjectRelativeFilePath>Owners/GetOwners/GetOwnersQueryHandler.cs</ProjectRelativeFilePath>
      <IsIgnored>false</IsIgnored>
    </FileLog>
    <FileLog>
      <ProjectId>e5ee929f-38f2-4cca-96b4-fc3423695e8f</ProjectId>
      <CorrelationId>Intent.Application.MediatR.FluentValidation.QueryValidator#733f53b6-a247-4f54-b67c-4da10b91b6c3</CorrelationId>
      <OverwriteBehaviour>always</OverwriteBehaviour>
      <ApplicationRelativeFilePath>../../source/dotnet-cqrs-petclinic-rest/PetClinic.Application/Owners/GetOwners/GetOwnersQueryValidator.cs</ApplicationRelativeFilePath>
      <ProjectRelativeFilePath>Owners/GetOwners/GetOwnersQueryValidator.cs</ProjectRelativeFilePath>
      <IsIgnored>false</IsIgnored>
    </FileLog>
    <FileLog>
      <ProjectId>e5ee929f-38f2-4cca-96b4-fc3423695e8f</ProjectId>
      <CorrelationId>Intent.Application.Dtos.DtoModel#84f33710-d722-4d51-aec6-df61ea93daf6</CorrelationId>
      <OverwriteBehaviour>always</OverwriteBehaviour>
      <ApplicationRelativeFilePath>../../source/dotnet-cqrs-petclinic-rest/PetClinic.Application/Owners/OwnerDto.cs</ApplicationRelativeFilePath>
      <ProjectRelativeFilePath>Owners/OwnerDto.cs</ProjectRelativeFilePath>
      <IsIgnored>false</IsIgnored>
    </FileLog>
    <FileLog>
      <ProjectId>e5ee929f-38f2-4cca-96b4-fc3423695e8f</ProjectId>
      <CorrelationId>Intent.Application.Dtos.AutoMapper.MappingExtensions#84f33710-d722-4d51-aec6-df61ea93daf6</CorrelationId>
      <OverwriteBehaviour>always</OverwriteBehaviour>
      <ApplicationRelativeFilePath>../../source/dotnet-cqrs-petclinic-rest/PetClinic.Application/Owners/OwnerDtoMappingExtensions.cs</ApplicationRelativeFilePath>
      <ProjectRelativeFilePath>Owners/OwnerDtoMappingExtensions.cs</ProjectRelativeFilePath>
      <IsIgnored>false</IsIgnored>
    </FileLog>
    <FileLog>
      <ProjectId>e5ee929f-38f2-4cca-96b4-fc3423695e8f</ProjectId>
      <CorrelationId>Intent.Application.MediatR.CommandModels#5e71226b-cf0a-4a17-ba92-906f33660585</CorrelationId>
      <OverwriteBehaviour>always</OverwriteBehaviour>
      <ApplicationRelativeFilePath>../../source/dotnet-cqrs-petclinic-rest/PetClinic.Application/Owners/UpdateOwner/UpdateOwnerCommand.cs</ApplicationRelativeFilePath>
      <ProjectRelativeFilePath>Owners/UpdateOwner/UpdateOwnerCommand.cs</ProjectRelativeFilePath>
      <IsIgnored>false</IsIgnored>
    </FileLog>
    <FileLog>
      <ProjectId>e5ee929f-38f2-4cca-96b4-fc3423695e8f</ProjectId>
      <CorrelationId>Intent.Application.MediatR.CommandHandler#5e71226b-cf0a-4a17-ba92-906f33660585</CorrelationId>
      <OverwriteBehaviour>always</OverwriteBehaviour>
      <ApplicationRelativeFilePath>../../source/dotnet-cqrs-petclinic-rest/PetClinic.Application/Owners/UpdateOwner/UpdateOwnerCommandHandler.cs</ApplicationRelativeFilePath>
      <ProjectRelativeFilePath>Owners/UpdateOwner/UpdateOwnerCommandHandler.cs</ProjectRelativeFilePath>
      <IsIgnored>false</IsIgnored>
    </FileLog>
    <FileLog>
      <ProjectId>e5ee929f-38f2-4cca-96b4-fc3423695e8f</ProjectId>
      <CorrelationId>Intent.Application.MediatR.FluentValidation.CommandValidator#5e71226b-cf0a-4a17-ba92-906f33660585</CorrelationId>
      <OverwriteBehaviour>always</OverwriteBehaviour>
      <ApplicationRelativeFilePath>../../source/dotnet-cqrs-petclinic-rest/PetClinic.Application/Owners/UpdateOwner/UpdateOwnerCommandValidator.cs</ApplicationRelativeFilePath>
      <ProjectRelativeFilePath>Owners/UpdateOwner/UpdateOwnerCommandValidator.cs</ProjectRelativeFilePath>
      <IsIgnored>false</IsIgnored>
    </FileLog>
    <FileLog>
      <ProjectId>e5ee929f-38f2-4cca-96b4-fc3423695e8f</ProjectId>
      <CorrelationId>Intent.VisualStudio.Projects.CSharpProject#e5ee929f-38f2-4cca-96b4-fc3423695e8f</CorrelationId>
      <OverwriteBehaviour>always</OverwriteBehaviour>
      <ApplicationRelativeFilePath>../../source/dotnet-cqrs-petclinic-rest/PetClinic.Application/PetClinic.Application.csproj</ApplicationRelativeFilePath>
      <ProjectRelativeFilePath>PetClinic.Application.csproj</ProjectRelativeFilePath>
      <IsIgnored>false</IsIgnored>
    </FileLog>
    <FileLog>
      <ProjectId>e5ee929f-38f2-4cca-96b4-fc3423695e8f</ProjectId>
      <CorrelationId>Intent.Application.MediatR.CommandModels#7cedd937-87e9-448a-8276-5a4fac544c94</CorrelationId>
      <OverwriteBehaviour>always</OverwriteBehaviour>
      <ApplicationRelativeFilePath>../../source/dotnet-cqrs-petclinic-rest/PetClinic.Application/Pets/CreatePet/CreatePetCommand.cs</ApplicationRelativeFilePath>
      <ProjectRelativeFilePath>Pets/CreatePet/CreatePetCommand.cs</ProjectRelativeFilePath>
      <IsIgnored>false</IsIgnored>
    </FileLog>
    <FileLog>
      <ProjectId>e5ee929f-38f2-4cca-96b4-fc3423695e8f</ProjectId>
      <CorrelationId>Intent.Application.MediatR.CommandHandler#7cedd937-87e9-448a-8276-5a4fac544c94</CorrelationId>
      <OverwriteBehaviour>always</OverwriteBehaviour>
      <ApplicationRelativeFilePath>../../source/dotnet-cqrs-petclinic-rest/PetClinic.Application/Pets/CreatePet/CreatePetCommandHandler.cs</ApplicationRelativeFilePath>
      <ProjectRelativeFilePath>Pets/CreatePet/CreatePetCommandHandler.cs</ProjectRelativeFilePath>
      <IsIgnored>false</IsIgnored>
    </FileLog>
    <FileLog>
      <ProjectId>e5ee929f-38f2-4cca-96b4-fc3423695e8f</ProjectId>
      <CorrelationId>Intent.Application.MediatR.FluentValidation.CommandValidator#7cedd937-87e9-448a-8276-5a4fac544c94</CorrelationId>
      <OverwriteBehaviour>always</OverwriteBehaviour>
      <ApplicationRelativeFilePath>../../source/dotnet-cqrs-petclinic-rest/PetClinic.Application/Pets/CreatePet/CreatePetCommandValidator.cs</ApplicationRelativeFilePath>
      <ProjectRelativeFilePath>Pets/CreatePet/CreatePetCommandValidator.cs</ProjectRelativeFilePath>
      <IsIgnored>false</IsIgnored>
    </FileLog>
    <FileLog>
      <ProjectId>e5ee929f-38f2-4cca-96b4-fc3423695e8f</ProjectId>
      <CorrelationId>Intent.Application.MediatR.CommandModels#83dd8501-ccde-4b83-99f0-a557540abe26</CorrelationId>
      <OverwriteBehaviour>always</OverwriteBehaviour>
      <ApplicationRelativeFilePath>../../source/dotnet-cqrs-petclinic-rest/PetClinic.Application/Pets/DeletePet/DeletePetCommand.cs</ApplicationRelativeFilePath>
      <ProjectRelativeFilePath>Pets/DeletePet/DeletePetCommand.cs</ProjectRelativeFilePath>
      <IsIgnored>false</IsIgnored>
    </FileLog>
    <FileLog>
      <ProjectId>e5ee929f-38f2-4cca-96b4-fc3423695e8f</ProjectId>
      <CorrelationId>Intent.Application.MediatR.CommandHandler#83dd8501-ccde-4b83-99f0-a557540abe26</CorrelationId>
      <OverwriteBehaviour>always</OverwriteBehaviour>
      <ApplicationRelativeFilePath>../../source/dotnet-cqrs-petclinic-rest/PetClinic.Application/Pets/DeletePet/DeletePetCommandHandler.cs</ApplicationRelativeFilePath>
      <ProjectRelativeFilePath>Pets/DeletePet/DeletePetCommandHandler.cs</ProjectRelativeFilePath>
      <IsIgnored>false</IsIgnored>
    </FileLog>
    <FileLog>
      <ProjectId>e5ee929f-38f2-4cca-96b4-fc3423695e8f</ProjectId>
      <CorrelationId>Intent.Application.MediatR.FluentValidation.CommandValidator#83dd8501-ccde-4b83-99f0-a557540abe26</CorrelationId>
      <OverwriteBehaviour>always</OverwriteBehaviour>
      <ApplicationRelativeFilePath>../../source/dotnet-cqrs-petclinic-rest/PetClinic.Application/Pets/DeletePet/DeletePetCommandValidator.cs</ApplicationRelativeFilePath>
      <ProjectRelativeFilePath>Pets/DeletePet/DeletePetCommandValidator.cs</ProjectRelativeFilePath>
      <IsIgnored>false</IsIgnored>
    </FileLog>
    <FileLog>
      <ProjectId>e5ee929f-38f2-4cca-96b4-fc3423695e8f</ProjectId>
      <CorrelationId>Intent.Application.MediatR.QueryModels#3fccac1c-f85f-4287-85b1-a6a054e3d6eb</CorrelationId>
      <OverwriteBehaviour>always</OverwriteBehaviour>
      <ApplicationRelativeFilePath>../../source/dotnet-cqrs-petclinic-rest/PetClinic.Application/Pets/GetPetById/GetPetByIdQuery.cs</ApplicationRelativeFilePath>
      <ProjectRelativeFilePath>Pets/GetPetById/GetPetByIdQuery.cs</ProjectRelativeFilePath>
      <IsIgnored>false</IsIgnored>
    </FileLog>
    <FileLog>
      <ProjectId>e5ee929f-38f2-4cca-96b4-fc3423695e8f</ProjectId>
      <CorrelationId>Intent.Application.MediatR.QueryHandler#3fccac1c-f85f-4287-85b1-a6a054e3d6eb</CorrelationId>
      <OverwriteBehaviour>always</OverwriteBehaviour>
      <ApplicationRelativeFilePath>../../source/dotnet-cqrs-petclinic-rest/PetClinic.Application/Pets/GetPetById/GetPetByIdQueryHandler.cs</ApplicationRelativeFilePath>
      <ProjectRelativeFilePath>Pets/GetPetById/GetPetByIdQueryHandler.cs</ProjectRelativeFilePath>
      <IsIgnored>false</IsIgnored>
    </FileLog>
    <FileLog>
      <ProjectId>e5ee929f-38f2-4cca-96b4-fc3423695e8f</ProjectId>
      <CorrelationId>Intent.Application.MediatR.FluentValidation.QueryValidator#3fccac1c-f85f-4287-85b1-a6a054e3d6eb</CorrelationId>
      <OverwriteBehaviour>always</OverwriteBehaviour>
      <ApplicationRelativeFilePath>../../source/dotnet-cqrs-petclinic-rest/PetClinic.Application/Pets/GetPetById/GetPetByIdQueryValidator.cs</ApplicationRelativeFilePath>
      <ProjectRelativeFilePath>Pets/GetPetById/GetPetByIdQueryValidator.cs</ProjectRelativeFilePath>
      <IsIgnored>false</IsIgnored>
    </FileLog>
    <FileLog>
      <ProjectId>e5ee929f-38f2-4cca-96b4-fc3423695e8f</ProjectId>
      <CorrelationId>Intent.Application.Dtos.DtoModel#dc184f28-ce6f-4260-9b3b-2adc8817d6ff</CorrelationId>
      <OverwriteBehaviour>always</OverwriteBehaviour>
      <ApplicationRelativeFilePath>../../source/dotnet-cqrs-petclinic-rest/PetClinic.Application/Pets/PetDto.cs</ApplicationRelativeFilePath>
      <ProjectRelativeFilePath>Pets/PetDto.cs</ProjectRelativeFilePath>
      <IsIgnored>false</IsIgnored>
    </FileLog>
    <FileLog>
      <ProjectId>e5ee929f-38f2-4cca-96b4-fc3423695e8f</ProjectId>
      <CorrelationId>Intent.Application.Dtos.AutoMapper.MappingExtensions#dc184f28-ce6f-4260-9b3b-2adc8817d6ff</CorrelationId>
      <OverwriteBehaviour>always</OverwriteBehaviour>
      <ApplicationRelativeFilePath>../../source/dotnet-cqrs-petclinic-rest/PetClinic.Application/Pets/PetDtoMappingExtensions.cs</ApplicationRelativeFilePath>
      <ProjectRelativeFilePath>Pets/PetDtoMappingExtensions.cs</ProjectRelativeFilePath>
      <IsIgnored>false</IsIgnored>
    </FileLog>
    <FileLog>
      <ProjectId>e5ee929f-38f2-4cca-96b4-fc3423695e8f</ProjectId>
      <CorrelationId>Intent.Application.MediatR.CommandModels#b4d13fd6-6cab-489d-a5d1-d4d914ba2b01</CorrelationId>
      <OverwriteBehaviour>always</OverwriteBehaviour>
      <ApplicationRelativeFilePath>../../source/dotnet-cqrs-petclinic-rest/PetClinic.Application/Pets/UpdatePet/UpdatePetCommand.cs</ApplicationRelativeFilePath>
      <ProjectRelativeFilePath>Pets/UpdatePet/UpdatePetCommand.cs</ProjectRelativeFilePath>
      <IsIgnored>false</IsIgnored>
    </FileLog>
    <FileLog>
      <ProjectId>e5ee929f-38f2-4cca-96b4-fc3423695e8f</ProjectId>
      <CorrelationId>Intent.Application.MediatR.CommandHandler#b4d13fd6-6cab-489d-a5d1-d4d914ba2b01</CorrelationId>
      <OverwriteBehaviour>always</OverwriteBehaviour>
      <ApplicationRelativeFilePath>../../source/dotnet-cqrs-petclinic-rest/PetClinic.Application/Pets/UpdatePet/UpdatePetCommandHandler.cs</ApplicationRelativeFilePath>
      <ProjectRelativeFilePath>Pets/UpdatePet/UpdatePetCommandHandler.cs</ProjectRelativeFilePath>
      <IsIgnored>false</IsIgnored>
    </FileLog>
    <FileLog>
      <ProjectId>e5ee929f-38f2-4cca-96b4-fc3423695e8f</ProjectId>
      <CorrelationId>Intent.Application.MediatR.FluentValidation.CommandValidator#b4d13fd6-6cab-489d-a5d1-d4d914ba2b01</CorrelationId>
      <OverwriteBehaviour>always</OverwriteBehaviour>
      <ApplicationRelativeFilePath>../../source/dotnet-cqrs-petclinic-rest/PetClinic.Application/Pets/UpdatePet/UpdatePetCommandValidator.cs</ApplicationRelativeFilePath>
      <ProjectRelativeFilePath>Pets/UpdatePet/UpdatePetCommandValidator.cs</ProjectRelativeFilePath>
      <IsIgnored>false</IsIgnored>
    </FileLog>
    <FileLog>
      <ProjectId>e5ee929f-38f2-4cca-96b4-fc3423695e8f</ProjectId>
      <CorrelationId>Intent.Application.MediatR.CommandModels#30d98462-a4d4-4e26-b42b-b1e5aed7a7cb</CorrelationId>
      <OverwriteBehaviour>always</OverwriteBehaviour>
      <ApplicationRelativeFilePath>../../source/dotnet-cqrs-petclinic-rest/PetClinic.Application/PetTypes/CreatePetType/CreatePetTypeCommand.cs</ApplicationRelativeFilePath>
      <ProjectRelativeFilePath>PetTypes/CreatePetType/CreatePetTypeCommand.cs</ProjectRelativeFilePath>
      <IsIgnored>false</IsIgnored>
    </FileLog>
    <FileLog>
      <ProjectId>e5ee929f-38f2-4cca-96b4-fc3423695e8f</ProjectId>
      <CorrelationId>Intent.Application.MediatR.CommandHandler#30d98462-a4d4-4e26-b42b-b1e5aed7a7cb</CorrelationId>
      <OverwriteBehaviour>always</OverwriteBehaviour>
      <ApplicationRelativeFilePath>../../source/dotnet-cqrs-petclinic-rest/PetClinic.Application/PetTypes/CreatePetType/CreatePetTypeCommandHandler.cs</ApplicationRelativeFilePath>
      <ProjectRelativeFilePath>PetTypes/CreatePetType/CreatePetTypeCommandHandler.cs</ProjectRelativeFilePath>
      <IsIgnored>false</IsIgnored>
    </FileLog>
    <FileLog>
      <ProjectId>e5ee929f-38f2-4cca-96b4-fc3423695e8f</ProjectId>
      <CorrelationId>Intent.Application.MediatR.FluentValidation.CommandValidator#30d98462-a4d4-4e26-b42b-b1e5aed7a7cb</CorrelationId>
      <OverwriteBehaviour>always</OverwriteBehaviour>
      <ApplicationRelativeFilePath>../../source/dotnet-cqrs-petclinic-rest/PetClinic.Application/PetTypes/CreatePetType/CreatePetTypeCommandValidator.cs</ApplicationRelativeFilePath>
      <ProjectRelativeFilePath>PetTypes/CreatePetType/CreatePetTypeCommandValidator.cs</ProjectRelativeFilePath>
      <IsIgnored>false</IsIgnored>
    </FileLog>
    <FileLog>
      <ProjectId>e5ee929f-38f2-4cca-96b4-fc3423695e8f</ProjectId>
      <CorrelationId>Intent.Application.MediatR.CommandModels#7317ad31-ccab-40f2-b1df-9fded4971b23</CorrelationId>
      <OverwriteBehaviour>always</OverwriteBehaviour>
      <ApplicationRelativeFilePath>../../source/dotnet-cqrs-petclinic-rest/PetClinic.Application/PetTypes/DeletePetType/DeletePetTypeCommand.cs</ApplicationRelativeFilePath>
      <ProjectRelativeFilePath>PetTypes/DeletePetType/DeletePetTypeCommand.cs</ProjectRelativeFilePath>
      <IsIgnored>false</IsIgnored>
    </FileLog>
    <FileLog>
      <ProjectId>e5ee929f-38f2-4cca-96b4-fc3423695e8f</ProjectId>
      <CorrelationId>Intent.Application.MediatR.CommandHandler#7317ad31-ccab-40f2-b1df-9fded4971b23</CorrelationId>
      <OverwriteBehaviour>always</OverwriteBehaviour>
      <ApplicationRelativeFilePath>../../source/dotnet-cqrs-petclinic-rest/PetClinic.Application/PetTypes/DeletePetType/DeletePetTypeCommandHandler.cs</ApplicationRelativeFilePath>
      <ProjectRelativeFilePath>PetTypes/DeletePetType/DeletePetTypeCommandHandler.cs</ProjectRelativeFilePath>
      <IsIgnored>false</IsIgnored>
    </FileLog>
    <FileLog>
      <ProjectId>e5ee929f-38f2-4cca-96b4-fc3423695e8f</ProjectId>
      <CorrelationId>Intent.Application.MediatR.FluentValidation.CommandValidator#7317ad31-ccab-40f2-b1df-9fded4971b23</CorrelationId>
      <OverwriteBehaviour>always</OverwriteBehaviour>
      <ApplicationRelativeFilePath>../../source/dotnet-cqrs-petclinic-rest/PetClinic.Application/PetTypes/DeletePetType/DeletePetTypeCommandValidator.cs</ApplicationRelativeFilePath>
      <ProjectRelativeFilePath>PetTypes/DeletePetType/DeletePetTypeCommandValidator.cs</ProjectRelativeFilePath>
      <IsIgnored>false</IsIgnored>
    </FileLog>
    <FileLog>
      <ProjectId>e5ee929f-38f2-4cca-96b4-fc3423695e8f</ProjectId>
      <CorrelationId>Intent.Application.MediatR.QueryModels#cfc31202-bab4-4533-a0b6-9b3c2c8d30ee</CorrelationId>
      <OverwriteBehaviour>always</OverwriteBehaviour>
      <ApplicationRelativeFilePath>../../source/dotnet-cqrs-petclinic-rest/PetClinic.Application/PetTypes/GetPetTypeById/GetPetTypeByIdQuery.cs</ApplicationRelativeFilePath>
      <ProjectRelativeFilePath>PetTypes/GetPetTypeById/GetPetTypeByIdQuery.cs</ProjectRelativeFilePath>
      <IsIgnored>false</IsIgnored>
    </FileLog>
    <FileLog>
      <ProjectId>e5ee929f-38f2-4cca-96b4-fc3423695e8f</ProjectId>
      <CorrelationId>Intent.Application.MediatR.QueryHandler#cfc31202-bab4-4533-a0b6-9b3c2c8d30ee</CorrelationId>
      <OverwriteBehaviour>always</OverwriteBehaviour>
      <ApplicationRelativeFilePath>../../source/dotnet-cqrs-petclinic-rest/PetClinic.Application/PetTypes/GetPetTypeById/GetPetTypeByIdQueryHandler.cs</ApplicationRelativeFilePath>
      <ProjectRelativeFilePath>PetTypes/GetPetTypeById/GetPetTypeByIdQueryHandler.cs</ProjectRelativeFilePath>
      <IsIgnored>false</IsIgnored>
    </FileLog>
    <FileLog>
      <ProjectId>e5ee929f-38f2-4cca-96b4-fc3423695e8f</ProjectId>
      <CorrelationId>Intent.Application.MediatR.FluentValidation.QueryValidator#cfc31202-bab4-4533-a0b6-9b3c2c8d30ee</CorrelationId>
      <OverwriteBehaviour>always</OverwriteBehaviour>
      <ApplicationRelativeFilePath>../../source/dotnet-cqrs-petclinic-rest/PetClinic.Application/PetTypes/GetPetTypeById/GetPetTypeByIdQueryValidator.cs</ApplicationRelativeFilePath>
      <ProjectRelativeFilePath>PetTypes/GetPetTypeById/GetPetTypeByIdQueryValidator.cs</ProjectRelativeFilePath>
      <IsIgnored>false</IsIgnored>
    </FileLog>
    <FileLog>
      <ProjectId>e5ee929f-38f2-4cca-96b4-fc3423695e8f</ProjectId>
      <CorrelationId>Intent.Application.MediatR.QueryModels#787b9bff-5f80-41f1-ba90-656ce51b9c5e</CorrelationId>
      <OverwriteBehaviour>always</OverwriteBehaviour>
      <ApplicationRelativeFilePath>../../source/dotnet-cqrs-petclinic-rest/PetClinic.Application/PetTypes/GetPetTypes/GetPetTypesQuery.cs</ApplicationRelativeFilePath>
      <ProjectRelativeFilePath>PetTypes/GetPetTypes/GetPetTypesQuery.cs</ProjectRelativeFilePath>
      <IsIgnored>false</IsIgnored>
    </FileLog>
    <FileLog>
      <ProjectId>e5ee929f-38f2-4cca-96b4-fc3423695e8f</ProjectId>
      <CorrelationId>Intent.Application.MediatR.QueryHandler#787b9bff-5f80-41f1-ba90-656ce51b9c5e</CorrelationId>
      <OverwriteBehaviour>always</OverwriteBehaviour>
      <ApplicationRelativeFilePath>../../source/dotnet-cqrs-petclinic-rest/PetClinic.Application/PetTypes/GetPetTypes/GetPetTypesQueryHandler.cs</ApplicationRelativeFilePath>
      <ProjectRelativeFilePath>PetTypes/GetPetTypes/GetPetTypesQueryHandler.cs</ProjectRelativeFilePath>
      <IsIgnored>false</IsIgnored>
    </FileLog>
    <FileLog>
      <ProjectId>e5ee929f-38f2-4cca-96b4-fc3423695e8f</ProjectId>
      <CorrelationId>Intent.Application.MediatR.FluentValidation.QueryValidator#787b9bff-5f80-41f1-ba90-656ce51b9c5e</CorrelationId>
      <OverwriteBehaviour>always</OverwriteBehaviour>
      <ApplicationRelativeFilePath>../../source/dotnet-cqrs-petclinic-rest/PetClinic.Application/PetTypes/GetPetTypes/GetPetTypesQueryValidator.cs</ApplicationRelativeFilePath>
      <ProjectRelativeFilePath>PetTypes/GetPetTypes/GetPetTypesQueryValidator.cs</ProjectRelativeFilePath>
      <IsIgnored>false</IsIgnored>
    </FileLog>
    <FileLog>
      <ProjectId>e5ee929f-38f2-4cca-96b4-fc3423695e8f</ProjectId>
      <CorrelationId>Intent.Application.Dtos.DtoModel#4b3980cd-893a-4fe1-93f4-c69e6f64bb49</CorrelationId>
      <OverwriteBehaviour>always</OverwriteBehaviour>
      <ApplicationRelativeFilePath>../../source/dotnet-cqrs-petclinic-rest/PetClinic.Application/PetTypes/PetTypeDto.cs</ApplicationRelativeFilePath>
      <ProjectRelativeFilePath>PetTypes/PetTypeDto.cs</ProjectRelativeFilePath>
      <IsIgnored>false</IsIgnored>
    </FileLog>
    <FileLog>
      <ProjectId>e5ee929f-38f2-4cca-96b4-fc3423695e8f</ProjectId>
      <CorrelationId>Intent.Application.Dtos.AutoMapper.MappingExtensions#4b3980cd-893a-4fe1-93f4-c69e6f64bb49</CorrelationId>
      <OverwriteBehaviour>always</OverwriteBehaviour>
      <ApplicationRelativeFilePath>../../source/dotnet-cqrs-petclinic-rest/PetClinic.Application/PetTypes/PetTypeDtoMappingExtensions.cs</ApplicationRelativeFilePath>
      <ProjectRelativeFilePath>PetTypes/PetTypeDtoMappingExtensions.cs</ProjectRelativeFilePath>
      <IsIgnored>false</IsIgnored>
    </FileLog>
    <FileLog>
      <ProjectId>e5ee929f-38f2-4cca-96b4-fc3423695e8f</ProjectId>
      <CorrelationId>Intent.Application.MediatR.CommandModels#e2675344-b1ef-4803-a255-aba90edd2a9e</CorrelationId>
      <OverwriteBehaviour>always</OverwriteBehaviour>
      <ApplicationRelativeFilePath>../../source/dotnet-cqrs-petclinic-rest/PetClinic.Application/PetTypes/UpdatePetType/UpdatePetTypeCommand.cs</ApplicationRelativeFilePath>
      <ProjectRelativeFilePath>PetTypes/UpdatePetType/UpdatePetTypeCommand.cs</ProjectRelativeFilePath>
      <IsIgnored>false</IsIgnored>
    </FileLog>
    <FileLog>
      <ProjectId>e5ee929f-38f2-4cca-96b4-fc3423695e8f</ProjectId>
      <CorrelationId>Intent.Application.MediatR.CommandHandler#e2675344-b1ef-4803-a255-aba90edd2a9e</CorrelationId>
      <OverwriteBehaviour>always</OverwriteBehaviour>
      <ApplicationRelativeFilePath>../../source/dotnet-cqrs-petclinic-rest/PetClinic.Application/PetTypes/UpdatePetType/UpdatePetTypeCommandHandler.cs</ApplicationRelativeFilePath>
      <ProjectRelativeFilePath>PetTypes/UpdatePetType/UpdatePetTypeCommandHandler.cs</ProjectRelativeFilePath>
      <IsIgnored>false</IsIgnored>
    </FileLog>
    <FileLog>
      <ProjectId>e5ee929f-38f2-4cca-96b4-fc3423695e8f</ProjectId>
      <CorrelationId>Intent.Application.MediatR.FluentValidation.CommandValidator#e2675344-b1ef-4803-a255-aba90edd2a9e</CorrelationId>
      <OverwriteBehaviour>always</OverwriteBehaviour>
      <ApplicationRelativeFilePath>../../source/dotnet-cqrs-petclinic-rest/PetClinic.Application/PetTypes/UpdatePetType/UpdatePetTypeCommandValidator.cs</ApplicationRelativeFilePath>
      <ProjectRelativeFilePath>PetTypes/UpdatePetType/UpdatePetTypeCommandValidator.cs</ProjectRelativeFilePath>
      <IsIgnored>false</IsIgnored>
    </FileLog>
    <FileLog>
      <ProjectId>e5ee929f-38f2-4cca-96b4-fc3423695e8f</ProjectId>
      <CorrelationId>Intent.Application.MediatR.CommandModels#2499c8e6-fd7c-41f2-971e-997ef62ce062</CorrelationId>
      <OverwriteBehaviour>always</OverwriteBehaviour>
      <ApplicationRelativeFilePath>../../source/dotnet-cqrs-petclinic-rest/PetClinic.Application/Specialties/CreateSpecialty/CreateSpecialtyCommand.cs</ApplicationRelativeFilePath>
      <ProjectRelativeFilePath>Specialties/CreateSpecialty/CreateSpecialtyCommand.cs</ProjectRelativeFilePath>
      <IsIgnored>false</IsIgnored>
    </FileLog>
    <FileLog>
      <ProjectId>e5ee929f-38f2-4cca-96b4-fc3423695e8f</ProjectId>
      <CorrelationId>Intent.Application.MediatR.CommandHandler#2499c8e6-fd7c-41f2-971e-997ef62ce062</CorrelationId>
      <OverwriteBehaviour>always</OverwriteBehaviour>
      <ApplicationRelativeFilePath>../../source/dotnet-cqrs-petclinic-rest/PetClinic.Application/Specialties/CreateSpecialty/CreateSpecialtyCommandHandler.cs</ApplicationRelativeFilePath>
      <ProjectRelativeFilePath>Specialties/CreateSpecialty/CreateSpecialtyCommandHandler.cs</ProjectRelativeFilePath>
      <IsIgnored>false</IsIgnored>
    </FileLog>
    <FileLog>
      <ProjectId>e5ee929f-38f2-4cca-96b4-fc3423695e8f</ProjectId>
      <CorrelationId>Intent.Application.MediatR.FluentValidation.CommandValidator#2499c8e6-fd7c-41f2-971e-997ef62ce062</CorrelationId>
      <OverwriteBehaviour>always</OverwriteBehaviour>
      <ApplicationRelativeFilePath>../../source/dotnet-cqrs-petclinic-rest/PetClinic.Application/Specialties/CreateSpecialty/CreateSpecialtyCommandValidator.cs</ApplicationRelativeFilePath>
      <ProjectRelativeFilePath>Specialties/CreateSpecialty/CreateSpecialtyCommandValidator.cs</ProjectRelativeFilePath>
      <IsIgnored>false</IsIgnored>
    </FileLog>
    <FileLog>
      <ProjectId>e5ee929f-38f2-4cca-96b4-fc3423695e8f</ProjectId>
      <CorrelationId>Intent.Application.MediatR.CommandModels#c85c5106-c27b-4653-ae14-51d5d00ea3d4</CorrelationId>
      <OverwriteBehaviour>always</OverwriteBehaviour>
      <ApplicationRelativeFilePath>../../source/dotnet-cqrs-petclinic-rest/PetClinic.Application/Specialties/DeleteSpecialty/DeleteSpecialtyCommand.cs</ApplicationRelativeFilePath>
      <ProjectRelativeFilePath>Specialties/DeleteSpecialty/DeleteSpecialtyCommand.cs</ProjectRelativeFilePath>
      <IsIgnored>false</IsIgnored>
    </FileLog>
    <FileLog>
      <ProjectId>e5ee929f-38f2-4cca-96b4-fc3423695e8f</ProjectId>
      <CorrelationId>Intent.Application.MediatR.CommandHandler#c85c5106-c27b-4653-ae14-51d5d00ea3d4</CorrelationId>
      <OverwriteBehaviour>always</OverwriteBehaviour>
      <ApplicationRelativeFilePath>../../source/dotnet-cqrs-petclinic-rest/PetClinic.Application/Specialties/DeleteSpecialty/DeleteSpecialtyCommandHandler.cs</ApplicationRelativeFilePath>
      <ProjectRelativeFilePath>Specialties/DeleteSpecialty/DeleteSpecialtyCommandHandler.cs</ProjectRelativeFilePath>
      <IsIgnored>false</IsIgnored>
    </FileLog>
    <FileLog>
      <ProjectId>e5ee929f-38f2-4cca-96b4-fc3423695e8f</ProjectId>
      <CorrelationId>Intent.Application.MediatR.FluentValidation.CommandValidator#c85c5106-c27b-4653-ae14-51d5d00ea3d4</CorrelationId>
      <OverwriteBehaviour>always</OverwriteBehaviour>
      <ApplicationRelativeFilePath>../../source/dotnet-cqrs-petclinic-rest/PetClinic.Application/Specialties/DeleteSpecialty/DeleteSpecialtyCommandValidator.cs</ApplicationRelativeFilePath>
      <ProjectRelativeFilePath>Specialties/DeleteSpecialty/DeleteSpecialtyCommandValidator.cs</ProjectRelativeFilePath>
      <IsIgnored>false</IsIgnored>
    </FileLog>
    <FileLog>
      <ProjectId>e5ee929f-38f2-4cca-96b4-fc3423695e8f</ProjectId>
      <CorrelationId>Intent.Application.MediatR.QueryModels#f732902a-edea-478d-a442-aef6ed12f305</CorrelationId>
      <OverwriteBehaviour>always</OverwriteBehaviour>
      <ApplicationRelativeFilePath>../../source/dotnet-cqrs-petclinic-rest/PetClinic.Application/Specialties/GetSpecialties/GetSpecialtiesQuery.cs</ApplicationRelativeFilePath>
      <ProjectRelativeFilePath>Specialties/GetSpecialties/GetSpecialtiesQuery.cs</ProjectRelativeFilePath>
      <IsIgnored>false</IsIgnored>
    </FileLog>
    <FileLog>
      <ProjectId>e5ee929f-38f2-4cca-96b4-fc3423695e8f</ProjectId>
      <CorrelationId>Intent.Application.MediatR.QueryHandler#f732902a-edea-478d-a442-aef6ed12f305</CorrelationId>
      <OverwriteBehaviour>always</OverwriteBehaviour>
      <ApplicationRelativeFilePath>../../source/dotnet-cqrs-petclinic-rest/PetClinic.Application/Specialties/GetSpecialties/GetSpecialtiesQueryHandler.cs</ApplicationRelativeFilePath>
      <ProjectRelativeFilePath>Specialties/GetSpecialties/GetSpecialtiesQueryHandler.cs</ProjectRelativeFilePath>
      <IsIgnored>false</IsIgnored>
    </FileLog>
    <FileLog>
      <ProjectId>e5ee929f-38f2-4cca-96b4-fc3423695e8f</ProjectId>
      <CorrelationId>Intent.Application.MediatR.FluentValidation.QueryValidator#f732902a-edea-478d-a442-aef6ed12f305</CorrelationId>
      <OverwriteBehaviour>always</OverwriteBehaviour>
      <ApplicationRelativeFilePath>../../source/dotnet-cqrs-petclinic-rest/PetClinic.Application/Specialties/GetSpecialties/GetSpecialtiesQueryValidator.cs</ApplicationRelativeFilePath>
      <ProjectRelativeFilePath>Specialties/GetSpecialties/GetSpecialtiesQueryValidator.cs</ProjectRelativeFilePath>
      <IsIgnored>false</IsIgnored>
    </FileLog>
    <FileLog>
      <ProjectId>e5ee929f-38f2-4cca-96b4-fc3423695e8f</ProjectId>
      <CorrelationId>Intent.Application.MediatR.QueryModels#9cccc668-659e-48ce-9a63-53cc0c5cb37f</CorrelationId>
      <OverwriteBehaviour>always</OverwriteBehaviour>
      <ApplicationRelativeFilePath>../../source/dotnet-cqrs-petclinic-rest/PetClinic.Application/Specialties/GetSpecialtyById/GetSpecialtyByIdQuery.cs</ApplicationRelativeFilePath>
      <ProjectRelativeFilePath>Specialties/GetSpecialtyById/GetSpecialtyByIdQuery.cs</ProjectRelativeFilePath>
      <IsIgnored>false</IsIgnored>
    </FileLog>
    <FileLog>
      <ProjectId>e5ee929f-38f2-4cca-96b4-fc3423695e8f</ProjectId>
      <CorrelationId>Intent.Application.MediatR.QueryHandler#9cccc668-659e-48ce-9a63-53cc0c5cb37f</CorrelationId>
      <OverwriteBehaviour>always</OverwriteBehaviour>
      <ApplicationRelativeFilePath>../../source/dotnet-cqrs-petclinic-rest/PetClinic.Application/Specialties/GetSpecialtyById/GetSpecialtyByIdQueryHandler.cs</ApplicationRelativeFilePath>
      <ProjectRelativeFilePath>Specialties/GetSpecialtyById/GetSpecialtyByIdQueryHandler.cs</ProjectRelativeFilePath>
      <IsIgnored>false</IsIgnored>
    </FileLog>
    <FileLog>
      <ProjectId>e5ee929f-38f2-4cca-96b4-fc3423695e8f</ProjectId>
      <CorrelationId>Intent.Application.MediatR.FluentValidation.QueryValidator#9cccc668-659e-48ce-9a63-53cc0c5cb37f</CorrelationId>
      <OverwriteBehaviour>always</OverwriteBehaviour>
      <ApplicationRelativeFilePath>../../source/dotnet-cqrs-petclinic-rest/PetClinic.Application/Specialties/GetSpecialtyById/GetSpecialtyByIdQueryValidator.cs</ApplicationRelativeFilePath>
      <ProjectRelativeFilePath>Specialties/GetSpecialtyById/GetSpecialtyByIdQueryValidator.cs</ProjectRelativeFilePath>
      <IsIgnored>false</IsIgnored>
    </FileLog>
    <FileLog>
      <ProjectId>e5ee929f-38f2-4cca-96b4-fc3423695e8f</ProjectId>
      <CorrelationId>Intent.Application.Dtos.DtoModel#3e212534-10a7-4b48-b6a2-65c485060f0a</CorrelationId>
      <OverwriteBehaviour>always</OverwriteBehaviour>
      <ApplicationRelativeFilePath>../../source/dotnet-cqrs-petclinic-rest/PetClinic.Application/Specialties/SpecialtyDto.cs</ApplicationRelativeFilePath>
      <ProjectRelativeFilePath>Specialties/SpecialtyDto.cs</ProjectRelativeFilePath>
      <IsIgnored>false</IsIgnored>
    </FileLog>
    <FileLog>
      <ProjectId>e5ee929f-38f2-4cca-96b4-fc3423695e8f</ProjectId>
      <CorrelationId>Intent.Application.Dtos.AutoMapper.MappingExtensions#3e212534-10a7-4b48-b6a2-65c485060f0a</CorrelationId>
      <OverwriteBehaviour>always</OverwriteBehaviour>
      <ApplicationRelativeFilePath>../../source/dotnet-cqrs-petclinic-rest/PetClinic.Application/Specialties/SpecialtyDtoMappingExtensions.cs</ApplicationRelativeFilePath>
      <ProjectRelativeFilePath>Specialties/SpecialtyDtoMappingExtensions.cs</ProjectRelativeFilePath>
      <IsIgnored>false</IsIgnored>
    </FileLog>
    <FileLog>
      <ProjectId>e5ee929f-38f2-4cca-96b4-fc3423695e8f</ProjectId>
      <CorrelationId>Intent.Application.MediatR.CommandModels#d645f477-adab-482b-a82c-efaed17f3513</CorrelationId>
      <OverwriteBehaviour>always</OverwriteBehaviour>
      <ApplicationRelativeFilePath>../../source/dotnet-cqrs-petclinic-rest/PetClinic.Application/Specialties/UpdateSpecialty/UpdateSpecialtyCommand.cs</ApplicationRelativeFilePath>
      <ProjectRelativeFilePath>Specialties/UpdateSpecialty/UpdateSpecialtyCommand.cs</ProjectRelativeFilePath>
      <IsIgnored>false</IsIgnored>
    </FileLog>
    <FileLog>
      <ProjectId>e5ee929f-38f2-4cca-96b4-fc3423695e8f</ProjectId>
      <CorrelationId>Intent.Application.MediatR.CommandHandler#d645f477-adab-482b-a82c-efaed17f3513</CorrelationId>
      <OverwriteBehaviour>always</OverwriteBehaviour>
      <ApplicationRelativeFilePath>../../source/dotnet-cqrs-petclinic-rest/PetClinic.Application/Specialties/UpdateSpecialty/UpdateSpecialtyCommandHandler.cs</ApplicationRelativeFilePath>
      <ProjectRelativeFilePath>Specialties/UpdateSpecialty/UpdateSpecialtyCommandHandler.cs</ProjectRelativeFilePath>
      <IsIgnored>false</IsIgnored>
    </FileLog>
    <FileLog>
      <ProjectId>e5ee929f-38f2-4cca-96b4-fc3423695e8f</ProjectId>
      <CorrelationId>Intent.Application.MediatR.FluentValidation.CommandValidator#d645f477-adab-482b-a82c-efaed17f3513</CorrelationId>
      <OverwriteBehaviour>always</OverwriteBehaviour>
      <ApplicationRelativeFilePath>../../source/dotnet-cqrs-petclinic-rest/PetClinic.Application/Specialties/UpdateSpecialty/UpdateSpecialtyCommandValidator.cs</ApplicationRelativeFilePath>
      <ProjectRelativeFilePath>Specialties/UpdateSpecialty/UpdateSpecialtyCommandValidator.cs</ProjectRelativeFilePath>
      <IsIgnored>false</IsIgnored>
    </FileLog>
    <FileLog>
      <ProjectId>e5ee929f-38f2-4cca-96b4-fc3423695e8f</ProjectId>
      <CorrelationId>Intent.Application.MediatR.CommandModels#322d5953-db99-4663-85cb-b743a9d7949b</CorrelationId>
      <OverwriteBehaviour>always</OverwriteBehaviour>
      <ApplicationRelativeFilePath>../../source/dotnet-cqrs-petclinic-rest/PetClinic.Application/Vets/CreateVet/CreateVetCommand.cs</ApplicationRelativeFilePath>
      <ProjectRelativeFilePath>Vets/CreateVet/CreateVetCommand.cs</ProjectRelativeFilePath>
      <IsIgnored>false</IsIgnored>
    </FileLog>
    <FileLog>
      <ProjectId>e5ee929f-38f2-4cca-96b4-fc3423695e8f</ProjectId>
      <CorrelationId>Intent.Application.MediatR.CommandHandler#322d5953-db99-4663-85cb-b743a9d7949b</CorrelationId>
      <OverwriteBehaviour>always</OverwriteBehaviour>
      <ApplicationRelativeFilePath>../../source/dotnet-cqrs-petclinic-rest/PetClinic.Application/Vets/CreateVet/CreateVetCommandHandler.cs</ApplicationRelativeFilePath>
      <ProjectRelativeFilePath>Vets/CreateVet/CreateVetCommandHandler.cs</ProjectRelativeFilePath>
      <IsIgnored>false</IsIgnored>
    </FileLog>
    <FileLog>
      <ProjectId>e5ee929f-38f2-4cca-96b4-fc3423695e8f</ProjectId>
      <CorrelationId>Intent.Application.MediatR.FluentValidation.CommandValidator#322d5953-db99-4663-85cb-b743a9d7949b</CorrelationId>
      <OverwriteBehaviour>always</OverwriteBehaviour>
      <ApplicationRelativeFilePath>../../source/dotnet-cqrs-petclinic-rest/PetClinic.Application/Vets/CreateVet/CreateVetCommandValidator.cs</ApplicationRelativeFilePath>
      <ProjectRelativeFilePath>Vets/CreateVet/CreateVetCommandValidator.cs</ProjectRelativeFilePath>
      <IsIgnored>false</IsIgnored>
    </FileLog>
    <FileLog>
      <ProjectId>e5ee929f-38f2-4cca-96b4-fc3423695e8f</ProjectId>
      <CorrelationId>Intent.Application.MediatR.CommandModels#3f26134a-6b78-4a13-8c23-75b1113a842d</CorrelationId>
      <OverwriteBehaviour>always</OverwriteBehaviour>
      <ApplicationRelativeFilePath>../../source/dotnet-cqrs-petclinic-rest/PetClinic.Application/Vets/DeleteVet/DeleteVetCommand.cs</ApplicationRelativeFilePath>
      <ProjectRelativeFilePath>Vets/DeleteVet/DeleteVetCommand.cs</ProjectRelativeFilePath>
      <IsIgnored>false</IsIgnored>
    </FileLog>
    <FileLog>
      <ProjectId>e5ee929f-38f2-4cca-96b4-fc3423695e8f</ProjectId>
      <CorrelationId>Intent.Application.MediatR.CommandHandler#3f26134a-6b78-4a13-8c23-75b1113a842d</CorrelationId>
      <OverwriteBehaviour>always</OverwriteBehaviour>
      <ApplicationRelativeFilePath>../../source/dotnet-cqrs-petclinic-rest/PetClinic.Application/Vets/DeleteVet/DeleteVetCommandHandler.cs</ApplicationRelativeFilePath>
      <ProjectRelativeFilePath>Vets/DeleteVet/DeleteVetCommandHandler.cs</ProjectRelativeFilePath>
      <IsIgnored>false</IsIgnored>
    </FileLog>
    <FileLog>
      <ProjectId>e5ee929f-38f2-4cca-96b4-fc3423695e8f</ProjectId>
      <CorrelationId>Intent.Application.MediatR.FluentValidation.CommandValidator#3f26134a-6b78-4a13-8c23-75b1113a842d</CorrelationId>
      <OverwriteBehaviour>always</OverwriteBehaviour>
      <ApplicationRelativeFilePath>../../source/dotnet-cqrs-petclinic-rest/PetClinic.Application/Vets/DeleteVet/DeleteVetCommandValidator.cs</ApplicationRelativeFilePath>
      <ProjectRelativeFilePath>Vets/DeleteVet/DeleteVetCommandValidator.cs</ProjectRelativeFilePath>
      <IsIgnored>false</IsIgnored>
    </FileLog>
    <FileLog>
      <ProjectId>e5ee929f-38f2-4cca-96b4-fc3423695e8f</ProjectId>
      <CorrelationId>Intent.Application.MediatR.QueryModels#748f1c5a-279b-409d-936c-203ae6caa060</CorrelationId>
      <OverwriteBehaviour>always</OverwriteBehaviour>
      <ApplicationRelativeFilePath>../../source/dotnet-cqrs-petclinic-rest/PetClinic.Application/Vets/GetVetById/GetVetByIdQuery.cs</ApplicationRelativeFilePath>
      <ProjectRelativeFilePath>Vets/GetVetById/GetVetByIdQuery.cs</ProjectRelativeFilePath>
      <IsIgnored>false</IsIgnored>
    </FileLog>
    <FileLog>
      <ProjectId>e5ee929f-38f2-4cca-96b4-fc3423695e8f</ProjectId>
      <CorrelationId>Intent.Application.MediatR.QueryHandler#748f1c5a-279b-409d-936c-203ae6caa060</CorrelationId>
      <OverwriteBehaviour>always</OverwriteBehaviour>
      <ApplicationRelativeFilePath>../../source/dotnet-cqrs-petclinic-rest/PetClinic.Application/Vets/GetVetById/GetVetByIdQueryHandler.cs</ApplicationRelativeFilePath>
      <ProjectRelativeFilePath>Vets/GetVetById/GetVetByIdQueryHandler.cs</ProjectRelativeFilePath>
      <IsIgnored>false</IsIgnored>
    </FileLog>
    <FileLog>
      <ProjectId>e5ee929f-38f2-4cca-96b4-fc3423695e8f</ProjectId>
      <CorrelationId>Intent.Application.MediatR.FluentValidation.QueryValidator#748f1c5a-279b-409d-936c-203ae6caa060</CorrelationId>
      <OverwriteBehaviour>always</OverwriteBehaviour>
      <ApplicationRelativeFilePath>../../source/dotnet-cqrs-petclinic-rest/PetClinic.Application/Vets/GetVetById/GetVetByIdQueryValidator.cs</ApplicationRelativeFilePath>
      <ProjectRelativeFilePath>Vets/GetVetById/GetVetByIdQueryValidator.cs</ProjectRelativeFilePath>
      <IsIgnored>false</IsIgnored>
    </FileLog>
    <FileLog>
      <ProjectId>e5ee929f-38f2-4cca-96b4-fc3423695e8f</ProjectId>
      <CorrelationId>Intent.Application.MediatR.QueryModels#3a6ed58e-e48b-4e4d-af68-da40788b99b2</CorrelationId>
      <OverwriteBehaviour>always</OverwriteBehaviour>
      <ApplicationRelativeFilePath>../../source/dotnet-cqrs-petclinic-rest/PetClinic.Application/Vets/GetVets/GetVetsQuery.cs</ApplicationRelativeFilePath>
      <ProjectRelativeFilePath>Vets/GetVets/GetVetsQuery.cs</ProjectRelativeFilePath>
      <IsIgnored>false</IsIgnored>
    </FileLog>
    <FileLog>
      <ProjectId>e5ee929f-38f2-4cca-96b4-fc3423695e8f</ProjectId>
      <CorrelationId>Intent.Application.MediatR.QueryHandler#3a6ed58e-e48b-4e4d-af68-da40788b99b2</CorrelationId>
      <OverwriteBehaviour>always</OverwriteBehaviour>
      <ApplicationRelativeFilePath>../../source/dotnet-cqrs-petclinic-rest/PetClinic.Application/Vets/GetVets/GetVetsQueryHandler.cs</ApplicationRelativeFilePath>
      <ProjectRelativeFilePath>Vets/GetVets/GetVetsQueryHandler.cs</ProjectRelativeFilePath>
      <IsIgnored>false</IsIgnored>
    </FileLog>
    <FileLog>
      <ProjectId>e5ee929f-38f2-4cca-96b4-fc3423695e8f</ProjectId>
      <CorrelationId>Intent.Application.MediatR.FluentValidation.QueryValidator#3a6ed58e-e48b-4e4d-af68-da40788b99b2</CorrelationId>
      <OverwriteBehaviour>always</OverwriteBehaviour>
      <ApplicationRelativeFilePath>../../source/dotnet-cqrs-petclinic-rest/PetClinic.Application/Vets/GetVets/GetVetsQueryValidator.cs</ApplicationRelativeFilePath>
      <ProjectRelativeFilePath>Vets/GetVets/GetVetsQueryValidator.cs</ProjectRelativeFilePath>
      <IsIgnored>false</IsIgnored>
    </FileLog>
    <FileLog>
      <ProjectId>e5ee929f-38f2-4cca-96b4-fc3423695e8f</ProjectId>
      <CorrelationId>Intent.Application.MediatR.CommandModels#968ca3b5-7bfe-4ca7-8192-5d686be27044</CorrelationId>
      <OverwriteBehaviour>always</OverwriteBehaviour>
      <ApplicationRelativeFilePath>../../source/dotnet-cqrs-petclinic-rest/PetClinic.Application/Vets/UpdateVet/UpdateVetCommand.cs</ApplicationRelativeFilePath>
      <ProjectRelativeFilePath>Vets/UpdateVet/UpdateVetCommand.cs</ProjectRelativeFilePath>
      <IsIgnored>false</IsIgnored>
    </FileLog>
    <FileLog>
      <ProjectId>e5ee929f-38f2-4cca-96b4-fc3423695e8f</ProjectId>
      <CorrelationId>Intent.Application.MediatR.CommandHandler#968ca3b5-7bfe-4ca7-8192-5d686be27044</CorrelationId>
      <OverwriteBehaviour>always</OverwriteBehaviour>
      <ApplicationRelativeFilePath>../../source/dotnet-cqrs-petclinic-rest/PetClinic.Application/Vets/UpdateVet/UpdateVetCommandHandler.cs</ApplicationRelativeFilePath>
      <ProjectRelativeFilePath>Vets/UpdateVet/UpdateVetCommandHandler.cs</ProjectRelativeFilePath>
      <IsIgnored>false</IsIgnored>
    </FileLog>
    <FileLog>
      <ProjectId>e5ee929f-38f2-4cca-96b4-fc3423695e8f</ProjectId>
      <CorrelationId>Intent.Application.MediatR.FluentValidation.CommandValidator#968ca3b5-7bfe-4ca7-8192-5d686be27044</CorrelationId>
      <OverwriteBehaviour>always</OverwriteBehaviour>
      <ApplicationRelativeFilePath>../../source/dotnet-cqrs-petclinic-rest/PetClinic.Application/Vets/UpdateVet/UpdateVetCommandValidator.cs</ApplicationRelativeFilePath>
      <ProjectRelativeFilePath>Vets/UpdateVet/UpdateVetCommandValidator.cs</ProjectRelativeFilePath>
      <IsIgnored>false</IsIgnored>
    </FileLog>
    <FileLog>
      <ProjectId>e5ee929f-38f2-4cca-96b4-fc3423695e8f</ProjectId>
      <CorrelationId>Intent.Application.Dtos.DtoModel#98d2ef2b-1980-4c74-bb14-fc458a61d240</CorrelationId>
      <OverwriteBehaviour>always</OverwriteBehaviour>
      <ApplicationRelativeFilePath>../../source/dotnet-cqrs-petclinic-rest/PetClinic.Application/Vets/VetDto.cs</ApplicationRelativeFilePath>
      <ProjectRelativeFilePath>Vets/VetDto.cs</ProjectRelativeFilePath>
      <IsIgnored>false</IsIgnored>
    </FileLog>
    <FileLog>
      <ProjectId>e5ee929f-38f2-4cca-96b4-fc3423695e8f</ProjectId>
      <CorrelationId>Intent.Application.Dtos.AutoMapper.MappingExtensions#98d2ef2b-1980-4c74-bb14-fc458a61d240</CorrelationId>
      <OverwriteBehaviour>always</OverwriteBehaviour>
      <ApplicationRelativeFilePath>../../source/dotnet-cqrs-petclinic-rest/PetClinic.Application/Vets/VetDtoMappingExtensions.cs</ApplicationRelativeFilePath>
      <ProjectRelativeFilePath>Vets/VetDtoMappingExtensions.cs</ProjectRelativeFilePath>
      <IsIgnored>false</IsIgnored>
    </FileLog>
    <FileLog>
      <ProjectId>e5ee929f-38f2-4cca-96b4-fc3423695e8f</ProjectId>
      <CorrelationId>Intent.Application.MediatR.CommandModels#254475b5-d590-4218-a727-d1cafcfb0c3c</CorrelationId>
      <OverwriteBehaviour>always</OverwriteBehaviour>
      <ApplicationRelativeFilePath>../../source/dotnet-cqrs-petclinic-rest/PetClinic.Application/Visits/CreateVisit/CreateVisitCommand.cs</ApplicationRelativeFilePath>
      <ProjectRelativeFilePath>Visits/CreateVisit/CreateVisitCommand.cs</ProjectRelativeFilePath>
      <IsIgnored>false</IsIgnored>
    </FileLog>
    <FileLog>
      <ProjectId>e5ee929f-38f2-4cca-96b4-fc3423695e8f</ProjectId>
      <CorrelationId>Intent.Application.MediatR.CommandHandler#254475b5-d590-4218-a727-d1cafcfb0c3c</CorrelationId>
      <OverwriteBehaviour>always</OverwriteBehaviour>
      <ApplicationRelativeFilePath>../../source/dotnet-cqrs-petclinic-rest/PetClinic.Application/Visits/CreateVisit/CreateVisitCommandHandler.cs</ApplicationRelativeFilePath>
      <ProjectRelativeFilePath>Visits/CreateVisit/CreateVisitCommandHandler.cs</ProjectRelativeFilePath>
      <IsIgnored>false</IsIgnored>
    </FileLog>
    <FileLog>
      <ProjectId>e5ee929f-38f2-4cca-96b4-fc3423695e8f</ProjectId>
      <CorrelationId>Intent.Application.MediatR.FluentValidation.CommandValidator#254475b5-d590-4218-a727-d1cafcfb0c3c</CorrelationId>
      <OverwriteBehaviour>always</OverwriteBehaviour>
      <ApplicationRelativeFilePath>../../source/dotnet-cqrs-petclinic-rest/PetClinic.Application/Visits/CreateVisit/CreateVisitCommandValidator.cs</ApplicationRelativeFilePath>
      <ProjectRelativeFilePath>Visits/CreateVisit/CreateVisitCommandValidator.cs</ProjectRelativeFilePath>
      <IsIgnored>false</IsIgnored>
    </FileLog>
    <FileLog>
      <ProjectId>e5ee929f-38f2-4cca-96b4-fc3423695e8f</ProjectId>
      <CorrelationId>Intent.Application.MediatR.CommandModels#8b769189-e9c4-4a18-9923-5e877657a4df</CorrelationId>
      <OverwriteBehaviour>always</OverwriteBehaviour>
      <ApplicationRelativeFilePath>../../source/dotnet-cqrs-petclinic-rest/PetClinic.Application/Visits/DeleteVisit/DeleteVisitCommand.cs</ApplicationRelativeFilePath>
      <ProjectRelativeFilePath>Visits/DeleteVisit/DeleteVisitCommand.cs</ProjectRelativeFilePath>
      <IsIgnored>false</IsIgnored>
    </FileLog>
    <FileLog>
      <ProjectId>e5ee929f-38f2-4cca-96b4-fc3423695e8f</ProjectId>
      <CorrelationId>Intent.Application.MediatR.CommandHandler#8b769189-e9c4-4a18-9923-5e877657a4df</CorrelationId>
      <OverwriteBehaviour>always</OverwriteBehaviour>
      <ApplicationRelativeFilePath>../../source/dotnet-cqrs-petclinic-rest/PetClinic.Application/Visits/DeleteVisit/DeleteVisitCommandHandler.cs</ApplicationRelativeFilePath>
      <ProjectRelativeFilePath>Visits/DeleteVisit/DeleteVisitCommandHandler.cs</ProjectRelativeFilePath>
      <IsIgnored>false</IsIgnored>
    </FileLog>
    <FileLog>
      <ProjectId>e5ee929f-38f2-4cca-96b4-fc3423695e8f</ProjectId>
      <CorrelationId>Intent.Application.MediatR.FluentValidation.CommandValidator#8b769189-e9c4-4a18-9923-5e877657a4df</CorrelationId>
      <OverwriteBehaviour>always</OverwriteBehaviour>
      <ApplicationRelativeFilePath>../../source/dotnet-cqrs-petclinic-rest/PetClinic.Application/Visits/DeleteVisit/DeleteVisitCommandValidator.cs</ApplicationRelativeFilePath>
      <ProjectRelativeFilePath>Visits/DeleteVisit/DeleteVisitCommandValidator.cs</ProjectRelativeFilePath>
      <IsIgnored>false</IsIgnored>
    </FileLog>
    <FileLog>
      <ProjectId>e5ee929f-38f2-4cca-96b4-fc3423695e8f</ProjectId>
      <CorrelationId>Intent.Application.MediatR.QueryModels#b7b1d02b-416c-4d2a-86b8-ac71c48c68c7</CorrelationId>
      <OverwriteBehaviour>always</OverwriteBehaviour>
      <ApplicationRelativeFilePath>../../source/dotnet-cqrs-petclinic-rest/PetClinic.Application/Visits/GetVisitById/GetVisitByIdQuery.cs</ApplicationRelativeFilePath>
      <ProjectRelativeFilePath>Visits/GetVisitById/GetVisitByIdQuery.cs</ProjectRelativeFilePath>
      <IsIgnored>false</IsIgnored>
    </FileLog>
    <FileLog>
      <ProjectId>e5ee929f-38f2-4cca-96b4-fc3423695e8f</ProjectId>
      <CorrelationId>Intent.Application.MediatR.QueryHandler#b7b1d02b-416c-4d2a-86b8-ac71c48c68c7</CorrelationId>
      <OverwriteBehaviour>always</OverwriteBehaviour>
      <ApplicationRelativeFilePath>../../source/dotnet-cqrs-petclinic-rest/PetClinic.Application/Visits/GetVisitById/GetVisitByIdQueryHandler.cs</ApplicationRelativeFilePath>
      <ProjectRelativeFilePath>Visits/GetVisitById/GetVisitByIdQueryHandler.cs</ProjectRelativeFilePath>
      <IsIgnored>false</IsIgnored>
    </FileLog>
    <FileLog>
      <ProjectId>e5ee929f-38f2-4cca-96b4-fc3423695e8f</ProjectId>
      <CorrelationId>Intent.Application.MediatR.FluentValidation.QueryValidator#b7b1d02b-416c-4d2a-86b8-ac71c48c68c7</CorrelationId>
      <OverwriteBehaviour>always</OverwriteBehaviour>
      <ApplicationRelativeFilePath>../../source/dotnet-cqrs-petclinic-rest/PetClinic.Application/Visits/GetVisitById/GetVisitByIdQueryValidator.cs</ApplicationRelativeFilePath>
      <ProjectRelativeFilePath>Visits/GetVisitById/GetVisitByIdQueryValidator.cs</ProjectRelativeFilePath>
      <IsIgnored>false</IsIgnored>
    </FileLog>
    <FileLog>
      <ProjectId>e5ee929f-38f2-4cca-96b4-fc3423695e8f</ProjectId>
      <CorrelationId>Intent.Application.MediatR.CommandModels#8b3b76c9-498f-4354-8ad2-2d75f390ddc3</CorrelationId>
      <OverwriteBehaviour>always</OverwriteBehaviour>
      <ApplicationRelativeFilePath>../../source/dotnet-cqrs-petclinic-rest/PetClinic.Application/Visits/UpdateVisit/UpdateVisitCommand.cs</ApplicationRelativeFilePath>
      <ProjectRelativeFilePath>Visits/UpdateVisit/UpdateVisitCommand.cs</ProjectRelativeFilePath>
      <IsIgnored>false</IsIgnored>
    </FileLog>
    <FileLog>
      <ProjectId>e5ee929f-38f2-4cca-96b4-fc3423695e8f</ProjectId>
      <CorrelationId>Intent.Application.MediatR.CommandHandler#8b3b76c9-498f-4354-8ad2-2d75f390ddc3</CorrelationId>
      <OverwriteBehaviour>always</OverwriteBehaviour>
      <ApplicationRelativeFilePath>../../source/dotnet-cqrs-petclinic-rest/PetClinic.Application/Visits/UpdateVisit/UpdateVisitCommandHandler.cs</ApplicationRelativeFilePath>
      <ProjectRelativeFilePath>Visits/UpdateVisit/UpdateVisitCommandHandler.cs</ProjectRelativeFilePath>
      <IsIgnored>false</IsIgnored>
    </FileLog>
    <FileLog>
      <ProjectId>e5ee929f-38f2-4cca-96b4-fc3423695e8f</ProjectId>
      <CorrelationId>Intent.Application.MediatR.FluentValidation.CommandValidator#8b3b76c9-498f-4354-8ad2-2d75f390ddc3</CorrelationId>
      <OverwriteBehaviour>always</OverwriteBehaviour>
      <ApplicationRelativeFilePath>../../source/dotnet-cqrs-petclinic-rest/PetClinic.Application/Visits/UpdateVisit/UpdateVisitCommandValidator.cs</ApplicationRelativeFilePath>
      <ProjectRelativeFilePath>Visits/UpdateVisit/UpdateVisitCommandValidator.cs</ProjectRelativeFilePath>
      <IsIgnored>false</IsIgnored>
    </FileLog>
    <FileLog>
      <ProjectId>e5ee929f-38f2-4cca-96b4-fc3423695e8f</ProjectId>
      <CorrelationId>Intent.Application.Dtos.DtoModel#ed765ed4-2e38-409c-8498-c4dd7518cd42</CorrelationId>
      <OverwriteBehaviour>always</OverwriteBehaviour>
      <ApplicationRelativeFilePath>../../source/dotnet-cqrs-petclinic-rest/PetClinic.Application/Visits/VisitDto.cs</ApplicationRelativeFilePath>
      <ProjectRelativeFilePath>Visits/VisitDto.cs</ProjectRelativeFilePath>
      <IsIgnored>false</IsIgnored>
    </FileLog>
    <FileLog>
      <ProjectId>e5ee929f-38f2-4cca-96b4-fc3423695e8f</ProjectId>
      <CorrelationId>Intent.Application.Dtos.AutoMapper.MappingExtensions#ed765ed4-2e38-409c-8498-c4dd7518cd42</CorrelationId>
      <OverwriteBehaviour>always</OverwriteBehaviour>
      <ApplicationRelativeFilePath>../../source/dotnet-cqrs-petclinic-rest/PetClinic.Application/Visits/VisitDtoMappingExtensions.cs</ApplicationRelativeFilePath>
      <ProjectRelativeFilePath>Visits/VisitDtoMappingExtensions.cs</ProjectRelativeFilePath>
      <IsIgnored>false</IsIgnored>
    </FileLog>
    <FileLog>
      <ProjectId>c2e7b685-1af3-4d43-8d45-527b8d6ffcec</ProjectId>
      <CorrelationId>Intent.Entities.CollectionExtensions</CorrelationId>
      <OverwriteBehaviour>always</OverwriteBehaviour>
      <ApplicationRelativeFilePath>../../source/dotnet-cqrs-petclinic-rest/PetClinic.Domain/Common/CollectionExtensions.cs</ApplicationRelativeFilePath>
      <ProjectRelativeFilePath>CollectionExtensions.cs</ProjectRelativeFilePath>
      <IsIgnored>false</IsIgnored>
    </FileLog>
    <FileLog>
      <ProjectId>4cd4ba21-bb72-4238-8593-f809a42911ff</ProjectId>
      <CorrelationId>Intent.Entities.Repositories.Api.UnitOfWorkInterface</CorrelationId>
      <OverwriteBehaviour>always</OverwriteBehaviour>
      <ApplicationRelativeFilePath>../../source/dotnet-cqrs-petclinic-rest/PetClinic.Domain/Common/Interfaces/IUnitOfWork.cs</ApplicationRelativeFilePath>
      <ProjectRelativeFilePath>IUnitOfWork.cs</ProjectRelativeFilePath>
      <IsIgnored>false</IsIgnored>
    </FileLog>
    <FileLog>
      <ProjectId>c2e7b685-1af3-4d43-8d45-527b8d6ffcec</ProjectId>
      <CorrelationId>Intent.Entities.UpdateHelper</CorrelationId>
      <OverwriteBehaviour>always</OverwriteBehaviour>
      <ApplicationRelativeFilePath>../../source/dotnet-cqrs-petclinic-rest/PetClinic.Domain/Common/UpdateHelper.cs</ApplicationRelativeFilePath>
      <ProjectRelativeFilePath>UpdateHelper.cs</ProjectRelativeFilePath>
      <IsIgnored>false</IsIgnored>
    </FileLog>
    <FileLog>
      <ProjectId>8c13169f-72aa-416b-8fe5-a38b33fc4a28</ProjectId>
      <CorrelationId>Intent.Entities.DomainEntity#c5d02993-df1d-4c79-a5e1-d7c0b474aec1</CorrelationId>
      <OverwriteBehaviour>always</OverwriteBehaviour>
      <ApplicationRelativeFilePath>../../source/dotnet-cqrs-petclinic-rest/PetClinic.Domain/Entities/Owner.cs</ApplicationRelativeFilePath>
      <ProjectRelativeFilePath>Owner.cs</ProjectRelativeFilePath>
      <IsIgnored>false</IsIgnored>
    </FileLog>
    <FileLog>
      <ProjectId>8c13169f-72aa-416b-8fe5-a38b33fc4a28</ProjectId>
      <CorrelationId>Intent.Entities.DomainEntity#1cada2f2-b08e-4caf-8505-7bc92f69bab6</CorrelationId>
      <OverwriteBehaviour>always</OverwriteBehaviour>
      <ApplicationRelativeFilePath>../../source/dotnet-cqrs-petclinic-rest/PetClinic.Domain/Entities/Pet.cs</ApplicationRelativeFilePath>
      <ProjectRelativeFilePath>Pet.cs</ProjectRelativeFilePath>
      <IsIgnored>false</IsIgnored>
    </FileLog>
    <FileLog>
      <ProjectId>8c13169f-72aa-416b-8fe5-a38b33fc4a28</ProjectId>
      <CorrelationId>Intent.Entities.DomainEntity#732f9d1f-cae2-49b5-bbb3-215cbf1b4834</CorrelationId>
      <OverwriteBehaviour>always</OverwriteBehaviour>
      <ApplicationRelativeFilePath>../../source/dotnet-cqrs-petclinic-rest/PetClinic.Domain/Entities/PetType.cs</ApplicationRelativeFilePath>
      <ProjectRelativeFilePath>PetType.cs</ProjectRelativeFilePath>
      <IsIgnored>false</IsIgnored>
    </FileLog>
    <FileLog>
      <ProjectId>8c13169f-72aa-416b-8fe5-a38b33fc4a28</ProjectId>
      <CorrelationId>Intent.Entities.DomainEntity#2b74779f-48ab-4cd1-8002-097d26dcf584</CorrelationId>
      <OverwriteBehaviour>always</OverwriteBehaviour>
      <ApplicationRelativeFilePath>../../source/dotnet-cqrs-petclinic-rest/PetClinic.Domain/Entities/Specialty.cs</ApplicationRelativeFilePath>
      <ProjectRelativeFilePath>Specialty.cs</ProjectRelativeFilePath>
      <IsIgnored>false</IsIgnored>
    </FileLog>
    <FileLog>
      <ProjectId>8c13169f-72aa-416b-8fe5-a38b33fc4a28</ProjectId>
      <CorrelationId>Intent.Entities.DomainEntity#62166c3b-8dce-465c-b978-1237cc69b64e</CorrelationId>
      <OverwriteBehaviour>always</OverwriteBehaviour>
      <ApplicationRelativeFilePath>../../source/dotnet-cqrs-petclinic-rest/PetClinic.Domain/Entities/Vet.cs</ApplicationRelativeFilePath>
      <ProjectRelativeFilePath>Vet.cs</ProjectRelativeFilePath>
      <IsIgnored>false</IsIgnored>
    </FileLog>
    <FileLog>
      <ProjectId>8c13169f-72aa-416b-8fe5-a38b33fc4a28</ProjectId>
      <CorrelationId>Intent.Entities.DomainEntity#83fb9ee9-cd31-473a-bed1-38abaaa122c2</CorrelationId>
      <OverwriteBehaviour>always</OverwriteBehaviour>
      <ApplicationRelativeFilePath>../../source/dotnet-cqrs-petclinic-rest/PetClinic.Domain/Entities/Visit.cs</ApplicationRelativeFilePath>
      <ProjectRelativeFilePath>Visit.cs</ProjectRelativeFilePath>
      <IsIgnored>false</IsIgnored>
    </FileLog>
    <FileLog>
      <ProjectId>d4414785-0b38-4503-b342-76e054bf1fd8</ProjectId>
      <CorrelationId>Intent.VisualStudio.Projects.CSharpProject#d4414785-0b38-4503-b342-76e054bf1fd8</CorrelationId>
      <OverwriteBehaviour>always</OverwriteBehaviour>
      <ApplicationRelativeFilePath>../../source/dotnet-cqrs-petclinic-rest/PetClinic.Domain/PetClinic.Domain.csproj</ApplicationRelativeFilePath>
      <ProjectRelativeFilePath>PetClinic.Domain.csproj</ProjectRelativeFilePath>
      <IsIgnored>false</IsIgnored>
    </FileLog>
    <FileLog>
      <ProjectId>47f75f73-dcad-41b8-9059-abe6bbaeee06</ProjectId>
      <CorrelationId>Intent.Entities.Repositories.Api.EntityRepositoryInterface#c5d02993-df1d-4c79-a5e1-d7c0b474aec1</CorrelationId>
      <OverwriteBehaviour>always</OverwriteBehaviour>
      <ApplicationRelativeFilePath>../../source/dotnet-cqrs-petclinic-rest/PetClinic.Domain/Repositories/IOwnerRepository.cs</ApplicationRelativeFilePath>
      <ProjectRelativeFilePath>IOwnerRepository.cs</ProjectRelativeFilePath>
      <IsIgnored>false</IsIgnored>
    </FileLog>
    <FileLog>
      <ProjectId>47f75f73-dcad-41b8-9059-abe6bbaeee06</ProjectId>
      <CorrelationId>Intent.Entities.Repositories.Api.PagedResultInterface</CorrelationId>
      <OverwriteBehaviour>always</OverwriteBehaviour>
      <ApplicationRelativeFilePath>../../source/dotnet-cqrs-petclinic-rest/PetClinic.Domain/Repositories/IPagedResult.cs</ApplicationRelativeFilePath>
      <ProjectRelativeFilePath>IPagedResult.cs</ProjectRelativeFilePath>
      <IsIgnored>false</IsIgnored>
    </FileLog>
    <FileLog>
      <ProjectId>47f75f73-dcad-41b8-9059-abe6bbaeee06</ProjectId>
      <CorrelationId>Intent.Entities.Repositories.Api.EntityRepositoryInterface#1cada2f2-b08e-4caf-8505-7bc92f69bab6</CorrelationId>
      <OverwriteBehaviour>always</OverwriteBehaviour>
      <ApplicationRelativeFilePath>../../source/dotnet-cqrs-petclinic-rest/PetClinic.Domain/Repositories/IPetRepository.cs</ApplicationRelativeFilePath>
      <ProjectRelativeFilePath>IPetRepository.cs</ProjectRelativeFilePath>
      <IsIgnored>false</IsIgnored>
    </FileLog>
    <FileLog>
      <ProjectId>47f75f73-dcad-41b8-9059-abe6bbaeee06</ProjectId>
      <CorrelationId>Intent.Entities.Repositories.Api.EntityRepositoryInterface#732f9d1f-cae2-49b5-bbb3-215cbf1b4834</CorrelationId>
      <OverwriteBehaviour>always</OverwriteBehaviour>
      <ApplicationRelativeFilePath>../../source/dotnet-cqrs-petclinic-rest/PetClinic.Domain/Repositories/IPetTypeRepository.cs</ApplicationRelativeFilePath>
      <ProjectRelativeFilePath>IPetTypeRepository.cs</ProjectRelativeFilePath>
      <IsIgnored>false</IsIgnored>
    </FileLog>
    <FileLog>
      <ProjectId>47f75f73-dcad-41b8-9059-abe6bbaeee06</ProjectId>
      <CorrelationId>Intent.Entities.Repositories.Api.RepositoryInterface</CorrelationId>
      <OverwriteBehaviour>always</OverwriteBehaviour>
      <ApplicationRelativeFilePath>../../source/dotnet-cqrs-petclinic-rest/PetClinic.Domain/Repositories/IRepository.cs</ApplicationRelativeFilePath>
      <ProjectRelativeFilePath>IRepository.cs</ProjectRelativeFilePath>
      <IsIgnored>false</IsIgnored>
    </FileLog>
    <FileLog>
      <ProjectId>47f75f73-dcad-41b8-9059-abe6bbaeee06</ProjectId>
      <CorrelationId>Intent.Entities.Repositories.Api.EntityRepositoryInterface#2b74779f-48ab-4cd1-8002-097d26dcf584</CorrelationId>
      <OverwriteBehaviour>always</OverwriteBehaviour>
      <ApplicationRelativeFilePath>../../source/dotnet-cqrs-petclinic-rest/PetClinic.Domain/Repositories/ISpecialtyRepository.cs</ApplicationRelativeFilePath>
      <ProjectRelativeFilePath>ISpecialtyRepository.cs</ProjectRelativeFilePath>
      <IsIgnored>false</IsIgnored>
    </FileLog>
    <FileLog>
      <ProjectId>47f75f73-dcad-41b8-9059-abe6bbaeee06</ProjectId>
      <CorrelationId>Intent.Entities.Repositories.Api.EntityRepositoryInterface#62166c3b-8dce-465c-b978-1237cc69b64e</CorrelationId>
      <OverwriteBehaviour>always</OverwriteBehaviour>
      <ApplicationRelativeFilePath>../../source/dotnet-cqrs-petclinic-rest/PetClinic.Domain/Repositories/IVetRepository.cs</ApplicationRelativeFilePath>
      <ProjectRelativeFilePath>IVetRepository.cs</ProjectRelativeFilePath>
      <IsIgnored>false</IsIgnored>
    </FileLog>
    <FileLog>
      <ProjectId>47f75f73-dcad-41b8-9059-abe6bbaeee06</ProjectId>
      <CorrelationId>Intent.Entities.Repositories.Api.EntityRepositoryInterface#83fb9ee9-cd31-473a-bed1-38abaaa122c2</CorrelationId>
      <OverwriteBehaviour>always</OverwriteBehaviour>
      <ApplicationRelativeFilePath>../../source/dotnet-cqrs-petclinic-rest/PetClinic.Domain/Repositories/IVisitRepository.cs</ApplicationRelativeFilePath>
      <ProjectRelativeFilePath>IVisitRepository.cs</ProjectRelativeFilePath>
      <IsIgnored>false</IsIgnored>
    </FileLog>
    <FileLog>
      <ProjectId>da7d3f3b-e544-4d56-ac1c-8cb1f8352a15</ProjectId>
      <CorrelationId>Intent.Infrastructure.DependencyInjection.DependencyInjection</CorrelationId>
      <OverwriteBehaviour>always</OverwriteBehaviour>
      <ApplicationRelativeFilePath>../../source/dotnet-cqrs-petclinic-rest/PetClinic.Infrastructure/DependencyInjection.cs</ApplicationRelativeFilePath>
      <ProjectRelativeFilePath>DependencyInjection.cs</ProjectRelativeFilePath>
      <IsIgnored>false</IsIgnored>
    </FileLog>
    <FileLog>
      <ProjectId>7a0ce05a-76d9-4414-841b-e93a7a456357</ProjectId>
      <CorrelationId>Intent.EntityFrameworkCore.DbContext</CorrelationId>
      <OverwriteBehaviour>always</OverwriteBehaviour>
      <ApplicationRelativeFilePath>../../source/dotnet-cqrs-petclinic-rest/PetClinic.Infrastructure/Persistence/ApplicationDbContext.cs</ApplicationRelativeFilePath>
      <ProjectRelativeFilePath>ApplicationDbContext.cs</ProjectRelativeFilePath>
      <IsIgnored>false</IsIgnored>
    </FileLog>
    <FileLog>
      <ProjectId>546faee7-763a-4116-82c5-12a49610a2bd</ProjectId>
      <CorrelationId>Intent.EntityFrameworkCore.EntityTypeConfiguration#c5d02993-df1d-4c79-a5e1-d7c0b474aec1</CorrelationId>
      <OverwriteBehaviour>always</OverwriteBehaviour>
      <ApplicationRelativeFilePath>../../source/dotnet-cqrs-petclinic-rest/PetClinic.Infrastructure/Persistence/Configurations/OwnerConfiguration.cs</ApplicationRelativeFilePath>
      <ProjectRelativeFilePath>OwnerConfiguration.cs</ProjectRelativeFilePath>
      <IsIgnored>false</IsIgnored>
    </FileLog>
    <FileLog>
      <ProjectId>546faee7-763a-4116-82c5-12a49610a2bd</ProjectId>
      <CorrelationId>Intent.EntityFrameworkCore.EntityTypeConfiguration#1cada2f2-b08e-4caf-8505-7bc92f69bab6</CorrelationId>
      <OverwriteBehaviour>always</OverwriteBehaviour>
      <ApplicationRelativeFilePath>../../source/dotnet-cqrs-petclinic-rest/PetClinic.Infrastructure/Persistence/Configurations/PetConfiguration.cs</ApplicationRelativeFilePath>
      <ProjectRelativeFilePath>PetConfiguration.cs</ProjectRelativeFilePath>
      <IsIgnored>false</IsIgnored>
    </FileLog>
    <FileLog>
      <ProjectId>546faee7-763a-4116-82c5-12a49610a2bd</ProjectId>
      <CorrelationId>Intent.EntityFrameworkCore.EntityTypeConfiguration#732f9d1f-cae2-49b5-bbb3-215cbf1b4834</CorrelationId>
      <OverwriteBehaviour>always</OverwriteBehaviour>
      <ApplicationRelativeFilePath>../../source/dotnet-cqrs-petclinic-rest/PetClinic.Infrastructure/Persistence/Configurations/PetTypeConfiguration.cs</ApplicationRelativeFilePath>
      <ProjectRelativeFilePath>PetTypeConfiguration.cs</ProjectRelativeFilePath>
      <IsIgnored>false</IsIgnored>
    </FileLog>
    <FileLog>
      <ProjectId>546faee7-763a-4116-82c5-12a49610a2bd</ProjectId>
      <CorrelationId>Intent.EntityFrameworkCore.EntityTypeConfiguration#2b74779f-48ab-4cd1-8002-097d26dcf584</CorrelationId>
      <OverwriteBehaviour>always</OverwriteBehaviour>
      <ApplicationRelativeFilePath>../../source/dotnet-cqrs-petclinic-rest/PetClinic.Infrastructure/Persistence/Configurations/SpecialtyConfiguration.cs</ApplicationRelativeFilePath>
      <ProjectRelativeFilePath>SpecialtyConfiguration.cs</ProjectRelativeFilePath>
      <IsIgnored>false</IsIgnored>
    </FileLog>
    <FileLog>
      <ProjectId>546faee7-763a-4116-82c5-12a49610a2bd</ProjectId>
      <CorrelationId>Intent.EntityFrameworkCore.EntityTypeConfiguration#62166c3b-8dce-465c-b978-1237cc69b64e</CorrelationId>
      <OverwriteBehaviour>always</OverwriteBehaviour>
      <ApplicationRelativeFilePath>../../source/dotnet-cqrs-petclinic-rest/PetClinic.Infrastructure/Persistence/Configurations/VetConfiguration.cs</ApplicationRelativeFilePath>
      <ProjectRelativeFilePath>VetConfiguration.cs</ProjectRelativeFilePath>
      <IsIgnored>false</IsIgnored>
    </FileLog>
    <FileLog>
      <ProjectId>546faee7-763a-4116-82c5-12a49610a2bd</ProjectId>
      <CorrelationId>Intent.EntityFrameworkCore.EntityTypeConfiguration#83fb9ee9-cd31-473a-bed1-38abaaa122c2</CorrelationId>
      <OverwriteBehaviour>always</OverwriteBehaviour>
      <ApplicationRelativeFilePath>../../source/dotnet-cqrs-petclinic-rest/PetClinic.Infrastructure/Persistence/Configurations/VisitConfiguration.cs</ApplicationRelativeFilePath>
      <ProjectRelativeFilePath>VisitConfiguration.cs</ProjectRelativeFilePath>
      <IsIgnored>false</IsIgnored>
    </FileLog>
    <FileLog>
      <ProjectId>7a0ce05a-76d9-4414-841b-e93a7a456357</ProjectId>
      <CorrelationId>Intent.EntityFrameworkCore.DbMigrationsReadMe</CorrelationId>
      <OverwriteBehaviour>always</OverwriteBehaviour>
      <ApplicationRelativeFilePath>../../source/dotnet-cqrs-petclinic-rest/PetClinic.Infrastructure/Persistence/MIGRATION_README.txt</ApplicationRelativeFilePath>
      <ProjectRelativeFilePath>MIGRATION_README.txt</ProjectRelativeFilePath>
      <IsIgnored>false</IsIgnored>
    </FileLog>
    <FileLog>
      <ProjectId>da7d3f3b-e544-4d56-ac1c-8cb1f8352a15</ProjectId>
      <CorrelationId>Intent.VisualStudio.Projects.CSharpProject#da7d3f3b-e544-4d56-ac1c-8cb1f8352a15</CorrelationId>
      <OverwriteBehaviour>always</OverwriteBehaviour>
      <ApplicationRelativeFilePath>../../source/dotnet-cqrs-petclinic-rest/PetClinic.Infrastructure/PetClinic.Infrastructure.csproj</ApplicationRelativeFilePath>
      <ProjectRelativeFilePath>PetClinic.Infrastructure.csproj</ProjectRelativeFilePath>
      <IsIgnored>false</IsIgnored>
    </FileLog>
    <FileLog>
      <ProjectId>9a8895de-b5cd-4e7a-a747-2aba98d59e6b</ProjectId>
      <CorrelationId>Intent.EntityFrameworkCore.Repositories.Repository#c5d02993-df1d-4c79-a5e1-d7c0b474aec1</CorrelationId>
      <OverwriteBehaviour>always</OverwriteBehaviour>
      <ApplicationRelativeFilePath>../../source/dotnet-cqrs-petclinic-rest/PetClinic.Infrastructure/Repositories/OwnerRepository.cs</ApplicationRelativeFilePath>
      <ProjectRelativeFilePath>OwnerRepository.cs</ProjectRelativeFilePath>
      <IsIgnored>false</IsIgnored>
    </FileLog>
    <FileLog>
      <ProjectId>9a8895de-b5cd-4e7a-a747-2aba98d59e6b</ProjectId>
      <CorrelationId>Intent.EntityFrameworkCore.Repositories.PagedList</CorrelationId>
      <OverwriteBehaviour>always</OverwriteBehaviour>
      <ApplicationRelativeFilePath>../../source/dotnet-cqrs-petclinic-rest/PetClinic.Infrastructure/Repositories/PagedList.cs</ApplicationRelativeFilePath>
      <ProjectRelativeFilePath>PagedList.cs</ProjectRelativeFilePath>
      <IsIgnored>false</IsIgnored>
    </FileLog>
    <FileLog>
      <ProjectId>9a8895de-b5cd-4e7a-a747-2aba98d59e6b</ProjectId>
      <CorrelationId>Intent.EntityFrameworkCore.Repositories.Repository#1cada2f2-b08e-4caf-8505-7bc92f69bab6</CorrelationId>
      <OverwriteBehaviour>always</OverwriteBehaviour>
      <ApplicationRelativeFilePath>../../source/dotnet-cqrs-petclinic-rest/PetClinic.Infrastructure/Repositories/PetRepository.cs</ApplicationRelativeFilePath>
      <ProjectRelativeFilePath>PetRepository.cs</ProjectRelativeFilePath>
      <IsIgnored>false</IsIgnored>
    </FileLog>
    <FileLog>
      <ProjectId>9a8895de-b5cd-4e7a-a747-2aba98d59e6b</ProjectId>
      <CorrelationId>Intent.EntityFrameworkCore.Repositories.Repository#732f9d1f-cae2-49b5-bbb3-215cbf1b4834</CorrelationId>
      <OverwriteBehaviour>always</OverwriteBehaviour>
      <ApplicationRelativeFilePath>../../source/dotnet-cqrs-petclinic-rest/PetClinic.Infrastructure/Repositories/PetTypeRepository.cs</ApplicationRelativeFilePath>
      <ProjectRelativeFilePath>PetTypeRepository.cs</ProjectRelativeFilePath>
      <IsIgnored>false</IsIgnored>
    </FileLog>
    <FileLog>
      <ProjectId>9a8895de-b5cd-4e7a-a747-2aba98d59e6b</ProjectId>
      <CorrelationId>Intent.EntityFrameworkCore.Repositories.RepositoryBase</CorrelationId>
      <OverwriteBehaviour>always</OverwriteBehaviour>
      <ApplicationRelativeFilePath>../../source/dotnet-cqrs-petclinic-rest/PetClinic.Infrastructure/Repositories/RepositoryBase.cs</ApplicationRelativeFilePath>
      <ProjectRelativeFilePath>RepositoryBase.cs</ProjectRelativeFilePath>
      <IsIgnored>false</IsIgnored>
    </FileLog>
    <FileLog>
      <ProjectId>9a8895de-b5cd-4e7a-a747-2aba98d59e6b</ProjectId>
      <CorrelationId>Intent.EntityFrameworkCore.Repositories.Repository#2b74779f-48ab-4cd1-8002-097d26dcf584</CorrelationId>
      <OverwriteBehaviour>always</OverwriteBehaviour>
      <ApplicationRelativeFilePath>../../source/dotnet-cqrs-petclinic-rest/PetClinic.Infrastructure/Repositories/SpecialtyRepository.cs</ApplicationRelativeFilePath>
      <ProjectRelativeFilePath>SpecialtyRepository.cs</ProjectRelativeFilePath>
      <IsIgnored>false</IsIgnored>
    </FileLog>
    <FileLog>
      <ProjectId>9a8895de-b5cd-4e7a-a747-2aba98d59e6b</ProjectId>
      <CorrelationId>Intent.EntityFrameworkCore.Repositories.Repository#62166c3b-8dce-465c-b978-1237cc69b64e</CorrelationId>
      <OverwriteBehaviour>always</OverwriteBehaviour>
      <ApplicationRelativeFilePath>../../source/dotnet-cqrs-petclinic-rest/PetClinic.Infrastructure/Repositories/VetRepository.cs</ApplicationRelativeFilePath>
      <ProjectRelativeFilePath>VetRepository.cs</ProjectRelativeFilePath>
      <IsIgnored>false</IsIgnored>
    </FileLog>
    <FileLog>
      <ProjectId>9a8895de-b5cd-4e7a-a747-2aba98d59e6b</ProjectId>
      <CorrelationId>Intent.EntityFrameworkCore.Repositories.Repository#83fb9ee9-cd31-473a-bed1-38abaaa122c2</CorrelationId>
      <OverwriteBehaviour>always</OverwriteBehaviour>
      <ApplicationRelativeFilePath>../../source/dotnet-cqrs-petclinic-rest/PetClinic.Infrastructure/Repositories/VisitRepository.cs</ApplicationRelativeFilePath>
      <ProjectRelativeFilePath>VisitRepository.cs</ProjectRelativeFilePath>
      <IsIgnored>false</IsIgnored>
    </FileLog>
    <FileLog>
      <CorrelationId>Intent.VisualStudio.Projects.VisualStudio2015Solution#81315411-6ba6-4e5c-8f2f-6daa79b45f70</CorrelationId>
      <OverwriteBehaviour>always</OverwriteBehaviour>
      <ApplicationRelativeFilePath>../../source/dotnet-cqrs-petclinic-rest/PetClinic.sln</ApplicationRelativeFilePath>
      <IsIgnored>false</IsIgnored>
    </FileLog>
  </FileLogs>
</outputLog>