<?xml version="1.0" encoding="utf-8"?>
<outputLog>
  <ApplicationId>a2cf696f-c814-4c89-8b51-ff3a13ec5b9f</ApplicationId>
  <FileLogs>
    <FileLog>
      <ProjectId>d7819f90-fec9-4ace-a874-0b9429f0075b</ProjectId>
      <CorrelationId>Intent.NodeJS.NestJS.Core.dotenv</CorrelationId>
      <OverwriteBehaviour>always</OverwriteBehaviour>
      <ApplicationRelativeFilePath>../../source/nestjs-petclinic-rest/.env</ApplicationRelativeFilePath>
      <ProjectRelativeFilePath>.env</ProjectRelativeFilePath>
      <IsIgnored>false</IsIgnored>
    </FileLog>
    <FileLog>
      <ProjectId>d7819f90-fec9-4ace-a874-0b9429f0075b</ProjectId>
      <OverwriteBehaviour>always</OverwriteBehaviour>
      <ApplicationRelativeFilePath>../../source/nestjs-petclinic-rest/.eslintrc.js</ApplicationRelativeFilePath>
      <ProjectRelativeFilePath>.eslintrc.js</ProjectRelativeFilePath>
      <IsIgnored>false</IsIgnored>
    </FileLog>
    <FileLog>
      <ProjectId>d7819f90-fec9-4ace-a874-0b9429f0075b</ProjectId>
      <OverwriteBehaviour>always</OverwriteBehaviour>
      <ApplicationRelativeFilePath>../../source/nestjs-petclinic-rest/.gitignore</ApplicationRelativeFilePath>
      <ProjectRelativeFilePath>.gitignore</ProjectRelativeFilePath>
      <IsIgnored>false</IsIgnored>
    </FileLog>
    <FileLog>
      <ProjectId>d7819f90-fec9-4ace-a874-0b9429f0075b</ProjectId>
      <OverwriteBehaviour>always</OverwriteBehaviour>
      <ApplicationRelativeFilePath>../../source/nestjs-petclinic-rest/.prettierrc</ApplicationRelativeFilePath>
      <ProjectRelativeFilePath>.prettierrc</ProjectRelativeFilePath>
      <IsIgnored>false</IsIgnored>
    </FileLog>
    <FileLog>
      <ProjectId>d7819f90-fec9-4ace-a874-0b9429f0075b</ProjectId>
      <OverwriteBehaviour>always</OverwriteBehaviour>
      <ApplicationRelativeFilePath>../../source/nestjs-petclinic-rest/nest-cli.json</ApplicationRelativeFilePath>
      <ProjectRelativeFilePath>nest-cli.json</ProjectRelativeFilePath>
      <IsIgnored>false</IsIgnored>
    </FileLog>
    <FileLog>
      <ProjectId>d7819f90-fec9-4ace-a874-0b9429f0075b</ProjectId>
      <CorrelationId>Intent.Npm.PackageJsonFile</CorrelationId>
      <OverwriteBehaviour>always</OverwriteBehaviour>
      <ApplicationRelativeFilePath>../../source/nestjs-petclinic-rest/package.json</ApplicationRelativeFilePath>
      <ProjectRelativeFilePath>package.json</ProjectRelativeFilePath>
      <IsIgnored>false</IsIgnored>
    </FileLog>
    <FileLog>
      <ProjectId>d7819f90-fec9-4ace-a874-0b9429f0075b</ProjectId>
      <OverwriteBehaviour>always</OverwriteBehaviour>
      <ApplicationRelativeFilePath>../../source/nestjs-petclinic-rest/README.md</ApplicationRelativeFilePath>
      <ProjectRelativeFilePath>README.md</ProjectRelativeFilePath>
      <IsIgnored>false</IsIgnored>
    </FileLog>
    <FileLog>
      <ProjectId>26c015fc-a5e3-4bd0-aeb1-ad6c7a1b538f</ProjectId>
      <CorrelationId>Intent.NodeJS.NestJS.Core.AppModule</CorrelationId>
      <OverwriteBehaviour>always</OverwriteBehaviour>
      <ApplicationRelativeFilePath>../../source/nestjs-petclinic-rest/src/app.module.ts</ApplicationRelativeFilePath>
      <ProjectRelativeFilePath>app.module.ts</ProjectRelativeFilePath>
      <IsIgnored>false</IsIgnored>
    </FileLog>
    <FileLog>
      <ProjectId>26c015fc-a5e3-4bd0-aeb1-ad6c7a1b538f</ProjectId>
      <CorrelationId>Intent.NodeJS.TypeORM.Datasource</CorrelationId>
      <OverwriteBehaviour>always</OverwriteBehaviour>
      <ApplicationRelativeFilePath>../../source/nestjs-petclinic-rest/src/datasource.ts</ApplicationRelativeFilePath>
      <ProjectRelativeFilePath>datasource.ts</ProjectRelativeFilePath>
      <IsIgnored>false</IsIgnored>
    </FileLog>
    <FileLog>
      <ProjectId>e2ea1b50-e64a-45b8-b9b9-9e47e6c93ce5</ProjectId>
      <CorrelationId>Intent.NodeJS.Domain.Entity#c5d02993-df1d-4c79-a5e1-d7c0b474aec1</CorrelationId>
      <OverwriteBehaviour>always</OverwriteBehaviour>
      <ApplicationRelativeFilePath>../../source/nestjs-petclinic-rest/src/domain/entities/owner.entity.ts</ApplicationRelativeFilePath>
      <ProjectRelativeFilePath>owner.entity.ts</ProjectRelativeFilePath>
      <IsIgnored>false</IsIgnored>
    </FileLog>
    <FileLog>
      <ProjectId>e2ea1b50-e64a-45b8-b9b9-9e47e6c93ce5</ProjectId>
      <CorrelationId>Intent.NodeJS.Domain.Entity#732f9d1f-cae2-49b5-bbb3-215cbf1b4834</CorrelationId>
      <OverwriteBehaviour>always</OverwriteBehaviour>
      <ApplicationRelativeFilePath>../../source/nestjs-petclinic-rest/src/domain/entities/pet-type.entity.ts</ApplicationRelativeFilePath>
      <ProjectRelativeFilePath>pet-type.entity.ts</ProjectRelativeFilePath>
      <IsIgnored>false</IsIgnored>
    </FileLog>
    <FileLog>
      <ProjectId>e2ea1b50-e64a-45b8-b9b9-9e47e6c93ce5</ProjectId>
      <CorrelationId>Intent.NodeJS.Domain.Entity#1cada2f2-b08e-4caf-8505-7bc92f69bab6</CorrelationId>
      <OverwriteBehaviour>always</OverwriteBehaviour>
      <ApplicationRelativeFilePath>../../source/nestjs-petclinic-rest/src/domain/entities/pet.entity.ts</ApplicationRelativeFilePath>
      <ProjectRelativeFilePath>pet.entity.ts</ProjectRelativeFilePath>
      <IsIgnored>false</IsIgnored>
    </FileLog>
    <FileLog>
      <ProjectId>e2ea1b50-e64a-45b8-b9b9-9e47e6c93ce5</ProjectId>
      <CorrelationId>Intent.NodeJS.Domain.Entity#2b74779f-48ab-4cd1-8002-097d26dcf584</CorrelationId>
      <OverwriteBehaviour>always</OverwriteBehaviour>
      <ApplicationRelativeFilePath>../../source/nestjs-petclinic-rest/src/domain/entities/specialty.entity.ts</ApplicationRelativeFilePath>
      <ProjectRelativeFilePath>specialty.entity.ts</ProjectRelativeFilePath>
      <IsIgnored>false</IsIgnored>
    </FileLog>
    <FileLog>
      <ProjectId>e2ea1b50-e64a-45b8-b9b9-9e47e6c93ce5</ProjectId>
      <CorrelationId>Intent.NodeJS.Domain.Entity#62166c3b-8dce-465c-b978-1237cc69b64e</CorrelationId>
      <OverwriteBehaviour>always</OverwriteBehaviour>
      <ApplicationRelativeFilePath>../../source/nestjs-petclinic-rest/src/domain/entities/vet.entity.ts</ApplicationRelativeFilePath>
      <ProjectRelativeFilePath>vet.entity.ts</ProjectRelativeFilePath>
      <IsIgnored>false</IsIgnored>
    </FileLog>
    <FileLog>
      <ProjectId>e2ea1b50-e64a-45b8-b9b9-9e47e6c93ce5</ProjectId>
      <CorrelationId>Intent.NodeJS.Domain.Entity#83fb9ee9-cd31-473a-bed1-38abaaa122c2</CorrelationId>
      <OverwriteBehaviour>always</OverwriteBehaviour>
      <ApplicationRelativeFilePath>../../source/nestjs-petclinic-rest/src/domain/entities/visit.entity.ts</ApplicationRelativeFilePath>
      <ProjectRelativeFilePath>visit.entity.ts</ProjectRelativeFilePath>
      <IsIgnored>false</IsIgnored>
    </FileLog>
    <FileLog>
      <ProjectId>6567b01a-2b40-4424-84e0-dd13bf9839cb</ProjectId>
      <CorrelationId>Intent.TypeScript.Weaving.Decorators.IntentDecorators</CorrelationId>
      <OverwriteBehaviour>always</OverwriteBehaviour>
      <ApplicationRelativeFilePath>../../source/nestjs-petclinic-rest/src/intent/intent.decorators.ts</ApplicationRelativeFilePath>
      <ProjectRelativeFilePath>intent.decorators.ts</ProjectRelativeFilePath>
      <IsIgnored>false</IsIgnored>
    </FileLog>
    <FileLog>
      <ProjectId>26c015fc-a5e3-4bd0-aeb1-ad6c7a1b538f</ProjectId>
      <CorrelationId>Intent.NodeJS.NestJS.Core.Main</CorrelationId>
      <OverwriteBehaviour>always</OverwriteBehaviour>
      <ApplicationRelativeFilePath>../../source/nestjs-petclinic-rest/src/main.ts</ApplicationRelativeFilePath>
      <ProjectRelativeFilePath>main.ts</ProjectRelativeFilePath>
      <IsIgnored>false</IsIgnored>
    </FileLog>
    <FileLog>
      <ProjectId>26c015fc-a5e3-4bd0-aeb1-ad6c7a1b538f</ProjectId>
      <CorrelationId>Intent.NodeJS.TypeORM.OrmConfig</CorrelationId>
      <OverwriteBehaviour>always</OverwriteBehaviour>
      <ApplicationRelativeFilePath>../../source/nestjs-petclinic-rest/src/orm.config.ts</ApplicationRelativeFilePath>
      <ProjectRelativeFilePath>orm.config.ts</ProjectRelativeFilePath>
      <IsIgnored>false</IsIgnored>
    </FileLog>
    <FileLog>
      <ProjectId>85c052bb-1455-4208-b32d-eae6ab1f514b</ProjectId>
      <CorrelationId>Intent.NodeJS.TypeORM.Repository#c5d02993-df1d-4c79-a5e1-d7c0b474aec1</CorrelationId>
      <OverwriteBehaviour>always</OverwriteBehaviour>
      <ApplicationRelativeFilePath>../../source/nestjs-petclinic-rest/src/repository/owner.repository.ts</ApplicationRelativeFilePath>
      <ProjectRelativeFilePath>owner.repository.ts</ProjectRelativeFilePath>
      <IsIgnored>false</IsIgnored>
    </FileLog>
    <FileLog>
      <ProjectId>85c052bb-1455-4208-b32d-eae6ab1f514b</ProjectId>
      <CorrelationId>Intent.NodeJS.TypeORM.Repository#732f9d1f-cae2-49b5-bbb3-215cbf1b4834</CorrelationId>
      <OverwriteBehaviour>always</OverwriteBehaviour>
      <ApplicationRelativeFilePath>../../source/nestjs-petclinic-rest/src/repository/pet-type.repository.ts</ApplicationRelativeFilePath>
      <ProjectRelativeFilePath>pet-type.repository.ts</ProjectRelativeFilePath>
      <IsIgnored>false</IsIgnored>
    </FileLog>
    <FileLog>
      <ProjectId>85c052bb-1455-4208-b32d-eae6ab1f514b</ProjectId>
      <CorrelationId>Intent.NodeJS.TypeORM.Repository#1cada2f2-b08e-4caf-8505-7bc92f69bab6</CorrelationId>
      <OverwriteBehaviour>always</OverwriteBehaviour>
      <ApplicationRelativeFilePath>../../source/nestjs-petclinic-rest/src/repository/pet.repository.ts</ApplicationRelativeFilePath>
      <ProjectRelativeFilePath>pet.repository.ts</ProjectRelativeFilePath>
      <IsIgnored>false</IsIgnored>
    </FileLog>
    <FileLog>
      <ProjectId>85c052bb-1455-4208-b32d-eae6ab1f514b</ProjectId>
      <CorrelationId>Intent.NodeJS.TypeORM.Repository#2b74779f-48ab-4cd1-8002-097d26dcf584</CorrelationId>
      <OverwriteBehaviour>always</OverwriteBehaviour>
      <ApplicationRelativeFilePath>../../source/nestjs-petclinic-rest/src/repository/specialty.repository.ts</ApplicationRelativeFilePath>
      <ProjectRelativeFilePath>specialty.repository.ts</ProjectRelativeFilePath>
      <IsIgnored>false</IsIgnored>
    </FileLog>
    <FileLog>
      <ProjectId>85c052bb-1455-4208-b32d-eae6ab1f514b</ProjectId>
      <CorrelationId>Intent.NodeJS.TypeORM.Repository#62166c3b-8dce-465c-b978-1237cc69b64e</CorrelationId>
      <OverwriteBehaviour>always</OverwriteBehaviour>
      <ApplicationRelativeFilePath>../../source/nestjs-petclinic-rest/src/repository/vet.repository.ts</ApplicationRelativeFilePath>
      <ProjectRelativeFilePath>vet.repository.ts</ProjectRelativeFilePath>
      <IsIgnored>false</IsIgnored>
    </FileLog>
    <FileLog>
      <ProjectId>85c052bb-1455-4208-b32d-eae6ab1f514b</ProjectId>
      <CorrelationId>Intent.NodeJS.TypeORM.Repository#83fb9ee9-cd31-473a-bed1-38abaaa122c2</CorrelationId>
      <OverwriteBehaviour>always</OverwriteBehaviour>
      <ApplicationRelativeFilePath>../../source/nestjs-petclinic-rest/src/repository/visit.repository.ts</ApplicationRelativeFilePath>
      <ProjectRelativeFilePath>visit.repository.ts</ProjectRelativeFilePath>
      <IsIgnored>false</IsIgnored>
    </FileLog>
    <FileLog>
      <ProjectId>44179c26-3d9c-4795-8a67-20af54cb87f2</ProjectId>
      <CorrelationId>Intent.NodeJS.NestJS.Controllers.DtoModel#4cd165f5-996f-4f86-b65b-26c28000f4fc</CorrelationId>
      <OverwriteBehaviour>always</OverwriteBehaviour>
      <ApplicationRelativeFilePath>../../source/nestjs-petclinic-rest/src/services/dto/owner-create.dto.ts</ApplicationRelativeFilePath>
      <ProjectRelativeFilePath>owner-create.dto.ts</ProjectRelativeFilePath>
      <IsIgnored>false</IsIgnored>
    </FileLog>
    <FileLog>
      <ProjectId>44179c26-3d9c-4795-8a67-20af54cb87f2</ProjectId>
      <CorrelationId>Intent.NodeJS.NestJS.Controllers.DtoModel#b4c64cd0-62c8-46ab-a693-839d6ed7b113</CorrelationId>
      <OverwriteBehaviour>always</OverwriteBehaviour>
      <ApplicationRelativeFilePath>../../source/nestjs-petclinic-rest/src/services/dto/owner-update.dto.ts</ApplicationRelativeFilePath>
      <ProjectRelativeFilePath>owner-update.dto.ts</ProjectRelativeFilePath>
      <IsIgnored>false</IsIgnored>
    </FileLog>
    <FileLog>
      <ProjectId>44179c26-3d9c-4795-8a67-20af54cb87f2</ProjectId>
      <CorrelationId>Intent.NodeJS.NestJS.Controllers.DtoModel#0f5ea2e5-56e4-49c6-8652-6532dc79334c</CorrelationId>
      <OverwriteBehaviour>always</OverwriteBehaviour>
      <ApplicationRelativeFilePath>../../source/nestjs-petclinic-rest/src/services/dto/owner.dto.ts</ApplicationRelativeFilePath>
      <ProjectRelativeFilePath>owner.dto.ts</ProjectRelativeFilePath>
      <IsIgnored>false</IsIgnored>
    </FileLog>
    <FileLog>
      <ProjectId>44179c26-3d9c-4795-8a67-20af54cb87f2</ProjectId>
      <CorrelationId>Intent.NodeJS.NestJS.Controllers.DtoModel#aa6aeeb1-be0f-405b-9e39-3bbfcb9be518</CorrelationId>
      <OverwriteBehaviour>always</OverwriteBehaviour>
      <ApplicationRelativeFilePath>../../source/nestjs-petclinic-rest/src/services/dto/pet-create.dto.ts</ApplicationRelativeFilePath>
      <ProjectRelativeFilePath>pet-create.dto.ts</ProjectRelativeFilePath>
      <IsIgnored>false</IsIgnored>
    </FileLog>
    <FileLog>
      <ProjectId>44179c26-3d9c-4795-8a67-20af54cb87f2</ProjectId>
      <CorrelationId>Intent.NodeJS.NestJS.Controllers.DtoModel#b567ee65-c344-492a-8cf0-678a444fde27</CorrelationId>
      <OverwriteBehaviour>always</OverwriteBehaviour>
      <ApplicationRelativeFilePath>../../source/nestjs-petclinic-rest/src/services/dto/pet-type.dto.ts</ApplicationRelativeFilePath>
      <ProjectRelativeFilePath>pet-type.dto.ts</ProjectRelativeFilePath>
      <IsIgnored>false</IsIgnored>
    </FileLog>
    <FileLog>
      <ProjectId>44179c26-3d9c-4795-8a67-20af54cb87f2</ProjectId>
      <CorrelationId>Intent.NodeJS.NestJS.Controllers.DtoModel#c92739b9-877f-4b56-8cd6-c9957a744059</CorrelationId>
      <OverwriteBehaviour>always</OverwriteBehaviour>
      <ApplicationRelativeFilePath>../../source/nestjs-petclinic-rest/src/services/dto/pet-update.dto.ts</ApplicationRelativeFilePath>
      <ProjectRelativeFilePath>pet-update.dto.ts</ProjectRelativeFilePath>
      <IsIgnored>false</IsIgnored>
    </FileLog>
    <FileLog>
      <ProjectId>44179c26-3d9c-4795-8a67-20af54cb87f2</ProjectId>
      <CorrelationId>Intent.NodeJS.NestJS.Controllers.DtoModel#bb138e4b-409a-4ea9-9bb4-a33dcfa8a682</CorrelationId>
      <OverwriteBehaviour>always</OverwriteBehaviour>
      <ApplicationRelativeFilePath>../../source/nestjs-petclinic-rest/src/services/dto/pet-visit.dto.ts</ApplicationRelativeFilePath>
      <ProjectRelativeFilePath>pet-visit.dto.ts</ProjectRelativeFilePath>
      <IsIgnored>false</IsIgnored>
    </FileLog>
    <FileLog>
      <ProjectId>44179c26-3d9c-4795-8a67-20af54cb87f2</ProjectId>
      <CorrelationId>Intent.NodeJS.NestJS.Controllers.DtoModel#c66f91c8-06bb-427a-b623-36a724d627d3</CorrelationId>
      <OverwriteBehaviour>always</OverwriteBehaviour>
      <ApplicationRelativeFilePath>../../source/nestjs-petclinic-rest/src/services/dto/pet.dto.ts</ApplicationRelativeFilePath>
      <ProjectRelativeFilePath>pet.dto.ts</ProjectRelativeFilePath>
      <IsIgnored>false</IsIgnored>
    </FileLog>
    <FileLog>
      <ProjectId>44179c26-3d9c-4795-8a67-20af54cb87f2</ProjectId>
      <CorrelationId>Intent.NodeJS.NestJS.Controllers.DtoModel#569f8450-0cbb-4f32-a376-018fdd1d7f5c</CorrelationId>
      <OverwriteBehaviour>always</OverwriteBehaviour>
      <ApplicationRelativeFilePath>../../source/nestjs-petclinic-rest/src/services/dto/specialty.dto.ts</ApplicationRelativeFilePath>
      <ProjectRelativeFilePath>specialty.dto.ts</ProjectRelativeFilePath>
      <IsIgnored>false</IsIgnored>
    </FileLog>
    <FileLog>
      <ProjectId>44179c26-3d9c-4795-8a67-20af54cb87f2</ProjectId>
      <CorrelationId>Intent.NodeJS.NestJS.Controllers.DtoModel#8414e6b8-558e-4eaa-bd29-550989db6176</CorrelationId>
      <OverwriteBehaviour>always</OverwriteBehaviour>
      <ApplicationRelativeFilePath>../../source/nestjs-petclinic-rest/src/services/dto/vet-create.dto.ts</ApplicationRelativeFilePath>
      <ProjectRelativeFilePath>vet-create.dto.ts</ProjectRelativeFilePath>
      <IsIgnored>false</IsIgnored>
    </FileLog>
    <FileLog>
      <ProjectId>44179c26-3d9c-4795-8a67-20af54cb87f2</ProjectId>
      <CorrelationId>Intent.NodeJS.NestJS.Controllers.DtoModel#4fbd75ee-114e-4da7-a35c-bf5590888c68</CorrelationId>
      <OverwriteBehaviour>always</OverwriteBehaviour>
      <ApplicationRelativeFilePath>../../source/nestjs-petclinic-rest/src/services/dto/vet-update.dto.ts</ApplicationRelativeFilePath>
      <ProjectRelativeFilePath>vet-update.dto.ts</ProjectRelativeFilePath>
      <IsIgnored>false</IsIgnored>
    </FileLog>
    <FileLog>
      <ProjectId>44179c26-3d9c-4795-8a67-20af54cb87f2</ProjectId>
      <CorrelationId>Intent.NodeJS.NestJS.Controllers.DtoModel#d60384f8-059a-47f2-9b37-da4d913c8b49</CorrelationId>
      <OverwriteBehaviour>always</OverwriteBehaviour>
      <ApplicationRelativeFilePath>../../source/nestjs-petclinic-rest/src/services/dto/vet.dto.ts</ApplicationRelativeFilePath>
      <ProjectRelativeFilePath>vet.dto.ts</ProjectRelativeFilePath>
      <IsIgnored>false</IsIgnored>
    </FileLog>
    <FileLog>
      <ProjectId>44179c26-3d9c-4795-8a67-20af54cb87f2</ProjectId>
      <CorrelationId>Intent.NodeJS.NestJS.Controllers.DtoModel#d7e8deff-e0fa-4af2-8df7-adc47bc6de84</CorrelationId>
      <OverwriteBehaviour>always</OverwriteBehaviour>
      <ApplicationRelativeFilePath>../../source/nestjs-petclinic-rest/src/services/dto/visit-create.dto.ts</ApplicationRelativeFilePath>
      <ProjectRelativeFilePath>visit-create.dto.ts</ProjectRelativeFilePath>
      <IsIgnored>false</IsIgnored>
    </FileLog>
    <FileLog>
      <ProjectId>44179c26-3d9c-4795-8a67-20af54cb87f2</ProjectId>
      <CorrelationId>Intent.NodeJS.NestJS.Controllers.DtoModel#ef8cab3b-1ed9-4ff8-9227-fd68640edd0d</CorrelationId>
      <OverwriteBehaviour>always</OverwriteBehaviour>
      <ApplicationRelativeFilePath>../../source/nestjs-petclinic-rest/src/services/dto/visit-update.dto.ts</ApplicationRelativeFilePath>
      <ProjectRelativeFilePath>visit-update.dto.ts</ProjectRelativeFilePath>
      <IsIgnored>false</IsIgnored>
    </FileLog>
    <FileLog>
      <ProjectId>44179c26-3d9c-4795-8a67-20af54cb87f2</ProjectId>
      <CorrelationId>Intent.NodeJS.NestJS.Controllers.DtoModel#49e21c4f-0032-4f1c-b8ef-9c6c1a2cd3cf</CorrelationId>
      <OverwriteBehaviour>always</OverwriteBehaviour>
      <ApplicationRelativeFilePath>../../source/nestjs-petclinic-rest/src/services/dto/visit.dto.ts</ApplicationRelativeFilePath>
      <ProjectRelativeFilePath>visit.dto.ts</ProjectRelativeFilePath>
      <IsIgnored>false</IsIgnored>
    </FileLog>
    <FileLog>
      <ProjectId>c1d04f21-cf0e-44be-9fca-eab62dcdb5cf</ProjectId>
      <CorrelationId>Intent.NodeJS.NestJS.Controllers.Service#6f40b401-47be-4cc2-a9bc-85dedc6b4535</CorrelationId>
      <OverwriteBehaviour>always</OverwriteBehaviour>
      <ApplicationRelativeFilePath>../../source/nestjs-petclinic-rest/src/services/owner-rest.service.ts</ApplicationRelativeFilePath>
      <ProjectRelativeFilePath>owner-rest.service.ts</ProjectRelativeFilePath>
      <IsIgnored>false</IsIgnored>
    </FileLog>
    <FileLog>
      <ProjectId>c1d04f21-cf0e-44be-9fca-eab62dcdb5cf</ProjectId>
      <CorrelationId>Intent.NodeJS.NestJS.Controllers.Service#138a9bbf-cd1d-4a12-a867-0101e1bbee8f</CorrelationId>
      <OverwriteBehaviour>always</OverwriteBehaviour>
      <ApplicationRelativeFilePath>../../source/nestjs-petclinic-rest/src/services/pet-rest.service.ts</ApplicationRelativeFilePath>
      <ProjectRelativeFilePath>pet-rest.service.ts</ProjectRelativeFilePath>
      <IsIgnored>false</IsIgnored>
    </FileLog>
    <FileLog>
      <ProjectId>c1d04f21-cf0e-44be-9fca-eab62dcdb5cf</ProjectId>
      <CorrelationId>Intent.NodeJS.NestJS.Controllers.Service#d6aa110a-6887-4262-9036-1a64e620da70</CorrelationId>
      <OverwriteBehaviour>always</OverwriteBehaviour>
      <ApplicationRelativeFilePath>../../source/nestjs-petclinic-rest/src/services/pet-type-rest.service.ts</ApplicationRelativeFilePath>
      <ProjectRelativeFilePath>pet-type-rest.service.ts</ProjectRelativeFilePath>
      <IsIgnored>false</IsIgnored>
    </FileLog>
    <FileLog>
      <ProjectId>c1d04f21-cf0e-44be-9fca-eab62dcdb5cf</ProjectId>
      <CorrelationId>Intent.NodeJS.NestJS.Controllers.Service#573c68a9-585f-42af-864f-decd6ffeccc9</CorrelationId>
      <OverwriteBehaviour>always</OverwriteBehaviour>
      <ApplicationRelativeFilePath>../../source/nestjs-petclinic-rest/src/services/specialty-rest.service.ts</ApplicationRelativeFilePath>
      <ProjectRelativeFilePath>specialty-rest.service.ts</ProjectRelativeFilePath>
      <IsIgnored>false</IsIgnored>
    </FileLog>
    <FileLog>
      <ProjectId>c1d04f21-cf0e-44be-9fca-eab62dcdb5cf</ProjectId>
      <CorrelationId>Intent.NodeJS.NestJS.Controllers.Service#7ec57d50-0b2a-49a5-b43a-aef9131a99bb</CorrelationId>
      <OverwriteBehaviour>always</OverwriteBehaviour>
      <ApplicationRelativeFilePath>../../source/nestjs-petclinic-rest/src/services/vet-rest.service.ts</ApplicationRelativeFilePath>
      <ProjectRelativeFilePath>vet-rest.service.ts</ProjectRelativeFilePath>
      <IsIgnored>false</IsIgnored>
    </FileLog>
    <FileLog>
      <ProjectId>c1d04f21-cf0e-44be-9fca-eab62dcdb5cf</ProjectId>
      <CorrelationId>Intent.NodeJS.NestJS.Controllers.Service#8a3ec4bb-5b22-4293-8785-0336c74661c4</CorrelationId>
      <OverwriteBehaviour>always</OverwriteBehaviour>
      <ApplicationRelativeFilePath>../../source/nestjs-petclinic-rest/src/services/visit-rest.service.ts</ApplicationRelativeFilePath>
      <ProjectRelativeFilePath>visit-rest.service.ts</ProjectRelativeFilePath>
      <IsIgnored>false</IsIgnored>
    </FileLog>
    <FileLog>
      <ProjectId>eabbeff8-1ea0-4c77-99aa-ad1dbf116bfd</ProjectId>
      <CorrelationId>Intent.NodeJS.TypeORM.BasicAuditingSubscriber</CorrelationId>
      <OverwriteBehaviour>always</OverwriteBehaviour>
      <ApplicationRelativeFilePath>../../source/nestjs-petclinic-rest/src/typeorm/basic-auditing-subscriber.ts</ApplicationRelativeFilePath>
      <ProjectRelativeFilePath>basic-auditing-subscriber.ts</ProjectRelativeFilePath>
      <IsIgnored>false</IsIgnored>
    </FileLog>
    <FileLog>
      <ProjectId>eabbeff8-1ea0-4c77-99aa-ad1dbf116bfd</ProjectId>
      <CorrelationId>Intent.NodeJS.TypeORM.TypeOrmExDecorator</CorrelationId>
      <OverwriteBehaviour>always</OverwriteBehaviour>
      <ApplicationRelativeFilePath>../../source/nestjs-petclinic-rest/src/typeorm/typeorm-ex.decorator.ts</ApplicationRelativeFilePath>
      <ProjectRelativeFilePath>typeorm-ex.decorator.ts</ProjectRelativeFilePath>
      <IsIgnored>false</IsIgnored>
    </FileLog>
    <FileLog>
      <ProjectId>eabbeff8-1ea0-4c77-99aa-ad1dbf116bfd</ProjectId>
      <CorrelationId>Intent.NodeJS.TypeORM.TypeOrmExModule</CorrelationId>
      <OverwriteBehaviour>always</OverwriteBehaviour>
      <ApplicationRelativeFilePath>../../source/nestjs-petclinic-rest/src/typeorm/typeorm-ex.module.ts</ApplicationRelativeFilePath>
      <ProjectRelativeFilePath>typeorm-ex.module.ts</ProjectRelativeFilePath>
      <IsIgnored>false</IsIgnored>
    </FileLog>
    <FileLog>
      <ProjectId>17674e94-c04b-46e8-9fe8-8ddf183851ee</ProjectId>
      <CorrelationId>Intent.NodeJS.NestJS.Controllers.ControllerBase</CorrelationId>
      <OverwriteBehaviour>always</OverwriteBehaviour>
      <ApplicationRelativeFilePath>../../source/nestjs-petclinic-rest/src/web/rest/controller.base.ts</ApplicationRelativeFilePath>
      <ProjectRelativeFilePath>controller.base.ts</ProjectRelativeFilePath>
      <IsIgnored>false</IsIgnored>
    </FileLog>
    <FileLog>
      <ProjectId>17674e94-c04b-46e8-9fe8-8ddf183851ee</ProjectId>
      <CorrelationId>Intent.NodeJS.NestJS.Controllers.Controller#6f40b401-47be-4cc2-a9bc-85dedc6b4535</CorrelationId>
      <OverwriteBehaviour>always</OverwriteBehaviour>
      <ApplicationRelativeFilePath>../../source/nestjs-petclinic-rest/src/web/rest/owner-rest.controller.ts</ApplicationRelativeFilePath>
      <ProjectRelativeFilePath>owner-rest.controller.ts</ProjectRelativeFilePath>
      <IsIgnored>false</IsIgnored>
    </FileLog>
    <FileLog>
      <ProjectId>17674e94-c04b-46e8-9fe8-8ddf183851ee</ProjectId>
      <CorrelationId>Intent.NodeJS.NestJS.Controllers.Controller#138a9bbf-cd1d-4a12-a867-0101e1bbee8f</CorrelationId>
      <OverwriteBehaviour>always</OverwriteBehaviour>
      <ApplicationRelativeFilePath>../../source/nestjs-petclinic-rest/src/web/rest/pet-rest.controller.ts</ApplicationRelativeFilePath>
      <ProjectRelativeFilePath>pet-rest.controller.ts</ProjectRelativeFilePath>
      <IsIgnored>false</IsIgnored>
    </FileLog>
    <FileLog>
      <ProjectId>17674e94-c04b-46e8-9fe8-8ddf183851ee</ProjectId>
      <CorrelationId>Intent.NodeJS.NestJS.Controllers.Controller#d6aa110a-6887-4262-9036-1a64e620da70</CorrelationId>
      <OverwriteBehaviour>always</OverwriteBehaviour>
      <ApplicationRelativeFilePath>../../source/nestjs-petclinic-rest/src/web/rest/pet-type-rest.controller.ts</ApplicationRelativeFilePath>
      <ProjectRelativeFilePath>pet-type-rest.controller.ts</ProjectRelativeFilePath>
      <IsIgnored>false</IsIgnored>
    </FileLog>
    <FileLog>
      <ProjectId>17674e94-c04b-46e8-9fe8-8ddf183851ee</ProjectId>
      <CorrelationId>Intent.NodeJS.NestJS.Controllers.Controller#573c68a9-585f-42af-864f-decd6ffeccc9</CorrelationId>
      <OverwriteBehaviour>always</OverwriteBehaviour>
      <ApplicationRelativeFilePath>../../source/nestjs-petclinic-rest/src/web/rest/specialty-rest.controller.ts</ApplicationRelativeFilePath>
      <ProjectRelativeFilePath>specialty-rest.controller.ts</ProjectRelativeFilePath>
      <IsIgnored>false</IsIgnored>
    </FileLog>
    <FileLog>
      <ProjectId>17674e94-c04b-46e8-9fe8-8ddf183851ee</ProjectId>
      <CorrelationId>Intent.NodeJS.NestJS.Controllers.Controller#7ec57d50-0b2a-49a5-b43a-aef9131a99bb</CorrelationId>
      <OverwriteBehaviour>always</OverwriteBehaviour>
      <ApplicationRelativeFilePath>../../source/nestjs-petclinic-rest/src/web/rest/vet-rest.controller.ts</ApplicationRelativeFilePath>
      <ProjectRelativeFilePath>vet-rest.controller.ts</ProjectRelativeFilePath>
      <IsIgnored>false</IsIgnored>
    </FileLog>
    <FileLog>
      <ProjectId>17674e94-c04b-46e8-9fe8-8ddf183851ee</ProjectId>
      <CorrelationId>Intent.NodeJS.NestJS.Controllers.Controller#8a3ec4bb-5b22-4293-8785-0336c74661c4</CorrelationId>
      <OverwriteBehaviour>always</OverwriteBehaviour>
      <ApplicationRelativeFilePath>../../source/nestjs-petclinic-rest/src/web/rest/visit-rest.controller.ts</ApplicationRelativeFilePath>
      <ProjectRelativeFilePath>visit-rest.controller.ts</ProjectRelativeFilePath>
      <IsIgnored>false</IsIgnored>
    </FileLog>
    <FileLog>
      <ProjectId>d7819f90-fec9-4ace-a874-0b9429f0075b</ProjectId>
      <OverwriteBehaviour>always</OverwriteBehaviour>
      <ApplicationRelativeFilePath>../../source/nestjs-petclinic-rest/tsconfig.build.json</ApplicationRelativeFilePath>
      <ProjectRelativeFilePath>tsconfig.build.json</ProjectRelativeFilePath>
      <IsIgnored>false</IsIgnored>
    </FileLog>
    <FileLog>
      <ProjectId>d7819f90-fec9-4ace-a874-0b9429f0075b</ProjectId>
      <OverwriteBehaviour>always</OverwriteBehaviour>
      <ApplicationRelativeFilePath>../../source/nestjs-petclinic-rest/tsconfig.json</ApplicationRelativeFilePath>
      <ProjectRelativeFilePath>tsconfig.json</ProjectRelativeFilePath>
      <IsIgnored>false</IsIgnored>
    </FileLog>
  </FileLogs>
</outputLog>