<?xml version="1.0" encoding="utf-8"?>
<outputLog>
  <ApplicationId>3b9a6d6e-1cf0-4aea-b0bc-adac6ace7c4b</ApplicationId>
  <FileLogs>
    <FileLog>
      <ProjectId>aad0939b-56a1-4294-aa6b-930d17d22a3d</ProjectId>
      <CorrelationId>Intent.VisualStudio.Projects.CoreWeb.AppSettings-Default#aad0939b-56a1-4294-aa6b-930d17d22a3d</CorrelationId>
      <ApplicationRelativeFilePath>../../source/dotnet5-petclinic-rest/PetClinic.Api/appsettings.json</ApplicationRelativeFilePath>
      <ProjectRelativeFilePath>appsettings.json</ProjectRelativeFilePath>
      <IsIgnored>false</IsIgnored>
    </FileLog>
    <FileLog>
      <ProjectId>5d91708c-d384-4d24-8bb6-9e11e9039f8b</ProjectId>
      <CorrelationId>Intent.Modules.AspNetCore.Cors.CorsConfiguration</CorrelationId>
      <ApplicationRelativeFilePath>../../source/dotnet5-petclinic-rest/PetClinic.Api/Configuration/CorsConfiguration.cs</ApplicationRelativeFilePath>
      <ProjectRelativeFilePath>CorsConfiguration.cs</ProjectRelativeFilePath>
      <IsIgnored>false</IsIgnored>
    </FileLog>
    <FileLog>
      <ProjectId>5d91708c-d384-4d24-8bb6-9e11e9039f8b</ProjectId>
      <CorrelationId>Intent.AspNetCore.Swashbuckle.SwashbuckleConfiguration</CorrelationId>
      <ApplicationRelativeFilePath>../../source/dotnet5-petclinic-rest/PetClinic.Api/Configuration/SwashbuckleConfiguration.cs</ApplicationRelativeFilePath>
      <ProjectRelativeFilePath>SwashbuckleConfiguration.cs</ProjectRelativeFilePath>
      <IsIgnored>false</IsIgnored>
    </FileLog>
    <FileLog>
      <ProjectId>b4d16374-fdf8-4e30-b755-d8487f34cdad</ProjectId>
      <CorrelationId>Intent.AspNetCore.Controllers.Controller#6f40b401-47be-4cc2-a9bc-85dedc6b4535</CorrelationId>
      <ApplicationRelativeFilePath>../../source/dotnet5-petclinic-rest/PetClinic.Api/Controllers/OwnerRestController.cs</ApplicationRelativeFilePath>
      <ProjectRelativeFilePath>OwnerRestController.cs</ProjectRelativeFilePath>
      <IsIgnored>false</IsIgnored>
    </FileLog>
    <FileLog>
      <ProjectId>b4d16374-fdf8-4e30-b755-d8487f34cdad</ProjectId>
      <CorrelationId>Intent.AspNetCore.Controllers.Controller#138a9bbf-cd1d-4a12-a867-0101e1bbee8f</CorrelationId>
      <ApplicationRelativeFilePath>../../source/dotnet5-petclinic-rest/PetClinic.Api/Controllers/PetRestController.cs</ApplicationRelativeFilePath>
      <ProjectRelativeFilePath>PetRestController.cs</ProjectRelativeFilePath>
      <IsIgnored>false</IsIgnored>
    </FileLog>
    <FileLog>
      <ProjectId>b4d16374-fdf8-4e30-b755-d8487f34cdad</ProjectId>
      <CorrelationId>Intent.AspNetCore.Controllers.Controller#d6aa110a-6887-4262-9036-1a64e620da70</CorrelationId>
      <ApplicationRelativeFilePath>../../source/dotnet5-petclinic-rest/PetClinic.Api/Controllers/PetTypeRestController.cs</ApplicationRelativeFilePath>
      <ProjectRelativeFilePath>PetTypeRestController.cs</ProjectRelativeFilePath>
      <IsIgnored>false</IsIgnored>
    </FileLog>
    <FileLog>
      <ProjectId>b4d16374-fdf8-4e30-b755-d8487f34cdad</ProjectId>
      <CorrelationId>Intent.AspNetCore.Controllers.Controller#573c68a9-585f-42af-864f-decd6ffeccc9</CorrelationId>
      <ApplicationRelativeFilePath>../../source/dotnet5-petclinic-rest/PetClinic.Api/Controllers/SpecialtyRestController.cs</ApplicationRelativeFilePath>
      <ProjectRelativeFilePath>SpecialtyRestController.cs</ProjectRelativeFilePath>
      <IsIgnored>false</IsIgnored>
    </FileLog>
    <FileLog>
      <ProjectId>b4d16374-fdf8-4e30-b755-d8487f34cdad</ProjectId>
      <CorrelationId>Intent.AspNetCore.Controllers.Controller#7ec57d50-0b2a-49a5-b43a-aef9131a99bb</CorrelationId>
      <ApplicationRelativeFilePath>../../source/dotnet5-petclinic-rest/PetClinic.Api/Controllers/VetRestController.cs</ApplicationRelativeFilePath>
      <ProjectRelativeFilePath>VetRestController.cs</ProjectRelativeFilePath>
      <IsIgnored>false</IsIgnored>
    </FileLog>
    <FileLog>
      <ProjectId>b4d16374-fdf8-4e30-b755-d8487f34cdad</ProjectId>
      <CorrelationId>Intent.AspNetCore.Controllers.Controller#8a3ec4bb-5b22-4293-8785-0336c74661c4</CorrelationId>
      <ApplicationRelativeFilePath>../../source/dotnet5-petclinic-rest/PetClinic.Api/Controllers/VisitRestController.cs</ApplicationRelativeFilePath>
      <ProjectRelativeFilePath>VisitRestController.cs</ProjectRelativeFilePath>
      <IsIgnored>false</IsIgnored>
    </FileLog>
    <FileLog>
      <ProjectId>4c6804de-2e91-44ca-a1c9-6538577f79d2</ProjectId>
      <CorrelationId>Intent.AspNetCore.Swashbuckle.AuthorizeCheckOperationFilter</CorrelationId>
      <ApplicationRelativeFilePath>../../source/dotnet5-petclinic-rest/PetClinic.Api/Filters/AuthorizeCheckOperationFilter.cs</ApplicationRelativeFilePath>
      <ProjectRelativeFilePath>AuthorizeCheckOperationFilter.cs</ProjectRelativeFilePath>
      <IsIgnored>false</IsIgnored>
    </FileLog>
    <FileLog>
      <ProjectId>aad0939b-56a1-4294-aa6b-930d17d22a3d</ProjectId>
      <CorrelationId>Intent.VisualStudio.Projects.CoreWeb.CSProject#aad0939b-56a1-4294-aa6b-930d17d22a3d</CorrelationId>
      <ApplicationRelativeFilePath>../../source/dotnet5-petclinic-rest/PetClinic.Api/PetClinic.Api.csproj</ApplicationRelativeFilePath>
      <ProjectRelativeFilePath>PetClinic.Api.csproj</ProjectRelativeFilePath>
      <IsIgnored>false</IsIgnored>
    </FileLog>
    <FileLog>
      <ProjectId>aad0939b-56a1-4294-aa6b-930d17d22a3d</ProjectId>
      <CorrelationId>Intent.AspNetCore.Program</CorrelationId>
      <ApplicationRelativeFilePath>../../source/dotnet5-petclinic-rest/PetClinic.Api/Program.cs</ApplicationRelativeFilePath>
      <ProjectRelativeFilePath>Program.cs</ProjectRelativeFilePath>
      <IsIgnored>false</IsIgnored>
    </FileLog>
    <FileLog>
      <ProjectId>aad0939b-56a1-4294-aa6b-930d17d22a3d</ProjectId>
      <CorrelationId>Intent.VisualStudio.Projects.CoreWeb.LaunchSettings#aad0939b-56a1-4294-aa6b-930d17d22a3d</CorrelationId>
      <ApplicationRelativeFilePath>../../source/dotnet5-petclinic-rest/PetClinic.Api/Properties/launchsettings.json</ApplicationRelativeFilePath>
      <ProjectRelativeFilePath>Properties/launchsettings.json</ProjectRelativeFilePath>
      <IsIgnored>false</IsIgnored>
    </FileLog>
    <FileLog>
      <ProjectId>aad0939b-56a1-4294-aa6b-930d17d22a3d</ProjectId>
      <CorrelationId>Intent.AspNetCore.Startup</CorrelationId>
      <ApplicationRelativeFilePath>../../source/dotnet5-petclinic-rest/PetClinic.Api/Startup.cs</ApplicationRelativeFilePath>
      <ProjectRelativeFilePath>Startup.cs</ProjectRelativeFilePath>
      <IsIgnored>true</IsIgnored>
    </FileLog>
    <FileLog>
      <ProjectId>2810e38d-9d95-443b-9aa3-c9fed85b3345</ProjectId>
      <CorrelationId>Intent.Application.AutoMapper.MapFromInterface</CorrelationId>
      <ApplicationRelativeFilePath>../../source/dotnet5-petclinic-rest/PetClinic.Application/Common/Mappings/IMapFrom.cs</ApplicationRelativeFilePath>
      <ProjectRelativeFilePath>IMapFrom.cs</ProjectRelativeFilePath>
      <IsIgnored>false</IsIgnored>
    </FileLog>
    <FileLog>
      <ProjectId>2810e38d-9d95-443b-9aa3-c9fed85b3345</ProjectId>
      <CorrelationId>Intent.Application.AutoMapper.MappingProfile</CorrelationId>
      <ApplicationRelativeFilePath>../../source/dotnet5-petclinic-rest/PetClinic.Application/Common/Mappings/MappingProfile.cs</ApplicationRelativeFilePath>
      <ProjectRelativeFilePath>MappingProfile.cs</ProjectRelativeFilePath>
      <IsIgnored>false</IsIgnored>
    </FileLog>
    <FileLog>
      <ProjectId>9f3d11b6-702d-4f14-bdbb-7cba65a0272a</ProjectId>
      <CorrelationId>Intent.Application.DependencyInjection.DependencyInjection</CorrelationId>
      <ApplicationRelativeFilePath>../../source/dotnet5-petclinic-rest/PetClinic.Application/DependencyInjection.cs</ApplicationRelativeFilePath>
      <ProjectRelativeFilePath>DependencyInjection.cs</ProjectRelativeFilePath>
      <IsIgnored>false</IsIgnored>
    </FileLog>
    <FileLog>
      <ProjectId>1b7bdae8-1f29-4370-8969-835b0eee41f9</ProjectId>
      <CorrelationId>Intent.Application.Dtos.DtoModel#4cd165f5-996f-4f86-b65b-26c28000f4fc</CorrelationId>
      <ApplicationRelativeFilePath>../../source/dotnet5-petclinic-rest/PetClinic.Application/Dtos/OwnerCreateDTO.cs</ApplicationRelativeFilePath>
      <ProjectRelativeFilePath>OwnerCreateDTO.cs</ProjectRelativeFilePath>
      <IsIgnored>false</IsIgnored>
    </FileLog>
    <FileLog>
      <ProjectId>1b7bdae8-1f29-4370-8969-835b0eee41f9</ProjectId>
      <CorrelationId>Intent.Application.Dtos.DtoModel#0f5ea2e5-56e4-49c6-8652-6532dc79334c</CorrelationId>
      <ApplicationRelativeFilePath>../../source/dotnet5-petclinic-rest/PetClinic.Application/Dtos/OwnerDTO.cs</ApplicationRelativeFilePath>
      <ProjectRelativeFilePath>OwnerDTO.cs</ProjectRelativeFilePath>
      <IsIgnored>false</IsIgnored>
    </FileLog>
    <FileLog>
      <ProjectId>1b7bdae8-1f29-4370-8969-835b0eee41f9</ProjectId>
      <CorrelationId>Intent.Application.Dtos.AutoMapper.MappingExtensions#0f5ea2e5-56e4-49c6-8652-6532dc79334c</CorrelationId>
      <ApplicationRelativeFilePath>../../source/dotnet5-petclinic-rest/PetClinic.Application/Dtos/OwnerDTOMappingExtensions.cs</ApplicationRelativeFilePath>
      <ProjectRelativeFilePath>OwnerDTOMappingExtensions.cs</ProjectRelativeFilePath>
      <IsIgnored>false</IsIgnored>
    </FileLog>
    <FileLog>
      <ProjectId>1b7bdae8-1f29-4370-8969-835b0eee41f9</ProjectId>
      <CorrelationId>Intent.Application.Dtos.DtoModel#b4c64cd0-62c8-46ab-a693-839d6ed7b113</CorrelationId>
      <ApplicationRelativeFilePath>../../source/dotnet5-petclinic-rest/PetClinic.Application/Dtos/OwnerUpdateDTO.cs</ApplicationRelativeFilePath>
      <ProjectRelativeFilePath>OwnerUpdateDTO.cs</ProjectRelativeFilePath>
      <IsIgnored>false</IsIgnored>
    </FileLog>
    <FileLog>
      <ProjectId>1b7bdae8-1f29-4370-8969-835b0eee41f9</ProjectId>
      <CorrelationId>Intent.Application.Dtos.DtoModel#aa6aeeb1-be0f-405b-9e39-3bbfcb9be518</CorrelationId>
      <ApplicationRelativeFilePath>../../source/dotnet5-petclinic-rest/PetClinic.Application/Dtos/PetCreateDTO.cs</ApplicationRelativeFilePath>
      <ProjectRelativeFilePath>PetCreateDTO.cs</ProjectRelativeFilePath>
      <IsIgnored>false</IsIgnored>
    </FileLog>
    <FileLog>
      <ProjectId>1b7bdae8-1f29-4370-8969-835b0eee41f9</ProjectId>
      <CorrelationId>Intent.Application.Dtos.DtoModel#c66f91c8-06bb-427a-b623-36a724d627d3</CorrelationId>
      <ApplicationRelativeFilePath>../../source/dotnet5-petclinic-rest/PetClinic.Application/Dtos/PetDTO.cs</ApplicationRelativeFilePath>
      <ProjectRelativeFilePath>PetDTO.cs</ProjectRelativeFilePath>
      <IsIgnored>false</IsIgnored>
    </FileLog>
    <FileLog>
      <ProjectId>1b7bdae8-1f29-4370-8969-835b0eee41f9</ProjectId>
      <CorrelationId>Intent.Application.Dtos.AutoMapper.MappingExtensions#c66f91c8-06bb-427a-b623-36a724d627d3</CorrelationId>
      <ApplicationRelativeFilePath>../../source/dotnet5-petclinic-rest/PetClinic.Application/Dtos/PetDTOMappingExtensions.cs</ApplicationRelativeFilePath>
      <ProjectRelativeFilePath>PetDTOMappingExtensions.cs</ProjectRelativeFilePath>
      <IsIgnored>false</IsIgnored>
    </FileLog>
    <FileLog>
      <ProjectId>1b7bdae8-1f29-4370-8969-835b0eee41f9</ProjectId>
      <CorrelationId>Intent.Application.Dtos.DtoModel#b567ee65-c344-492a-8cf0-678a444fde27</CorrelationId>
      <ApplicationRelativeFilePath>../../source/dotnet5-petclinic-rest/PetClinic.Application/Dtos/PetTypeDTO.cs</ApplicationRelativeFilePath>
      <ProjectRelativeFilePath>PetTypeDTO.cs</ProjectRelativeFilePath>
      <IsIgnored>false</IsIgnored>
    </FileLog>
    <FileLog>
      <ProjectId>1b7bdae8-1f29-4370-8969-835b0eee41f9</ProjectId>
      <CorrelationId>Intent.Application.Dtos.AutoMapper.MappingExtensions#b567ee65-c344-492a-8cf0-678a444fde27</CorrelationId>
      <ApplicationRelativeFilePath>../../source/dotnet5-petclinic-rest/PetClinic.Application/Dtos/PetTypeDTOMappingExtensions.cs</ApplicationRelativeFilePath>
      <ProjectRelativeFilePath>PetTypeDTOMappingExtensions.cs</ProjectRelativeFilePath>
      <IsIgnored>false</IsIgnored>
    </FileLog>
    <FileLog>
      <ProjectId>1b7bdae8-1f29-4370-8969-835b0eee41f9</ProjectId>
      <CorrelationId>Intent.Application.Dtos.DtoModel#c92739b9-877f-4b56-8cd6-c9957a744059</CorrelationId>
      <ApplicationRelativeFilePath>../../source/dotnet5-petclinic-rest/PetClinic.Application/Dtos/PetUpdateDTO.cs</ApplicationRelativeFilePath>
      <ProjectRelativeFilePath>PetUpdateDTO.cs</ProjectRelativeFilePath>
      <IsIgnored>false</IsIgnored>
    </FileLog>
    <FileLog>
      <ProjectId>1b7bdae8-1f29-4370-8969-835b0eee41f9</ProjectId>
      <CorrelationId>Intent.Application.Dtos.DtoModel#bb138e4b-409a-4ea9-9bb4-a33dcfa8a682</CorrelationId>
      <ApplicationRelativeFilePath>../../source/dotnet5-petclinic-rest/PetClinic.Application/Dtos/PetVisitDTO.cs</ApplicationRelativeFilePath>
      <ProjectRelativeFilePath>PetVisitDTO.cs</ProjectRelativeFilePath>
      <IsIgnored>false</IsIgnored>
    </FileLog>
    <FileLog>
      <ProjectId>1b7bdae8-1f29-4370-8969-835b0eee41f9</ProjectId>
      <CorrelationId>Intent.Application.Dtos.AutoMapper.MappingExtensions#bb138e4b-409a-4ea9-9bb4-a33dcfa8a682</CorrelationId>
      <ApplicationRelativeFilePath>../../source/dotnet5-petclinic-rest/PetClinic.Application/Dtos/PetVisitDTOMappingExtensions.cs</ApplicationRelativeFilePath>
      <ProjectRelativeFilePath>PetVisitDTOMappingExtensions.cs</ProjectRelativeFilePath>
      <IsIgnored>false</IsIgnored>
    </FileLog>
    <FileLog>
      <ProjectId>1b7bdae8-1f29-4370-8969-835b0eee41f9</ProjectId>
      <CorrelationId>Intent.Application.Dtos.DtoModel#569f8450-0cbb-4f32-a376-018fdd1d7f5c</CorrelationId>
      <ApplicationRelativeFilePath>../../source/dotnet5-petclinic-rest/PetClinic.Application/Dtos/SpecialtyDTO.cs</ApplicationRelativeFilePath>
      <ProjectRelativeFilePath>SpecialtyDTO.cs</ProjectRelativeFilePath>
      <IsIgnored>false</IsIgnored>
    </FileLog>
    <FileLog>
      <ProjectId>1b7bdae8-1f29-4370-8969-835b0eee41f9</ProjectId>
      <CorrelationId>Intent.Application.Dtos.AutoMapper.MappingExtensions#569f8450-0cbb-4f32-a376-018fdd1d7f5c</CorrelationId>
      <ApplicationRelativeFilePath>../../source/dotnet5-petclinic-rest/PetClinic.Application/Dtos/SpecialtyDTOMappingExtensions.cs</ApplicationRelativeFilePath>
      <ProjectRelativeFilePath>SpecialtyDTOMappingExtensions.cs</ProjectRelativeFilePath>
      <IsIgnored>false</IsIgnored>
    </FileLog>
    <FileLog>
      <ProjectId>1b7bdae8-1f29-4370-8969-835b0eee41f9</ProjectId>
      <CorrelationId>Intent.Application.Dtos.DtoModel#8414e6b8-558e-4eaa-bd29-550989db6176</CorrelationId>
      <ApplicationRelativeFilePath>../../source/dotnet5-petclinic-rest/PetClinic.Application/Dtos/VetCreateDTO.cs</ApplicationRelativeFilePath>
      <ProjectRelativeFilePath>VetCreateDTO.cs</ProjectRelativeFilePath>
      <IsIgnored>false</IsIgnored>
    </FileLog>
    <FileLog>
      <ProjectId>1b7bdae8-1f29-4370-8969-835b0eee41f9</ProjectId>
      <CorrelationId>Intent.Application.Dtos.DtoModel#d60384f8-059a-47f2-9b37-da4d913c8b49</CorrelationId>
      <ApplicationRelativeFilePath>../../source/dotnet5-petclinic-rest/PetClinic.Application/Dtos/VetDTO.cs</ApplicationRelativeFilePath>
      <ProjectRelativeFilePath>VetDTO.cs</ProjectRelativeFilePath>
      <IsIgnored>false</IsIgnored>
    </FileLog>
    <FileLog>
      <ProjectId>1b7bdae8-1f29-4370-8969-835b0eee41f9</ProjectId>
      <CorrelationId>Intent.Application.Dtos.AutoMapper.MappingExtensions#d60384f8-059a-47f2-9b37-da4d913c8b49</CorrelationId>
      <ApplicationRelativeFilePath>../../source/dotnet5-petclinic-rest/PetClinic.Application/Dtos/VetDTOMappingExtensions.cs</ApplicationRelativeFilePath>
      <ProjectRelativeFilePath>VetDTOMappingExtensions.cs</ProjectRelativeFilePath>
      <IsIgnored>false</IsIgnored>
    </FileLog>
    <FileLog>
      <ProjectId>1b7bdae8-1f29-4370-8969-835b0eee41f9</ProjectId>
      <CorrelationId>Intent.Application.Dtos.DtoModel#4fbd75ee-114e-4da7-a35c-bf5590888c68</CorrelationId>
      <ApplicationRelativeFilePath>../../source/dotnet5-petclinic-rest/PetClinic.Application/Dtos/VetUpdateDTO.cs</ApplicationRelativeFilePath>
      <ProjectRelativeFilePath>VetUpdateDTO.cs</ProjectRelativeFilePath>
      <IsIgnored>false</IsIgnored>
    </FileLog>
    <FileLog>
      <ProjectId>1b7bdae8-1f29-4370-8969-835b0eee41f9</ProjectId>
      <CorrelationId>Intent.Application.Dtos.DtoModel#d7e8deff-e0fa-4af2-8df7-adc47bc6de84</CorrelationId>
      <ApplicationRelativeFilePath>../../source/dotnet5-petclinic-rest/PetClinic.Application/Dtos/VisitCreateDTO.cs</ApplicationRelativeFilePath>
      <ProjectRelativeFilePath>VisitCreateDTO.cs</ProjectRelativeFilePath>
      <IsIgnored>false</IsIgnored>
    </FileLog>
    <FileLog>
      <ProjectId>1b7bdae8-1f29-4370-8969-835b0eee41f9</ProjectId>
      <CorrelationId>Intent.Application.Dtos.DtoModel#49e21c4f-0032-4f1c-b8ef-9c6c1a2cd3cf</CorrelationId>
      <ApplicationRelativeFilePath>../../source/dotnet5-petclinic-rest/PetClinic.Application/Dtos/VisitDTO.cs</ApplicationRelativeFilePath>
      <ProjectRelativeFilePath>VisitDTO.cs</ProjectRelativeFilePath>
      <IsIgnored>false</IsIgnored>
    </FileLog>
    <FileLog>
      <ProjectId>1b7bdae8-1f29-4370-8969-835b0eee41f9</ProjectId>
      <CorrelationId>Intent.Application.Dtos.AutoMapper.MappingExtensions#49e21c4f-0032-4f1c-b8ef-9c6c1a2cd3cf</CorrelationId>
      <ApplicationRelativeFilePath>../../source/dotnet5-petclinic-rest/PetClinic.Application/Dtos/VisitDTOMappingExtensions.cs</ApplicationRelativeFilePath>
      <ProjectRelativeFilePath>VisitDTOMappingExtensions.cs</ProjectRelativeFilePath>
      <IsIgnored>false</IsIgnored>
    </FileLog>
    <FileLog>
      <ProjectId>1b7bdae8-1f29-4370-8969-835b0eee41f9</ProjectId>
      <CorrelationId>Intent.Application.Dtos.DtoModel#ef8cab3b-1ed9-4ff8-9227-fd68640edd0d</CorrelationId>
      <ApplicationRelativeFilePath>../../source/dotnet5-petclinic-rest/PetClinic.Application/Dtos/VisitUpdateDTO.cs</ApplicationRelativeFilePath>
      <ProjectRelativeFilePath>VisitUpdateDTO.cs</ProjectRelativeFilePath>
      <IsIgnored>false</IsIgnored>
    </FileLog>
    <FileLog>
      <ProjectId>40918a15-2435-4d58-82c2-a0227e0ce7e1</ProjectId>
      <CorrelationId>Intent.Application.ServiceImplementations#6f40b401-47be-4cc2-a9bc-85dedc6b4535</CorrelationId>
      <ApplicationRelativeFilePath>../../source/dotnet5-petclinic-rest/PetClinic.Application/Implementation/OwnerService.cs</ApplicationRelativeFilePath>
      <ProjectRelativeFilePath>OwnerService.cs</ProjectRelativeFilePath>
      <IsIgnored>false</IsIgnored>
    </FileLog>
    <FileLog>
      <ProjectId>40918a15-2435-4d58-82c2-a0227e0ce7e1</ProjectId>
      <CorrelationId>Intent.Application.ServiceImplementations#138a9bbf-cd1d-4a12-a867-0101e1bbee8f</CorrelationId>
      <ApplicationRelativeFilePath>../../source/dotnet5-petclinic-rest/PetClinic.Application/Implementation/PetService.cs</ApplicationRelativeFilePath>
      <ProjectRelativeFilePath>PetService.cs</ProjectRelativeFilePath>
      <IsIgnored>false</IsIgnored>
    </FileLog>
    <FileLog>
      <ProjectId>40918a15-2435-4d58-82c2-a0227e0ce7e1</ProjectId>
      <CorrelationId>Intent.Application.ServiceImplementations#d6aa110a-6887-4262-9036-1a64e620da70</CorrelationId>
      <ApplicationRelativeFilePath>../../source/dotnet5-petclinic-rest/PetClinic.Application/Implementation/PetTypeService.cs</ApplicationRelativeFilePath>
      <ProjectRelativeFilePath>PetTypeService.cs</ProjectRelativeFilePath>
      <IsIgnored>false</IsIgnored>
    </FileLog>
    <FileLog>
      <ProjectId>40918a15-2435-4d58-82c2-a0227e0ce7e1</ProjectId>
      <CorrelationId>Intent.Application.ServiceImplementations#573c68a9-585f-42af-864f-decd6ffeccc9</CorrelationId>
      <ApplicationRelativeFilePath>../../source/dotnet5-petclinic-rest/PetClinic.Application/Implementation/SpecialtyService.cs</ApplicationRelativeFilePath>
      <ProjectRelativeFilePath>SpecialtyService.cs</ProjectRelativeFilePath>
      <IsIgnored>false</IsIgnored>
    </FileLog>
    <FileLog>
      <ProjectId>40918a15-2435-4d58-82c2-a0227e0ce7e1</ProjectId>
      <CorrelationId>Intent.Application.ServiceImplementations#7ec57d50-0b2a-49a5-b43a-aef9131a99bb</CorrelationId>
      <ApplicationRelativeFilePath>../../source/dotnet5-petclinic-rest/PetClinic.Application/Implementation/VetService.cs</ApplicationRelativeFilePath>
      <ProjectRelativeFilePath>VetService.cs</ProjectRelativeFilePath>
      <IsIgnored>false</IsIgnored>
    </FileLog>
    <FileLog>
      <ProjectId>40918a15-2435-4d58-82c2-a0227e0ce7e1</ProjectId>
      <CorrelationId>Intent.Application.ServiceImplementations#8a3ec4bb-5b22-4293-8785-0336c74661c4</CorrelationId>
      <ApplicationRelativeFilePath>../../source/dotnet5-petclinic-rest/PetClinic.Application/Implementation/VisitService.cs</ApplicationRelativeFilePath>
      <ProjectRelativeFilePath>VisitService.cs</ProjectRelativeFilePath>
      <IsIgnored>false</IsIgnored>
    </FileLog>
    <FileLog>
      <ProjectId>b5e97be7-194a-4fd2-b317-44b3dbffe4a5</ProjectId>
      <CorrelationId>Intent.Application.Contracts.ServiceContract#6f40b401-47be-4cc2-a9bc-85dedc6b4535</CorrelationId>
      <ApplicationRelativeFilePath>../../source/dotnet5-petclinic-rest/PetClinic.Application/Interfaces/IOwnerService.cs</ApplicationRelativeFilePath>
      <ProjectRelativeFilePath>IOwnerService.cs</ProjectRelativeFilePath>
      <IsIgnored>false</IsIgnored>
    </FileLog>
    <FileLog>
      <ProjectId>b5e97be7-194a-4fd2-b317-44b3dbffe4a5</ProjectId>
      <CorrelationId>Intent.Application.Contracts.ServiceContract#138a9bbf-cd1d-4a12-a867-0101e1bbee8f</CorrelationId>
      <ApplicationRelativeFilePath>../../source/dotnet5-petclinic-rest/PetClinic.Application/Interfaces/IPetService.cs</ApplicationRelativeFilePath>
      <ProjectRelativeFilePath>IPetService.cs</ProjectRelativeFilePath>
      <IsIgnored>false</IsIgnored>
    </FileLog>
    <FileLog>
      <ProjectId>b5e97be7-194a-4fd2-b317-44b3dbffe4a5</ProjectId>
      <CorrelationId>Intent.Application.Contracts.ServiceContract#d6aa110a-6887-4262-9036-1a64e620da70</CorrelationId>
      <ApplicationRelativeFilePath>../../source/dotnet5-petclinic-rest/PetClinic.Application/Interfaces/IPetTypeService.cs</ApplicationRelativeFilePath>
      <ProjectRelativeFilePath>IPetTypeService.cs</ProjectRelativeFilePath>
      <IsIgnored>false</IsIgnored>
    </FileLog>
    <FileLog>
      <ProjectId>b5e97be7-194a-4fd2-b317-44b3dbffe4a5</ProjectId>
      <CorrelationId>Intent.Application.Contracts.ServiceContract#573c68a9-585f-42af-864f-decd6ffeccc9</CorrelationId>
      <ApplicationRelativeFilePath>../../source/dotnet5-petclinic-rest/PetClinic.Application/Interfaces/ISpecialtyService.cs</ApplicationRelativeFilePath>
      <ProjectRelativeFilePath>ISpecialtyService.cs</ProjectRelativeFilePath>
      <IsIgnored>false</IsIgnored>
    </FileLog>
    <FileLog>
      <ProjectId>b5e97be7-194a-4fd2-b317-44b3dbffe4a5</ProjectId>
      <CorrelationId>Intent.Application.Contracts.ServiceContract#7ec57d50-0b2a-49a5-b43a-aef9131a99bb</CorrelationId>
      <ApplicationRelativeFilePath>../../source/dotnet5-petclinic-rest/PetClinic.Application/Interfaces/IVetService.cs</ApplicationRelativeFilePath>
      <ProjectRelativeFilePath>IVetService.cs</ProjectRelativeFilePath>
      <IsIgnored>false</IsIgnored>
    </FileLog>
    <FileLog>
      <ProjectId>b5e97be7-194a-4fd2-b317-44b3dbffe4a5</ProjectId>
      <CorrelationId>Intent.Application.Contracts.ServiceContract#8a3ec4bb-5b22-4293-8785-0336c74661c4</CorrelationId>
      <ApplicationRelativeFilePath>../../source/dotnet5-petclinic-rest/PetClinic.Application/Interfaces/IVisitService.cs</ApplicationRelativeFilePath>
      <ProjectRelativeFilePath>IVisitService.cs</ProjectRelativeFilePath>
      <IsIgnored>false</IsIgnored>
    </FileLog>
    <FileLog>
      <ProjectId>9f3d11b6-702d-4f14-bdbb-7cba65a0272a</ProjectId>
      <CorrelationId>Intent.VisualStudio.Projects.CoreLibrary.CSProject#9f3d11b6-702d-4f14-bdbb-7cba65a0272a</CorrelationId>
      <ApplicationRelativeFilePath>../../source/dotnet5-petclinic-rest/PetClinic.Application/PetClinic.Application.csproj</ApplicationRelativeFilePath>
      <ProjectRelativeFilePath>PetClinic.Application.csproj</ProjectRelativeFilePath>
      <IsIgnored>false</IsIgnored>
    </FileLog>
    <FileLog>
      <ProjectId>fd19f414-4f07-4f70-8636-074015e608bd</ProjectId>
      <CorrelationId>Intent.Entities.Repositories.Api.UnitOfWorkInterface</CorrelationId>
      <ApplicationRelativeFilePath>../../source/dotnet5-petclinic-rest/PetClinic.Domain/Common/Interfaces/IUnitOfWork.cs</ApplicationRelativeFilePath>
      <ProjectRelativeFilePath>IUnitOfWork.cs</ProjectRelativeFilePath>
      <IsIgnored>false</IsIgnored>
    </FileLog>
    <FileLog>
      <ProjectId>dbf173c8-b7d6-41cf-9436-ba8acb1690c1</ProjectId>
      <CorrelationId>Intent.Entities.Keys.IdentityGenerator</CorrelationId>
      <ApplicationRelativeFilePath>../../source/dotnet5-petclinic-rest/PetClinic.Domain/Entities/Common/IdentityGenerator.cs</ApplicationRelativeFilePath>
      <ProjectRelativeFilePath>IdentityGenerator.cs</ProjectRelativeFilePath>
      <IsIgnored>false</IsIgnored>
    </FileLog>
    <FileLog>
      <ProjectId>3a83110f-1f22-4889-aae9-814c5a793e82</ProjectId>
      <CorrelationId>Intent.Entities.DomainEntityInterface#c5d02993-df1d-4c79-a5e1-d7c0b474aec1</CorrelationId>
      <ApplicationRelativeFilePath>../../source/dotnet5-petclinic-rest/PetClinic.Domain/Entities/IOwner.cs</ApplicationRelativeFilePath>
      <ProjectRelativeFilePath>IOwner.cs</ProjectRelativeFilePath>
      <IsIgnored>false</IsIgnored>
    </FileLog>
    <FileLog>
      <ProjectId>3a83110f-1f22-4889-aae9-814c5a793e82</ProjectId>
      <CorrelationId>Intent.Entities.DomainEntityInterface#1cada2f2-b08e-4caf-8505-7bc92f69bab6</CorrelationId>
      <ApplicationRelativeFilePath>../../source/dotnet5-petclinic-rest/PetClinic.Domain/Entities/IPet.cs</ApplicationRelativeFilePath>
      <ProjectRelativeFilePath>IPet.cs</ProjectRelativeFilePath>
      <IsIgnored>false</IsIgnored>
    </FileLog>
    <FileLog>
      <ProjectId>3a83110f-1f22-4889-aae9-814c5a793e82</ProjectId>
      <CorrelationId>Intent.Entities.DomainEntityInterface#732f9d1f-cae2-49b5-bbb3-215cbf1b4834</CorrelationId>
      <ApplicationRelativeFilePath>../../source/dotnet5-petclinic-rest/PetClinic.Domain/Entities/IPetType.cs</ApplicationRelativeFilePath>
      <ProjectRelativeFilePath>IPetType.cs</ProjectRelativeFilePath>
      <IsIgnored>false</IsIgnored>
    </FileLog>
    <FileLog>
      <ProjectId>3a83110f-1f22-4889-aae9-814c5a793e82</ProjectId>
      <CorrelationId>Intent.Entities.DomainEntityInterface#2b74779f-48ab-4cd1-8002-097d26dcf584</CorrelationId>
      <ApplicationRelativeFilePath>../../source/dotnet5-petclinic-rest/PetClinic.Domain/Entities/ISpecialty.cs</ApplicationRelativeFilePath>
      <ProjectRelativeFilePath>ISpecialty.cs</ProjectRelativeFilePath>
      <IsIgnored>false</IsIgnored>
    </FileLog>
    <FileLog>
      <ProjectId>3a83110f-1f22-4889-aae9-814c5a793e82</ProjectId>
      <CorrelationId>Intent.Entities.DomainEntityInterface#62166c3b-8dce-465c-b978-1237cc69b64e</CorrelationId>
      <ApplicationRelativeFilePath>../../source/dotnet5-petclinic-rest/PetClinic.Domain/Entities/IVet.cs</ApplicationRelativeFilePath>
      <ProjectRelativeFilePath>IVet.cs</ProjectRelativeFilePath>
      <IsIgnored>false</IsIgnored>
    </FileLog>
    <FileLog>
      <ProjectId>3a83110f-1f22-4889-aae9-814c5a793e82</ProjectId>
      <CorrelationId>Intent.Entities.DomainEntityInterface#83fb9ee9-cd31-473a-bed1-38abaaa122c2</CorrelationId>
      <ApplicationRelativeFilePath>../../source/dotnet5-petclinic-rest/PetClinic.Domain/Entities/IVisit.cs</ApplicationRelativeFilePath>
      <ProjectRelativeFilePath>IVisit.cs</ProjectRelativeFilePath>
      <IsIgnored>false</IsIgnored>
    </FileLog>
    <FileLog>
      <ProjectId>3a83110f-1f22-4889-aae9-814c5a793e82</ProjectId>
      <CorrelationId>Intent.Entities.DomainEntity#c5d02993-df1d-4c79-a5e1-d7c0b474aec1</CorrelationId>
      <ApplicationRelativeFilePath>../../source/dotnet5-petclinic-rest/PetClinic.Domain/Entities/Owner.cs</ApplicationRelativeFilePath>
      <ProjectRelativeFilePath>Owner.cs</ProjectRelativeFilePath>
      <IsIgnored>false</IsIgnored>
    </FileLog>
    <FileLog>
      <ProjectId>3a83110f-1f22-4889-aae9-814c5a793e82</ProjectId>
      <CorrelationId>Intent.Entities.DomainEntityState#c5d02993-df1d-4c79-a5e1-d7c0b474aec1</CorrelationId>
      <ApplicationRelativeFilePath>../../source/dotnet5-petclinic-rest/PetClinic.Domain/Entities/OwnerState.cs</ApplicationRelativeFilePath>
      <ProjectRelativeFilePath>OwnerState.cs</ProjectRelativeFilePath>
      <IsIgnored>false</IsIgnored>
    </FileLog>
    <FileLog>
      <ProjectId>3a83110f-1f22-4889-aae9-814c5a793e82</ProjectId>
      <CorrelationId>Intent.Entities.DomainEntity#1cada2f2-b08e-4caf-8505-7bc92f69bab6</CorrelationId>
      <ApplicationRelativeFilePath>../../source/dotnet5-petclinic-rest/PetClinic.Domain/Entities/Pet.cs</ApplicationRelativeFilePath>
      <ProjectRelativeFilePath>Pet.cs</ProjectRelativeFilePath>
      <IsIgnored>false</IsIgnored>
    </FileLog>
    <FileLog>
      <ProjectId>3a83110f-1f22-4889-aae9-814c5a793e82</ProjectId>
      <CorrelationId>Intent.Entities.DomainEntityState#1cada2f2-b08e-4caf-8505-7bc92f69bab6</CorrelationId>
      <ApplicationRelativeFilePath>../../source/dotnet5-petclinic-rest/PetClinic.Domain/Entities/PetState.cs</ApplicationRelativeFilePath>
      <ProjectRelativeFilePath>PetState.cs</ProjectRelativeFilePath>
      <IsIgnored>false</IsIgnored>
    </FileLog>
    <FileLog>
      <ProjectId>3a83110f-1f22-4889-aae9-814c5a793e82</ProjectId>
      <CorrelationId>Intent.Entities.DomainEntity#732f9d1f-cae2-49b5-bbb3-215cbf1b4834</CorrelationId>
      <ApplicationRelativeFilePath>../../source/dotnet5-petclinic-rest/PetClinic.Domain/Entities/PetType.cs</ApplicationRelativeFilePath>
      <ProjectRelativeFilePath>PetType.cs</ProjectRelativeFilePath>
      <IsIgnored>false</IsIgnored>
    </FileLog>
    <FileLog>
      <ProjectId>3a83110f-1f22-4889-aae9-814c5a793e82</ProjectId>
      <CorrelationId>Intent.Entities.DomainEntityState#732f9d1f-cae2-49b5-bbb3-215cbf1b4834</CorrelationId>
      <ApplicationRelativeFilePath>../../source/dotnet5-petclinic-rest/PetClinic.Domain/Entities/PetTypeState.cs</ApplicationRelativeFilePath>
      <ProjectRelativeFilePath>PetTypeState.cs</ProjectRelativeFilePath>
      <IsIgnored>false</IsIgnored>
    </FileLog>
    <FileLog>
      <ProjectId>3a83110f-1f22-4889-aae9-814c5a793e82</ProjectId>
      <CorrelationId>Intent.Entities.DomainEntity#2b74779f-48ab-4cd1-8002-097d26dcf584</CorrelationId>
      <ApplicationRelativeFilePath>../../source/dotnet5-petclinic-rest/PetClinic.Domain/Entities/Specialty.cs</ApplicationRelativeFilePath>
      <ProjectRelativeFilePath>Specialty.cs</ProjectRelativeFilePath>
      <IsIgnored>false</IsIgnored>
    </FileLog>
    <FileLog>
      <ProjectId>3a83110f-1f22-4889-aae9-814c5a793e82</ProjectId>
      <CorrelationId>Intent.Entities.DomainEntityState#2b74779f-48ab-4cd1-8002-097d26dcf584</CorrelationId>
      <ApplicationRelativeFilePath>../../source/dotnet5-petclinic-rest/PetClinic.Domain/Entities/SpecialtyState.cs</ApplicationRelativeFilePath>
      <ProjectRelativeFilePath>SpecialtyState.cs</ProjectRelativeFilePath>
      <IsIgnored>false</IsIgnored>
    </FileLog>
    <FileLog>
      <ProjectId>3a83110f-1f22-4889-aae9-814c5a793e82</ProjectId>
      <CorrelationId>Intent.Entities.DomainEntity#62166c3b-8dce-465c-b978-1237cc69b64e</CorrelationId>
      <ApplicationRelativeFilePath>../../source/dotnet5-petclinic-rest/PetClinic.Domain/Entities/Vet.cs</ApplicationRelativeFilePath>
      <ProjectRelativeFilePath>Vet.cs</ProjectRelativeFilePath>
      <IsIgnored>false</IsIgnored>
    </FileLog>
    <FileLog>
      <ProjectId>3a83110f-1f22-4889-aae9-814c5a793e82</ProjectId>
      <CorrelationId>Intent.Entities.DomainEntityState#62166c3b-8dce-465c-b978-1237cc69b64e</CorrelationId>
      <ApplicationRelativeFilePath>../../source/dotnet5-petclinic-rest/PetClinic.Domain/Entities/VetState.cs</ApplicationRelativeFilePath>
      <ProjectRelativeFilePath>VetState.cs</ProjectRelativeFilePath>
      <IsIgnored>false</IsIgnored>
    </FileLog>
    <FileLog>
      <ProjectId>3a83110f-1f22-4889-aae9-814c5a793e82</ProjectId>
      <CorrelationId>Intent.Entities.DomainEntity#83fb9ee9-cd31-473a-bed1-38abaaa122c2</CorrelationId>
      <ApplicationRelativeFilePath>../../source/dotnet5-petclinic-rest/PetClinic.Domain/Entities/Visit.cs</ApplicationRelativeFilePath>
      <ProjectRelativeFilePath>Visit.cs</ProjectRelativeFilePath>
      <IsIgnored>false</IsIgnored>
    </FileLog>
    <FileLog>
      <ProjectId>3a83110f-1f22-4889-aae9-814c5a793e82</ProjectId>
      <CorrelationId>Intent.Entities.DomainEntityState#83fb9ee9-cd31-473a-bed1-38abaaa122c2</CorrelationId>
      <ApplicationRelativeFilePath>../../source/dotnet5-petclinic-rest/PetClinic.Domain/Entities/VisitState.cs</ApplicationRelativeFilePath>
      <ProjectRelativeFilePath>VisitState.cs</ProjectRelativeFilePath>
      <IsIgnored>false</IsIgnored>
    </FileLog>
    <FileLog>
      <ProjectId>f831cd54-e897-4477-9cd4-dfa49482ed91</ProjectId>
      <CorrelationId>Intent.VisualStudio.Projects.CoreLibrary.CSProject#f831cd54-e897-4477-9cd4-dfa49482ed91</CorrelationId>
      <ApplicationRelativeFilePath>../../source/dotnet5-petclinic-rest/PetClinic.Domain/PetClinic.Domain.csproj</ApplicationRelativeFilePath>
      <ProjectRelativeFilePath>PetClinic.Domain.csproj</ProjectRelativeFilePath>
      <IsIgnored>false</IsIgnored>
    </FileLog>
    <FileLog>
      <ProjectId>d6e05f69-e16b-4e21-982e-8dc79b55bf9b</ProjectId>
      <CorrelationId>Intent.Entities.Repositories.Api.EntityRepositoryInterface#c5d02993-df1d-4c79-a5e1-d7c0b474aec1</CorrelationId>
      <ApplicationRelativeFilePath>../../source/dotnet5-petclinic-rest/PetClinic.Domain/Repositories/IOwnerRepository.cs</ApplicationRelativeFilePath>
      <ProjectRelativeFilePath>IOwnerRepository.cs</ProjectRelativeFilePath>
      <IsIgnored>false</IsIgnored>
    </FileLog>
    <FileLog>
      <ProjectId>d6e05f69-e16b-4e21-982e-8dc79b55bf9b</ProjectId>
      <CorrelationId>Intent.Entities.Repositories.Api.PagedResultInterface</CorrelationId>
      <ApplicationRelativeFilePath>../../source/dotnet5-petclinic-rest/PetClinic.Domain/Repositories/IPagedResult.cs</ApplicationRelativeFilePath>
      <ProjectRelativeFilePath>IPagedResult.cs</ProjectRelativeFilePath>
      <IsIgnored>false</IsIgnored>
    </FileLog>
    <FileLog>
      <ProjectId>d6e05f69-e16b-4e21-982e-8dc79b55bf9b</ProjectId>
      <CorrelationId>Intent.Entities.Repositories.Api.EntityRepositoryInterface#1cada2f2-b08e-4caf-8505-7bc92f69bab6</CorrelationId>
      <ApplicationRelativeFilePath>../../source/dotnet5-petclinic-rest/PetClinic.Domain/Repositories/IPetRepository.cs</ApplicationRelativeFilePath>
      <ProjectRelativeFilePath>IPetRepository.cs</ProjectRelativeFilePath>
      <IsIgnored>false</IsIgnored>
    </FileLog>
    <FileLog>
      <ProjectId>d6e05f69-e16b-4e21-982e-8dc79b55bf9b</ProjectId>
      <CorrelationId>Intent.Entities.Repositories.Api.EntityRepositoryInterface#732f9d1f-cae2-49b5-bbb3-215cbf1b4834</CorrelationId>
      <ApplicationRelativeFilePath>../../source/dotnet5-petclinic-rest/PetClinic.Domain/Repositories/IPetTypeRepository.cs</ApplicationRelativeFilePath>
      <ProjectRelativeFilePath>IPetTypeRepository.cs</ProjectRelativeFilePath>
      <IsIgnored>false</IsIgnored>
    </FileLog>
    <FileLog>
      <ProjectId>d6e05f69-e16b-4e21-982e-8dc79b55bf9b</ProjectId>
      <CorrelationId>Intent.Entities.Repositories.Api.RepositoryInterface</CorrelationId>
      <ApplicationRelativeFilePath>../../source/dotnet5-petclinic-rest/PetClinic.Domain/Repositories/IRepository.cs</ApplicationRelativeFilePath>
      <ProjectRelativeFilePath>IRepository.cs</ProjectRelativeFilePath>
      <IsIgnored>false</IsIgnored>
    </FileLog>
    <FileLog>
      <ProjectId>d6e05f69-e16b-4e21-982e-8dc79b55bf9b</ProjectId>
      <CorrelationId>Intent.Entities.Repositories.Api.EntityRepositoryInterface#2b74779f-48ab-4cd1-8002-097d26dcf584</CorrelationId>
      <ApplicationRelativeFilePath>../../source/dotnet5-petclinic-rest/PetClinic.Domain/Repositories/ISpecialtyRepository.cs</ApplicationRelativeFilePath>
      <ProjectRelativeFilePath>ISpecialtyRepository.cs</ProjectRelativeFilePath>
      <IsIgnored>false</IsIgnored>
    </FileLog>
    <FileLog>
      <ProjectId>d6e05f69-e16b-4e21-982e-8dc79b55bf9b</ProjectId>
      <CorrelationId>Intent.Entities.Repositories.Api.EntityRepositoryInterface#62166c3b-8dce-465c-b978-1237cc69b64e</CorrelationId>
      <ApplicationRelativeFilePath>../../source/dotnet5-petclinic-rest/PetClinic.Domain/Repositories/IVetRepository.cs</ApplicationRelativeFilePath>
      <ProjectRelativeFilePath>IVetRepository.cs</ProjectRelativeFilePath>
      <IsIgnored>false</IsIgnored>
    </FileLog>
    <FileLog>
      <ProjectId>d6e05f69-e16b-4e21-982e-8dc79b55bf9b</ProjectId>
      <CorrelationId>Intent.Entities.Repositories.Api.EntityRepositoryInterface#83fb9ee9-cd31-473a-bed1-38abaaa122c2</CorrelationId>
      <ApplicationRelativeFilePath>../../source/dotnet5-petclinic-rest/PetClinic.Domain/Repositories/IVisitRepository.cs</ApplicationRelativeFilePath>
      <ProjectRelativeFilePath>IVisitRepository.cs</ProjectRelativeFilePath>
      <IsIgnored>false</IsIgnored>
    </FileLog>
    <FileLog>
      <ProjectId>a27bace3-6846-4929-a9d5-978bbf5120dc</ProjectId>
      <CorrelationId>Intent.Infrastructure.DependencyInjection.DependencyInjection</CorrelationId>
      <ApplicationRelativeFilePath>../../source/dotnet5-petclinic-rest/PetClinic.Infrastructure/DependencyInjection.cs</ApplicationRelativeFilePath>
      <ProjectRelativeFilePath>DependencyInjection.cs</ProjectRelativeFilePath>
      <IsIgnored>false</IsIgnored>
    </FileLog>
    <FileLog>
      <ProjectId>486ebca5-5f95-442b-8432-cf675baa9bdb</ProjectId>
      <CorrelationId>Intent.EntityFrameworkCore.DbContext</CorrelationId>
      <ApplicationRelativeFilePath>../../source/dotnet5-petclinic-rest/PetClinic.Infrastructure/Persistence/ApplicationDbContext.cs</ApplicationRelativeFilePath>
      <ProjectRelativeFilePath>ApplicationDbContext.cs</ProjectRelativeFilePath>
      <IsIgnored>false</IsIgnored>
    </FileLog>
    <FileLog>
      <ProjectId>3cc11a76-70c7-4139-9ade-d702274229f3</ProjectId>
      <CorrelationId>Intent.EntityFrameworkCore.EntityTypeConfiguration#c5d02993-df1d-4c79-a5e1-d7c0b474aec1</CorrelationId>
      <ApplicationRelativeFilePath>../../source/dotnet5-petclinic-rest/PetClinic.Infrastructure/Persistence/Configurations/OwnerConfiguration.cs</ApplicationRelativeFilePath>
      <ProjectRelativeFilePath>OwnerConfiguration.cs</ProjectRelativeFilePath>
      <IsIgnored>false</IsIgnored>
    </FileLog>
    <FileLog>
      <ProjectId>3cc11a76-70c7-4139-9ade-d702274229f3</ProjectId>
      <CorrelationId>Intent.EntityFrameworkCore.EntityTypeConfiguration#1cada2f2-b08e-4caf-8505-7bc92f69bab6</CorrelationId>
      <ApplicationRelativeFilePath>../../source/dotnet5-petclinic-rest/PetClinic.Infrastructure/Persistence/Configurations/PetConfiguration.cs</ApplicationRelativeFilePath>
      <ProjectRelativeFilePath>PetConfiguration.cs</ProjectRelativeFilePath>
      <IsIgnored>false</IsIgnored>
    </FileLog>
    <FileLog>
      <ProjectId>3cc11a76-70c7-4139-9ade-d702274229f3</ProjectId>
      <CorrelationId>Intent.EntityFrameworkCore.EntityTypeConfiguration#732f9d1f-cae2-49b5-bbb3-215cbf1b4834</CorrelationId>
      <ApplicationRelativeFilePath>../../source/dotnet5-petclinic-rest/PetClinic.Infrastructure/Persistence/Configurations/PetTypeConfiguration.cs</ApplicationRelativeFilePath>
      <ProjectRelativeFilePath>PetTypeConfiguration.cs</ProjectRelativeFilePath>
      <IsIgnored>false</IsIgnored>
    </FileLog>
    <FileLog>
      <ProjectId>3cc11a76-70c7-4139-9ade-d702274229f3</ProjectId>
      <CorrelationId>Intent.EntityFrameworkCore.EntityTypeConfiguration#2b74779f-48ab-4cd1-8002-097d26dcf584</CorrelationId>
      <ApplicationRelativeFilePath>../../source/dotnet5-petclinic-rest/PetClinic.Infrastructure/Persistence/Configurations/SpecialtyConfiguration.cs</ApplicationRelativeFilePath>
      <ProjectRelativeFilePath>SpecialtyConfiguration.cs</ProjectRelativeFilePath>
      <IsIgnored>false</IsIgnored>
    </FileLog>
    <FileLog>
      <ProjectId>3cc11a76-70c7-4139-9ade-d702274229f3</ProjectId>
      <CorrelationId>Intent.EntityFrameworkCore.EntityTypeConfiguration#62166c3b-8dce-465c-b978-1237cc69b64e</CorrelationId>
      <ApplicationRelativeFilePath>../../source/dotnet5-petclinic-rest/PetClinic.Infrastructure/Persistence/Configurations/VetConfiguration.cs</ApplicationRelativeFilePath>
      <ProjectRelativeFilePath>VetConfiguration.cs</ProjectRelativeFilePath>
      <IsIgnored>false</IsIgnored>
    </FileLog>
    <FileLog>
      <ProjectId>3cc11a76-70c7-4139-9ade-d702274229f3</ProjectId>
      <CorrelationId>Intent.EntityFrameworkCore.EntityTypeConfiguration#83fb9ee9-cd31-473a-bed1-38abaaa122c2</CorrelationId>
      <ApplicationRelativeFilePath>../../source/dotnet5-petclinic-rest/PetClinic.Infrastructure/Persistence/Configurations/VisitConfiguration.cs</ApplicationRelativeFilePath>
      <ProjectRelativeFilePath>VisitConfiguration.cs</ProjectRelativeFilePath>
      <IsIgnored>false</IsIgnored>
    </FileLog>
    <FileLog>
      <ProjectId>486ebca5-5f95-442b-8432-cf675baa9bdb</ProjectId>
      <CorrelationId>Intent.EntityFrameworkCore.DbMigrationsReadMe</CorrelationId>
      <ApplicationRelativeFilePath>../../source/dotnet5-petclinic-rest/PetClinic.Infrastructure/Persistence/MIGRATION_README.txt</ApplicationRelativeFilePath>
      <ProjectRelativeFilePath>MIGRATION_README.txt</ProjectRelativeFilePath>
      <IsIgnored>false</IsIgnored>
    </FileLog>
    <FileLog>
      <ProjectId>a27bace3-6846-4929-a9d5-978bbf5120dc</ProjectId>
      <CorrelationId>Intent.VisualStudio.Projects.CoreLibrary.CSProject#a27bace3-6846-4929-a9d5-978bbf5120dc</CorrelationId>
      <ApplicationRelativeFilePath>../../source/dotnet5-petclinic-rest/PetClinic.Infrastructure/PetClinic.Infrastructure.csproj</ApplicationRelativeFilePath>
      <ProjectRelativeFilePath>PetClinic.Infrastructure.csproj</ProjectRelativeFilePath>
      <IsIgnored>false</IsIgnored>
    </FileLog>
    <FileLog>
      <ProjectId>7a7836f9-5376-42a3-85c5-d7d5d1eaf803</ProjectId>
      <CorrelationId>Intent.EntityFrameworkCore.Repositories.Repository#c5d02993-df1d-4c79-a5e1-d7c0b474aec1</CorrelationId>
      <ApplicationRelativeFilePath>../../source/dotnet5-petclinic-rest/PetClinic.Infrastructure/Repositories/OwnerRepository.cs</ApplicationRelativeFilePath>
      <ProjectRelativeFilePath>OwnerRepository.cs</ProjectRelativeFilePath>
      <IsIgnored>false</IsIgnored>
    </FileLog>
    <FileLog>
      <ProjectId>7a7836f9-5376-42a3-85c5-d7d5d1eaf803</ProjectId>
      <CorrelationId>Intent.EntityFrameworkCore.Repositories.PagedList</CorrelationId>
      <ApplicationRelativeFilePath>../../source/dotnet5-petclinic-rest/PetClinic.Infrastructure/Repositories/PagedList.cs</ApplicationRelativeFilePath>
      <ProjectRelativeFilePath>PagedList.cs</ProjectRelativeFilePath>
      <IsIgnored>false</IsIgnored>
    </FileLog>
    <FileLog>
      <ProjectId>7a7836f9-5376-42a3-85c5-d7d5d1eaf803</ProjectId>
      <CorrelationId>Intent.EntityFrameworkCore.Repositories.Repository#1cada2f2-b08e-4caf-8505-7bc92f69bab6</CorrelationId>
      <ApplicationRelativeFilePath>../../source/dotnet5-petclinic-rest/PetClinic.Infrastructure/Repositories/PetRepository.cs</ApplicationRelativeFilePath>
      <ProjectRelativeFilePath>PetRepository.cs</ProjectRelativeFilePath>
      <IsIgnored>false</IsIgnored>
    </FileLog>
    <FileLog>
      <ProjectId>7a7836f9-5376-42a3-85c5-d7d5d1eaf803</ProjectId>
      <CorrelationId>Intent.EntityFrameworkCore.Repositories.Repository#732f9d1f-cae2-49b5-bbb3-215cbf1b4834</CorrelationId>
      <ApplicationRelativeFilePath>../../source/dotnet5-petclinic-rest/PetClinic.Infrastructure/Repositories/PetTypeRepository.cs</ApplicationRelativeFilePath>
      <ProjectRelativeFilePath>PetTypeRepository.cs</ProjectRelativeFilePath>
      <IsIgnored>false</IsIgnored>
    </FileLog>
    <FileLog>
      <ProjectId>7a7836f9-5376-42a3-85c5-d7d5d1eaf803</ProjectId>
      <CorrelationId>Intent.EntityFrameworkCore.Repositories.RepositoryBase</CorrelationId>
      <ApplicationRelativeFilePath>../../source/dotnet5-petclinic-rest/PetClinic.Infrastructure/Repositories/RepositoryBase.cs</ApplicationRelativeFilePath>
      <ProjectRelativeFilePath>RepositoryBase.cs</ProjectRelativeFilePath>
      <IsIgnored>false</IsIgnored>
    </FileLog>
    <FileLog>
      <ProjectId>7a7836f9-5376-42a3-85c5-d7d5d1eaf803</ProjectId>
      <CorrelationId>Intent.EntityFrameworkCore.Repositories.Repository#2b74779f-48ab-4cd1-8002-097d26dcf584</CorrelationId>
      <ApplicationRelativeFilePath>../../source/dotnet5-petclinic-rest/PetClinic.Infrastructure/Repositories/SpecialtyRepository.cs</ApplicationRelativeFilePath>
      <ProjectRelativeFilePath>SpecialtyRepository.cs</ProjectRelativeFilePath>
      <IsIgnored>false</IsIgnored>
    </FileLog>
    <FileLog>
      <ProjectId>7a7836f9-5376-42a3-85c5-d7d5d1eaf803</ProjectId>
      <CorrelationId>Intent.EntityFrameworkCore.Repositories.Repository#62166c3b-8dce-465c-b978-1237cc69b64e</CorrelationId>
      <ApplicationRelativeFilePath>../../source/dotnet5-petclinic-rest/PetClinic.Infrastructure/Repositories/VetRepository.cs</ApplicationRelativeFilePath>
      <ProjectRelativeFilePath>VetRepository.cs</ProjectRelativeFilePath>
      <IsIgnored>false</IsIgnored>
    </FileLog>
    <FileLog>
      <ProjectId>7a7836f9-5376-42a3-85c5-d7d5d1eaf803</ProjectId>
      <CorrelationId>Intent.EntityFrameworkCore.Repositories.Repository#83fb9ee9-cd31-473a-bed1-38abaaa122c2</CorrelationId>
      <ApplicationRelativeFilePath>../../source/dotnet5-petclinic-rest/PetClinic.Infrastructure/Repositories/VisitRepository.cs</ApplicationRelativeFilePath>
      <ProjectRelativeFilePath>VisitRepository.cs</ProjectRelativeFilePath>
      <IsIgnored>false</IsIgnored>
    </FileLog>
    <FileLog>
      <CorrelationId>Intent.VisualStudio.Projects.VisualStudio2015Solution#d1d71292-3301-45e1-8d83-6b309e115bc0</CorrelationId>
      <ApplicationRelativeFilePath>../../source/dotnet5-petclinic-rest/PetClinic.sln</ApplicationRelativeFilePath>
      <IsIgnored>false</IsIgnored>
    </FileLog>
  </FileLogs>
</outputLog>